Optimized with: EDU.purdue.cs.bloat.optimize.Main -only EDU.purdue.cs.bloat.trans -pre -dce -diva -prop -stack-alloc -peel-loops all -f EDU.purdue.cs.bloat.trans.CompactArrayInitializer ./scratch/optimizedcode
Optimized with: EDU.purdue.cs.bloat.optimize.Main -only EDU.purdue.cs.bloat.trans -pre -dce -diva -prop -stack-alloc -peel-loops all -f EDU.purdue.cs.bloat.trans.CompactArrayInitializer ./scratch/optimizedcode
============================ MMTk Statistics Totals ============================
GC	time.mu	time.gc	refType	scan	finalize	prepare	stacks	root	forward	release	init	finish	old-root	new-root	mods	decs	closure-bt	inc.mu	inc.gc	dec.mu	dec.gc	
254	10207.43	654.71	0.00	11.10	0.00	19.11	14.42	24.96	0.00	207.26	15.48	16.20	11.68	32.30	200.79	49.99	56.28	0	4945599	0	653569	
Total time: 10862.14 ms
------------------------------ End MMTk Statistics -----------------------------
Fast path
1, 0.05, 0.00, 0.00, 0.00,  | 17895K, 0, 0, 0, 
2, 0.02, 0.02, 0.00, 0.00,  | 5597K, 6742K, 0, 0, 
3, 0.53, 0.29, 0.01, 0.00,  | 179M, 96629K, 4763K, 0, 
4, 0.01, 0.01, 0.00, 0.00,  | 2563K, 2280K, 1191K, 895K, 
5, 0.00, 0.00, 0.00, 0.01,  | 1378K, 1554K, 1548K, 3578K, 
6, 0.00, 0.00, 0.00, 0.00,  | 81593, 53672, 59619, 174K, 
7, 0.00, 0.00, 0.00, 0.00,  | 61117, 26767, 195K, 146K, 
8, 0.00, 0.00, 0.00, 0.00,  | 83173, 68972, 82644, 278K, 
9, 0.00, 0.00, 0.00, 0.00,  | 82136, 38694, 77586, 615K, 
10, 0.00, 0.00, 0.00, 0.00,  | 176, 315, 363, 78228, 
11, 0.00, 0.00, 0.00, 0.00,  | 50, 50, 50, 417, 
12, 0.00, 0.00, 0.00, 0.00,  | 91329, 240K, 255K, 1308K, 
13, 0.00, 0.00, 0.00, 0.00,  | 454, 454, 454, 10404, 
14, 0.00, 0.00, 0.00, 0.00,  | 1442, 2062, 2094, 15728, 
18, 0.00, 0.00, 0.00, 0.00,  | 0, 1, 1, 13, 
19, 0.00, 0.00, 0.00, 0.00,  | 31, 31, 31, 574, 
24, 0.00, 0.00, 0.00, 0.00,  | 10765, 10796, 10796, 200K, 
29, 0.00, 0.00, 0.00, 0.00,  | 0, 0, 0, 592, 
32, 0.00, 0.00, 0.00, 0.00,  | 3, 3, 3, 83, 
        ********, 0.00, 0.00, 0.00, 0.00,  | 0, 0, 0, 0, 
        RefArray, 0.01, 0.00, 0.00, 0.01,  | 1863K, 525K, 285K, 4369K, 
           TOTAL, 0.62, 0.32, 0.03, 0.03,  | 208M, 108M, 8474K, 11674K, 
    Scalar TOTAL, 0.63, 0.33, 0.02, 0.02,  | 207M, 107M, 8188K, 7304K, 

Object Slow
1, 0.01, 0.00, 0.00, 0.00,  | 50374, 0, 0, 0, 
2, 0.01, 0.00, 0.00, 0.00,  | 31440, 17555, 0, 0, 
3, 0.01, 0.03, 0.02, 0.00,  | 21224, 103K, 60043, 0, 
4, 0.01, 0.02, 0.02, 0.01,  | 29325, 61669, 72251, 39198, 
5, 0.08, 0.10, 0.08, 0.16,  | 302K, 379K, 289K, 624K, 
6, 0.00, 0.00, 0.00, 0.00,  | 10319, 1388, 81, 17797, 
7, 0.00, 0.00, 0.00, 0.00,  | 1780, 904, 5159, 47, 
8, 0.00, 0.00, 0.00, 0.00,  | 138, 453, 61, 236, 
9, 0.00, 0.00, 0.00, 0.00,  | 224, 16, 25, 17755, 
10, 0.00, 0.00, 0.00, 0.01,  | 9, 74, 6, 43746, 
11, 0.00, 0.00, 0.00, 0.00,  | 16, 16, 0, 48, 
12, 0.02, 0.03, 0.03, 0.10,  | 68491, 116K, 121K, 388K, 
13, 0.00, 0.00, 0.00, 0.00,  | 0, 0, 0, 5364, 
14, 0.00, 0.00, 0.00, 0.00,  | 963, 1245, 1255, 8928, 
19, 0.00, 0.00, 0.00, 0.00,  | 0, 0, 0, 91, 
24, 0.00, 0.00, 0.00, 0.00,  | 0, 0, 0, 46, 
29, 0.00, 0.00, 0.00, 0.00,  | 0, 0, 0, 592, 
32, 0.00, 0.00, 0.00, 0.00,  | 0, 0, 0, 3, 
        ********, 0.00, 0.00, 0.00, 0.00,  | 0, 0, 0, 0, 
        RefArray, 0.02, 0.03, 0.01, 0.18,  | 92736, 104K, 48834, 673K, 
           TOTAL, 0.16, 0.21, 0.16, 0.48,  | 609K, 787K, 598K, 1820K, 
    Scalar TOTAL, 0.18, 0.24, 0.19, 0.40,  | 517K, 683K, 549K, 1146K, 

Field Slow
1, 0.02, 0.00, 0.00, 0.00,  | 27641, 0, 0, 0, 
2, 0.01, 0.00, 0.00, 0.00,  | 13428, 2681, 0, 0, 
3, 0.00, 0.01, 0.03, 0.00,  | 3678, 17081, 51182, 0, 
4, 0.01, 0.00, 0.02, 0.00,  | 15029, 1250, 37792, 7341, 
5, 0.09, 0.12, 0.10, 0.21,  | 153K, 201K, 161K, 354K, 
6, 0.00, 0.00, 0.00, 0.00,  | 2210, 714, 77, 3724, 
7, 0.00, 0.00, 0.00, 0.00,  | 1732, 461, 43, 40, 
8, 0.00, 0.00, 0.00, 0.00,  | 132, 138, 45, 235, 
9, 0.00, 0.00, 0.00, 0.00,  | 113, 16, 17, 280, 
10, 0.00, 0.00, 0.00, 0.00,  | 9, 74, 6, 566, 
11, 0.00, 0.00, 0.00, 0.00,  | 16, 16, 0, 48, 
12, 0.02, 0.03, 0.03, 0.11,  | 28631, 43482, 43592, 181K, 
13, 0.00, 0.00, 0.00, 0.00,  | 0, 0, 0, 2990, 
14, 0.00, 0.00, 0.00, 0.00,  | 369, 254, 254, 1136, 
19, 0.00, 0.00, 0.00, 0.00,  | 0, 0, 0, 71, 
24, 0.00, 0.00, 0.00, 0.00,  | 0, 0, 0, 41, 
29, 0.00, 0.00, 0.00, 0.00,  | 0, 0, 0, 281, 
32, 0.00, 0.00, 0.00, 0.00,  | 0, 0, 0, 2, 
        ********, 0.00, 0.00, 0.00, 0.00,  | 0, 0, 0, 0, 
        RefArray, 0.02, 0.02, 0.02, 0.12,  | 40740, 41500, 27819, 196K, 
           TOTAL, 0.17, 0.19, 0.19, 0.45,  | 287K, 308K, 322K, 749K, 
    Scalar TOTAL, 0.18, 0.20, 0.22, 0.41,  | 246K, 267K, 294K, 553K, 
Array Alloc
27350.00K, 2169.00M
0, 0.30, 0.30, 81134
1, 5.45, 5.74, 0x0016bc9c
2, 0.44, 6.19, 121624
3, 1.04, 7.23, 285252
4, 0.12, 7.35, 32077
5, 2.21, 9.56, 603397
6, 0.38, 9.94, 104965
7, 0.19, 10.13, 52297
8, 0.09, 10.22, 24758
9, 0.05, 10.27, 12573
10, 4.15, 14.42, 0x00115281
11, 0.01, 14.43, 3723
12, 0.01, 14.45, 4039
13, 0.01, 14.46, 3093
14, 0.00, 14.46, 209
15, 0.06, 14.52, 16061
16, 0.63, 15.15, 173291
17, 0.00, 15.15, 1016
18, 0.00, 15.16, 144
19, 0.00, 15.16, 582
20, 0.14, 15.30, 38157
21, 0.00, 15.30, 207
22, 0.02, 15.32, 4781
23, 0.00, 15.32, 115
24, 0.01, 15.32, 1400
25, 0.00, 15.32, 317
26, 0.00, 15.32, 90
27, 0.00, 15.32, 52
28, 0.00, 15.32, 144
29, 0.00, 15.32, 211
30, 0.00, 15.32, 49
31, 0.03, 15.35, 7961
32, 0.00, 15.35, 159
33, 0.01, 15.36, 2661
34, 0.00, 15.36, 26
35, 0.00, 15.36, 183
36, 0.00, 15.36, 24
37, 0.00, 15.36, 249
38, 0.00, 15.37, 226
39, 0.00, 15.37, 46
40, 0.00, 15.37, 1250
41, 0.01, 15.38, 1595
42, 0.00, 15.38, 29
43, 0.00, 15.38, 269
44, 0.00, 15.38, 27
45, 0.00, 15.38, 22
46, 0.00, 15.38, 30
47, 0.00, 15.38, 49
48, 0.00, 15.38, 699
49, 0.00, 15.38, 28
50, 0.00, 15.38, 69
51, 0.00, 15.38, 57
52, 0.00, 15.38, 9
53, 0.00, 15.38, 13
54, 0.00, 15.38, 28
55, 0.00, 15.38, 46
56, 0.00, 15.38, 19
57, 0.00, 15.38, 28
58, 0.00, 15.38, 37
59, 0.00, 15.38, 38
60, 0.00, 15.38, 40
61, 0.00, 15.38, 5
62, 0.00, 15.38, 5
63, 0.02, 15.40, 5668
64, 0.00, 15.40, 30
65, 0.00, 15.40, 8
66, 0.00, 15.40, 5
67, 0.01, 15.41, 1855
68, 0.00, 15.41, 126
69, 0.00, 15.41, 4
70, 0.00, 15.41, 5
71, 0.00, 15.41, 11
72, 0.00, 15.41, 58
73, 0.00, 15.41, 17
74, 0.00, 15.41, 317
75, 0.00, 15.41, 14
76, 0.00, 15.41, 16
77, 0.00, 15.41, 18
78, 0.00, 15.41, 20
79, 0.00, 15.41, 9
80, 0.00, 15.41, 558
81, 0.00, 15.41, 9
82, 0.00, 15.41, 2
83, 0.00, 15.41, 14
84, 0.00, 15.41, 8
85, 0.00, 15.41, 1
86, 0.00, 15.41, 14
87, 0.00, 15.41, 13
88, 0.00, 15.41, 16
89, 0.00, 15.41, 1
91, 0.00, 15.41, 2
92, 0.00, 15.41, 22
93, 0.00, 15.41, 2
94, 0.00, 15.41, 14
95, 0.00, 15.41, 20
96, 0.00, 15.42, 607
97, 0.00, 15.42, 2
98, 0.00, 15.42, 436
99, 0.00, 15.42, 6
100, 0.00, 15.42, 20
101, 0.00, 15.42, 15
102, 0.00, 15.42, 6
103, 0.00, 15.42, 10
104, 0.00, 15.42, 1
105, 0.00, 15.42, 98
106, 0.00, 15.42, 2
107, 0.00, 15.42, 441
108, 0.00, 15.42, 609
109, 0.00, 15.42, 6
110, 0.00, 15.42, 4
111, 0.00, 15.42, 5
112, 0.00, 15.42, 4
113, 0.00, 15.42, 3
114, 0.00, 15.42, 15
115, 0.00, 15.42, 12
116, 0.00, 15.42, 1
117, 0.00, 15.42, 8
118, 0.00, 15.42, 4
119, 0.00, 15.42, 4
120, 0.00, 15.42, 5
121, 0.00, 15.42, 6
122, 0.00, 15.42, 4
123, 0.00, 15.42, 1
124, 0.00, 15.42, 1
125, 0.00, 15.42, 1
127, 0.01, 15.44, 3379
128, 0.00, 15.44, 10
129, 0.00, 15.44, 2
130, 0.00, 15.44, 3
131, 0.00, 15.44, 6
132, 0.00, 15.44, 5
133, 0.00, 15.44, 1
134, 0.00, 15.44, 1
135, 0.00, 15.44, 1157
136, 0.01, 15.45, 2427
138, 0.00, 15.45, 14
140, 0.00, 15.45, 2
141, 0.00, 15.45, 2
142, 0.00, 15.45, 5
144, 0.00, 15.45, 3
145, 0.00, 15.45, 1
146, 0.00, 15.45, 8
147, 0.00, 15.45, 1
148, 0.00, 15.45, 7
149, 0.00, 15.45, 2
151, 0.00, 15.45, 36
152, 0.00, 15.45, 3
153, 0.00, 15.45, 2
154, 0.00, 15.45, 2
155, 0.00, 15.45, 5
156, 0.00, 15.45, 5
158, 0.00, 15.45, 1
159, 0.00, 15.45, 3
160, 0.00, 15.45, 235
161, 0.00, 15.45, 8
162, 0.00, 15.45, 10
163, 0.00, 15.45, 5
165, 0.00, 15.45, 2
166, 0.00, 15.45, 2
167, 0.00, 15.45, 2
168, 0.00, 15.45, 15
169, 0.00, 15.45, 1
170, 0.00, 15.45, 4
171, 0.00, 15.45, 6
172, 0.00, 15.45, 33
173, 0.00, 15.45, 13
174, 0.00, 15.45, 2
175, 0.00, 15.45, 8
176, 0.00, 15.45, 4
177, 0.00, 15.45, 3
178, 0.00, 15.45, 5
179, 0.00, 15.45, 12
180, 0.00, 15.45, 6
181, 0.00, 15.45, 10
182, 0.00, 15.45, 4
183, 0.00, 15.45, 2
184, 0.00, 15.45, 2
186, 0.00, 15.45, 1
190, 0.01, 15.46, 1490
191, 0.00, 15.46, 12
192, 0.00, 15.46, 239
195, 0.00, 15.46, 1
196, 0.00, 15.46, 1
199, 0.00, 15.46, 1
200, 0.00, 15.46, 3
201, 0.00, 15.46, 2
202, 0.00, 15.46, 1
203, 0.00, 15.46, 2
204, 0.00, 15.46, 4
206, 0.00, 15.46, 1
207, 0.00, 15.46, 3
210, 0.00, 15.46, 1
211, 0.00, 15.46, 5
212, 0.00, 15.46, 5
213, 0.00, 15.46, 16
214, 0.00, 15.46, 7
216, 0.00, 15.46, 4
217, 0.00, 15.46, 6
218, 0.00, 15.46, 1
220, 0.00, 15.46, 1
223, 0.00, 15.46, 1
224, 0.00, 15.46, 5
225, 0.00, 15.46, 4
226, 0.00, 15.46, 11
227, 0.00, 15.46, 13
228, 0.00, 15.46, 12
229, 0.00, 15.46, 23
230, 0.00, 15.46, 4
231, 0.00, 15.46, 5
232, 0.00, 15.46, 2
233, 0.00, 15.46, 6
235, 0.00, 15.46, 2
237, 0.00, 15.46, 2
239, 0.00, 15.46, 1
241, 0.00, 15.46, 3
242, 0.00, 15.46, 5
243, 0.00, 15.46, 8
244, 0.00, 15.46, 5
245, 0.00, 15.46, 2
246, 0.00, 15.46, 4
248, 0.00, 15.46, 1
249, 0.00, 15.46, 1
252, 0.00, 15.46, 2
254, 0.00, 15.46, 2
255, 0.01, 15.47, 2122
256, 0.00, 15.47, 6
257, 0.00, 15.47, 6
258, 0.00, 15.47, 2
259, 0.00, 15.47, 6
260, 0.00, 15.47, 8
268, 0.00, 15.47, 1
269, 0.00, 15.47, 5
270, 0.00, 15.47, 5
271, 0.00, 15.47, 775
272, 0.00, 15.47, 2
275, 0.00, 15.47, 6
276, 0.00, 15.47, 14
277, 0.00, 15.47, 9
278, 0.00, 15.47, 25
279, 0.00, 15.47, 13
280, 0.00, 15.47, 23
282, 0.00, 15.47, 13
284, 0.00, 15.47, 11
285, 0.00, 15.47, 9
286, 0.00, 15.47, 2
288, 0.00, 15.47, 1
291, 0.00, 15.47, 308
294, 0.00, 15.47, 9
295, 0.00, 15.47, 4
296, 0.00, 15.47, 4
297, 0.00, 15.47, 3
298, 0.00, 15.47, 1
299, 0.00, 15.47, 1
302, 0.00, 15.47, 12
303, 0.00, 15.47, 17
305, 0.00, 15.47, 1
306, 0.01, 15.48, 1648
307, 0.00, 15.48, 31
315, 0.00, 15.48, 1
317, 0.00, 15.48, 2
318, 0.00, 15.48, 8
319, 0.00, 15.48, 11
320, 0.00, 15.48, 106
322, 0.00, 15.48, 4
324, 0.00, 15.48, 4
325, 0.00, 15.48, 1
326, 0.00, 15.48, 1
327, 0.00, 15.48, 1
328, 0.00, 15.48, 4
329, 0.00, 15.48, 1
330, 0.00, 15.48, 1
333, 0.00, 15.48, 59
336, 0.00, 15.48, 5
341, 0.00, 15.48, 1
345, 0.00, 15.48, 4
347, 0.00, 15.48, 7
348, 0.00, 15.48, 5
350, 0.00, 15.48, 1
351, 0.00, 15.48, 1
354, 0.00, 15.48, 1
356, 0.00, 15.48, 7
357, 0.00, 15.48, 1
358, 0.00, 15.48, 4
359, 0.00, 15.48, 7
361, 0.00, 15.48, 1
363, 0.00, 15.48, 1
364, 0.00, 15.48, 1
366, 0.00, 15.48, 1
367, 0.00, 15.48, 5
368, 0.00, 15.48, 4
376, 0.00, 15.48, 1
378, 0.00, 15.48, 1
380, 0.00, 15.48, 2
383, 0.00, 15.48, 11
384, 0.00, 15.48, 107
386, 0.00, 15.48, 2
387, 0.00, 15.48, 2
389, 0.00, 15.48, 12
391, 0.00, 15.48, 2
399, 0.00, 15.48, 3
402, 0.00, 15.48, 92
403, 0.00, 15.48, 8
404, 0.00, 15.48, 1
413, 0.00, 15.48, 1
429, 0.00, 15.48, 1
446, 0.00, 15.48, 2
457, 0.00, 15.48, 1
462, 0.00, 15.48, 2
465, 0.00, 15.48, 1
480, 0.00, 15.48, 842
484, 0.00, 15.48, 2
485, 0.00, 15.48, 3
486, 0.00, 15.48, 1
487, 0.00, 15.48, 1
488, 0.00, 15.48, 6
490, 0.00, 15.48, 1
511, 0.00, 15.49, 1160
512, 0.00, 15.49, 1
515, 0.00, 15.49, 11
516, 0.00, 15.49, 1
526, 0.00, 15.49, 1
527, 0.00, 15.49, 5
528, 0.00, 15.49, 4
529, 0.00, 15.49, 2
530, 0.00, 15.49, 5
531, 0.00, 15.49, 4
533, 0.00, 15.49, 1
539, 0.00, 15.49, 1
541, 0.00, 15.49, 5
542, 0.00, 15.49, 4
543, 0.00, 15.49, 580
544, 0.00, 15.49, 1
555, 0.00, 15.49, 1
557, 0.00, 15.49, 7
558, 0.00, 15.49, 2
559, 0.00, 15.49, 7
560, 0.00, 15.49, 19
561, 0.00, 15.49, 1
564, 0.00, 15.49, 2
565, 0.00, 15.49, 19
566, 0.00, 15.49, 2
567, 0.00, 15.49, 1
571, 0.00, 15.49, 3
572, 0.00, 15.49, 4
579, 0.00, 15.49, 6
580, 0.00, 15.49, 1
581, 0.00, 15.49, 10
583, 0.00, 15.49, 1
615, 0.00, 15.49, 4
633, 0.00, 15.49, 5
634, 0.00, 15.49, 4
637, 0.00, 15.49, 2
640, 0.00, 15.49, 46
648, 0.00, 15.49, 4
660, 0.00, 15.49, 5
661, 0.00, 15.49, 4
675, 0.00, 15.49, 1
677, 0.00, 15.49, 1
682, 0.00, 15.49, 1
686, 0.00, 15.49, 2
697, 0.00, 15.49, 1
698, 0.00, 15.49, 12
699, 0.00, 15.49, 11
701, 0.00, 15.49, 14
702, 0.00, 15.49, 17
705, 0.00, 15.49, 1
710, 0.00, 15.49, 12
711, 0.00, 15.49, 10
712, 0.00, 15.49, 9
713, 0.00, 15.49, 24
714, 0.00, 15.49, 2
721, 0.00, 15.49, 7
722, 0.00, 15.49, 5
723, 0.00, 15.49, 1
724, 0.00, 15.49, 14
725, 0.00, 15.49, 1
726, 0.00, 15.49, 1
731, 0.00, 15.49, 2
739, 0.00, 15.49, 1
742, 0.00, 15.49, 1
743, 0.00, 15.49, 1
749, 0.00, 15.49, 1
754, 0.00, 15.49, 10
755, 0.00, 15.49, 2
756, 0.00, 15.49, 10
757, 0.00, 15.49, 3
758, 0.00, 15.49, 17
759, 0.00, 15.49, 2
767, 0.00, 15.49, 8
768, 0.00, 15.49, 64
769, 0.00, 15.49, 1
770, 0.00, 15.49, 2
771, 0.00, 15.49, 3
772, 0.00, 15.49, 1
773, 0.00, 15.49, 1
774, 0.00, 15.49, 1
775, 0.00, 15.49, 8
777, 0.00, 15.49, 11
779, 0.00, 15.49, 7
781, 0.00, 15.49, 7
782, 0.00, 15.49, 73
785, 0.00, 15.49, 1
800, 0.00, 15.49, 1
819, 0.00, 15.49, 1
820, 0.00, 15.49, 1
821, 0.00, 15.49, 1
822, 0.00, 15.49, 1
823, 0.00, 15.49, 1
824, 0.00, 15.49, 1
825, 0.00, 15.49, 1
826, 0.00, 15.49, 1
827, 0.00, 15.49, 1
828, 0.00, 15.49, 1
829, 0.00, 15.49, 1
830, 0.00, 15.49, 1
831, 0.00, 15.49, 1
832, 0.00, 15.49, 1
833, 0.00, 15.49, 1
834, 0.00, 15.49, 1
835, 0.00, 15.49, 1
836, 0.00, 15.49, 1
837, 0.00, 15.49, 1
838, 0.00, 15.49, 1
839, 0.00, 15.49, 1
840, 0.00, 15.49, 1
841, 0.00, 15.49, 1
842, 0.00, 15.49, 1
843, 0.00, 15.49, 1
844, 0.00, 15.49, 1
845, 0.00, 15.49, 1
846, 0.00, 15.49, 1
847, 0.00, 15.49, 1
848, 0.00, 15.49, 1
849, 0.00, 15.49, 1
850, 0.00, 15.49, 1
851, 0.00, 15.49, 1
852, 0.00, 15.49, 1
853, 0.00, 15.49, 1
854, 0.00, 15.49, 1
855, 0.00, 15.49, 1
856, 0.00, 15.49, 1
857, 0.00, 15.49, 1
858, 0.00, 15.49, 1
859, 0.00, 15.49, 1
860, 0.00, 15.49, 1
861, 0.00, 15.49, 1
862, 0.00, 15.49, 1
863, 0.00, 15.49, 1
864, 0.00, 15.49, 1
865, 0.00, 15.49, 1
866, 0.00, 15.49, 1
867, 0.00, 15.49, 1
868, 0.00, 15.49, 1
869, 0.00, 15.49, 1
870, 0.00, 15.49, 1
871, 0.00, 15.49, 1
872, 0.00, 15.49, 1
873, 0.00, 15.49, 1
874, 0.00, 15.49, 1
875, 0.00, 15.49, 1
876, 0.00, 15.49, 1
877, 0.00, 15.49, 1
878, 0.00, 15.49, 1
879, 0.00, 15.49, 1
880, 0.00, 15.49, 1
881, 0.00, 15.49, 1
882, 0.00, 15.49, 1
883, 0.00, 15.49, 1
884, 0.00, 15.49, 1
885, 0.00, 15.49, 1
886, 0.00, 15.49, 1
887, 0.00, 15.49, 2
888, 0.00, 15.49, 1
889, 0.00, 15.49, 7
890, 0.00, 15.49, 9
891, 0.00, 15.49, 1
892, 0.00, 15.49, 1
893, 0.00, 15.49, 1
894, 0.00, 15.49, 1
895, 0.00, 15.49, 1
896, 0.00, 15.49, 1
897, 0.00, 15.49, 1
898, 0.00, 15.49, 1
899, 0.00, 15.49, 1
900, 0.00, 15.49, 1
901, 0.00, 15.49, 1
902, 0.00, 15.49, 1
903, 0.00, 15.49, 1
904, 0.00, 15.49, 20
905, 0.00, 15.49, 14
906, 0.00, 15.49, 23
907, 0.00, 15.49, 21
908, 0.00, 15.49, 1
909, 0.00, 15.49, 1
910, 0.00, 15.49, 1
911, 0.00, 15.49, 1
912, 0.00, 15.49, 1
913, 0.00, 15.49, 1
914, 0.00, 15.49, 1
915, 0.00, 15.49, 1
916, 0.00, 15.49, 1
917, 0.00, 15.49, 1
918, 0.00, 15.49, 1
919, 0.00, 15.49, 1
920, 0.00, 15.49, 1
921, 0.00, 15.49, 1
922, 0.00, 15.49, 1
923, 0.00, 15.49, 1
924, 0.00, 15.49, 1
925, 0.00, 15.49, 2
926, 0.00, 15.49, 1
927, 0.00, 15.49, 1
928, 0.00, 15.49, 2
929, 0.00, 15.49, 1
930, 0.00, 15.49, 1
931, 0.00, 15.49, 1
932, 0.00, 15.49, 1
933, 0.00, 15.49, 1
934, 0.00, 15.49, 1
935, 0.00, 15.49, 1
936, 0.00, 15.49, 1
937, 0.00, 15.49, 2
938, 0.00, 15.49, 1
939, 0.00, 15.49, 1
940, 0.00, 15.49, 1
941, 0.00, 15.49, 1
942, 0.00, 15.49, 1
943, 0.00, 15.49, 1
944, 0.00, 15.49, 1
945, 0.00, 15.49, 1
946, 0.00, 15.49, 1
947, 0.00, 15.49, 1
948, 0.00, 15.49, 1
949, 0.00, 15.49, 1
950, 0.00, 15.49, 1
951, 0.00, 15.49, 1
952, 0.00, 15.49, 1
953, 0.00, 15.49, 1
954, 0.00, 15.49, 1
955, 0.00, 15.49, 1
956, 0.00, 15.49, 2
957, 0.00, 15.49, 1
958, 0.00, 15.49, 1
959, 0.00, 15.49, 1
960, 0.00, 15.49, 2
961, 0.00, 15.49, 6
962, 0.00, 15.49, 5
963, 0.00, 15.49, 1
964, 0.00, 15.49, 1
965, 0.00, 15.49, 1
966, 0.00, 15.49, 1
967, 0.00, 15.49, 1
973, 0.00, 15.49, 13
974, 0.00, 15.49, 19
975, 0.00, 15.49, 30
976, 0.00, 15.49, 17
985, 0.00, 15.49, 1
987, 0.00, 15.49, 1
988, 0.00, 15.49, 5
989, 0.00, 15.49, 4
998, 0.00, 15.49, 1
1011, 0.00, 15.49, 1
1013, 0.00, 15.49, 1
1024, 0.00, 15.49, 19
1075, 0.00, 15.49, 2
1081, 0.00, 15.49, 1
1084, 0.00, 15.49, 1
1087, 0.00, 15.49, 368
1089, 0.00, 15.49, 2
1090, 0.00, 15.49, 13
1091, 0.00, 15.49, 13
1092, 0.00, 15.49, 23
1093, 0.00, 15.49, 23
1094, 0.00, 15.49, 17
1095, 0.00, 15.49, 24
1096, 0.00, 15.49, 59
1097, 0.00, 15.49, 51
1099, 0.00, 15.49, 1
1100, 0.00, 15.49, 12
1102, 0.00, 15.49, 23
1103, 0.00, 15.49, 2
1104, 0.00, 15.49, 18
1105, 0.00, 15.49, 7
1106, 0.00, 15.50, 773
1112, 0.00, 15.50, 1
1119, 0.00, 15.50, 18
1121, 0.00, 15.50, 21
1123, 0.00, 15.50, 17
1124, 0.00, 15.50, 7
1125, 0.00, 15.50, 55
1129, 0.00, 15.50, 1
1130, 0.00, 15.50, 6
1131, 0.00, 15.50, 4
1132, 0.00, 15.50, 1
1150, 0.00, 15.50, 25
1152, 0.00, 15.50, 33
1154, 0.00, 15.50, 70
1158, 0.00, 15.50, 1
1246, 0.00, 15.50, 2
1280, 0.00, 15.50, 27
1296, 0.00, 15.50, 2
1339, 0.00, 15.50, 2
1346, 0.00, 15.50, 1
1371, 0.00, 15.50, 1
1378, 0.00, 15.50, 6
1379, 0.00, 15.50, 2
1381, 0.00, 15.50, 1
1384, 0.00, 15.50, 1
1402, 0.00, 15.50, 1
1403, 0.00, 15.50, 2
1414, 0.00, 15.50, 1
1418, 0.00, 15.50, 16
1420, 0.00, 15.50, 19
1422, 0.00, 15.50, 17
1423, 0.00, 15.50, 7
1424, 0.00, 15.50, 100
1431, 0.00, 15.50, 1
1494, 0.00, 15.50, 1
1509, 0.00, 15.50, 5
1510, 0.00, 15.50, 4
1535, 0.00, 15.50, 5
1536, 0.00, 15.50, 17
1583, 0.00, 15.50, 1
1642, 0.00, 15.50, 1
1718, 0.00, 15.50, 6
1719, 0.00, 15.50, 2
1866, 0.00, 15.50, 1
1885, 0.00, 15.50, 1
1886, 0.00, 15.50, 5
1887, 0.00, 15.50, 4
2005, 0.00, 15.50, 1
2020, 0.00, 15.50, 18
2022, 0.00, 15.50, 39
2024, 0.00, 15.50, 27
2026, 0.00, 15.50, 39
2028, 0.00, 15.50, 83
2033, 0.00, 15.50, 1
2048, 0.00, 15.50, 1
2108, 0.00, 15.50, 1
2113, 0.00, 15.50, 14
2114, 0.00, 15.50, 1
2115, 0.00, 15.50, 23
2117, 0.00, 15.50, 17
2118, 0.00, 15.50, 7
2119, 0.00, 15.50, 18
2121, 0.00, 15.50, 66
2123, 0.00, 15.50, 17
2124, 0.00, 15.50, 8
2125, 0.00, 15.50, 68
2127, 0.00, 15.50, 23
2129, 0.00, 15.50, 17
2130, 0.00, 15.50, 7
2131, 0.00, 15.50, 15
2133, 0.00, 15.50, 23
2134, 0.00, 15.50, 1
2135, 0.00, 15.50, 17
2136, 0.00, 15.50, 8
2137, 0.00, 15.50, 101
2149, 0.00, 15.50, 1
2155, 0.00, 15.50, 1
2168, 0.00, 15.50, 12
2170, 0.00, 15.50, 7
2172, 0.00, 15.50, 3
2173, 0.00, 15.50, 7
2174, 0.00, 15.50, 1
2175, 0.00, 15.50, 136
2176, 0.00, 15.50, 1
2177, 0.00, 15.50, 46
2178, 0.00, 15.50, 6
2179, 0.00, 15.50, 45
2183, 0.00, 15.50, 1
2257, 0.00, 15.50, 1
2261, 0.00, 15.50, 1
2302, 0.00, 15.50, 1
2304, 0.00, 15.50, 6
2305, 0.00, 15.50, 12
2307, 0.00, 15.50, 8
2309, 0.00, 15.50, 11
2310, 0.00, 15.50, 7
2311, 0.00, 15.50, 7
2312, 0.00, 15.50, 12
2314, 0.00, 15.50, 39
2316, 0.00, 15.50, 17
2317, 0.00, 15.50, 7
2318, 0.00, 15.50, 113
2330, 0.00, 15.50, 1
2334, 0.00, 15.50, 5
2335, 0.00, 15.50, 4
2355, 0.00, 15.50, 6
2356, 0.00, 15.50, 2
2494, 0.00, 15.50, 1
2506, 0.00, 15.50, 2
2507, 0.00, 15.50, 12
2508, 0.00, 15.50, 4
2509, 0.00, 15.50, 39
2511, 0.00, 15.50, 15
2512, 0.00, 15.50, 12
2514, 0.00, 15.50, 39
2515, 0.00, 15.50, 1
2516, 0.00, 15.50, 89
2518, 0.00, 15.50, 1
2521, 0.00, 15.50, 11
2522, 0.00, 15.50, 21
2523, 0.00, 15.50, 24
2525, 0.00, 15.50, 65
2527, 0.00, 15.50, 17
2528, 0.00, 15.50, 8
2529, 0.00, 15.50, 18
2531, 0.00, 15.50, 64
2533, 0.00, 15.50, 21
2534, 0.00, 15.50, 16
2543, 0.00, 15.50, 1
2550, 0.00, 15.50, 1
2560, 0.00, 15.50, 15
2580, 0.00, 15.50, 1
2592, 0.00, 15.50, 2
2638, 0.00, 15.50, 3
2639, 0.00, 15.50, 1
2641, 0.00, 15.50, 4
2642, 0.00, 15.50, 1
2644, 0.00, 15.50, 1
2659, 0.00, 15.50, 1
2669, 0.00, 15.50, 2
2671, 0.00, 15.50, 14
2673, 0.00, 15.50, 15
2675, 0.00, 15.50, 83
2676, 0.00, 15.50, 21
2678, 0.00, 15.51, 65
2679, 0.00, 15.51, 1
2680, 0.00, 15.51, 19
2683, 0.00, 15.51, 16
2685, 0.00, 15.51, 21
2687, 0.00, 15.51, 18
2688, 0.00, 15.51, 7
2689, 0.00, 15.51, 25
2691, 0.00, 15.51, 21
2693, 0.00, 15.51, 17
2694, 0.00, 15.51, 7
2695, 0.00, 15.51, 124
2707, 0.00, 15.51, 1
2749, 0.00, 15.51, 1
2772, 0.00, 15.51, 1
2806, 0.00, 15.51, 1
2811, 0.00, 15.51, 1
2815, 0.00, 15.51, 1
2828, 0.00, 15.51, 1
2831, 0.00, 15.51, 3
2832, 0.00, 15.51, 12
2834, 0.00, 15.51, 7
2835, 0.00, 15.51, 1
2836, 0.00, 15.51, 3
2837, 0.00, 15.51, 1
2838, 0.00, 15.51, 1
2839, 0.00, 15.51, 6
2840, 0.00, 15.51, 1
2841, 0.00, 15.51, 1
2842, 0.00, 15.51, 1
2843, 0.00, 15.51, 26
2844, 0.00, 15.51, 16
2845, 0.00, 15.51, 6
2846, 0.00, 15.51, 81
2847, 0.00, 15.51, 22
2848, 0.00, 15.51, 7
2849, 0.00, 15.51, 1
2850, 0.00, 15.51, 1
2851, 0.00, 15.51, 6
2852, 0.00, 15.51, 1
2853, 0.00, 15.51, 1
2854, 0.00, 15.51, 1
2855, 0.00, 15.51, 25
2856, 0.00, 15.51, 4
2857, 0.00, 15.51, 6
2858, 0.00, 15.51, 75
2859, 0.00, 15.51, 21
2860, 0.00, 15.51, 4
2863, 0.00, 15.51, 1
2875, 0.00, 15.51, 1
2880, 0.00, 15.51, 1
3046, 0.00, 15.51, 1
3055, 0.00, 15.51, 8
3056, 0.00, 15.51, 1
3057, 0.00, 15.51, 5
3058, 0.00, 15.51, 1
3059, 0.00, 15.51, 6
3060, 0.00, 15.51, 5
3061, 0.00, 15.51, 1
3062, 0.00, 15.51, 7
3063, 0.00, 15.51, 1
3064, 0.00, 15.51, 15
3065, 0.00, 15.51, 2
3066, 0.00, 15.51, 13
3068, 0.00, 15.51, 16
3069, 0.00, 15.51, 12
3070, 0.00, 15.51, 7
3071, 0.00, 15.51, 81
3072, 0.00, 15.51, 1
3074, 0.00, 15.51, 1
3142, 0.00, 15.51, 1
3269, 0.00, 15.51, 1
3298, 0.00, 15.51, 31
3300, 0.00, 15.51, 65
3302, 0.00, 15.51, 17
3303, 0.00, 15.51, 8
3304, 0.00, 15.51, 20
3305, 0.00, 15.51, 1
3306, 0.00, 15.51, 65
3308, 0.00, 15.51, 17
3309, 0.00, 15.51, 8
3310, 0.00, 15.51, 25
3312, 0.00, 15.51, 65
3314, 0.00, 15.51, 17
3315, 0.00, 15.51, 8
3316, 0.00, 15.51, 14
3333, 0.00, 15.51, 1
3373, 0.00, 15.51, 1
4096, 0.00, 15.51, 1
4351, 0.00, 15.51, 69
4405, 0.00, 15.51, 1
4442, 0.00, 15.51, 18
4443, 0.00, 15.51, 51
4445, 0.00, 15.51, 65
4447, 0.00, 15.51, 17
4448, 0.00, 15.51, 8
4449, 0.00, 15.51, 28
4451, 0.00, 15.51, 65
4453, 0.00, 15.51, 17
4454, 0.00, 15.51, 8
4455, 0.00, 15.51, 24
4457, 0.00, 15.51, 65
4459, 0.00, 15.51, 17
4460, 0.00, 15.51, 8
4461, 0.00, 15.51, 15
4463, 0.00, 15.51, 64
4465, 0.00, 15.51, 16
4466, 0.00, 15.51, 5
4467, 0.00, 15.51, 31
4489, 0.00, 15.51, 1
4514, 0.00, 15.51, 1
4522, 0.00, 15.51, 1
4765, 0.00, 15.51, 1
5120, 0.00, 15.51, 6
5123, 0.00, 15.51, 11
5124, 0.00, 15.51, 7
5125, 0.00, 15.51, 20
5126, 0.00, 15.51, 7
5127, 0.00, 15.51, 20
5128, 0.00, 15.51, 7
5129, 0.00, 15.51, 23
5130, 0.00, 15.51, 12
5131, 0.00, 15.51, 21
5132, 0.00, 15.51, 7
5133, 0.00, 15.51, 8
5134, 0.00, 15.51, 3
5135, 0.00, 15.51, 29
5136, 0.00, 15.51, 16
5137, 0.00, 15.51, 13
5138, 0.00, 15.51, 33
5139, 0.00, 15.51, 46
5140, 0.00, 15.51, 22
5141, 0.00, 15.51, 32
5142, 0.00, 15.51, 21
5143, 0.00, 15.51, 24
5144, 0.00, 15.51, 43
5145, 0.00, 15.51, 12
5146, 0.00, 15.51, 20
5147, 0.00, 15.51, 4
5148, 0.00, 15.51, 13
5149, 0.00, 15.51, 17
5150, 0.00, 15.51, 10
5151, 0.00, 15.51, 192
5152, 0.00, 15.51, 23
5153, 0.00, 15.51, 35
5154, 0.00, 15.51, 54
5155, 0.00, 15.51, 6
5156, 0.00, 15.51, 5
5157, 0.00, 15.51, 17
5158, 0.00, 15.51, 15
5159, 0.00, 15.51, 7
5160, 0.00, 15.51, 4
5161, 0.00, 15.51, 6
5162, 0.00, 15.52, 106
5163, 0.00, 15.52, 29
5164, 0.00, 15.52, 25
5165, 0.00, 15.52, 22
5166, 0.00, 15.52, 13
5273, 0.00, 15.52, 1
5278, 0.00, 15.52, 1
5292, 0.00, 15.52, 12
5294, 0.00, 15.52, 7
5296, 0.00, 15.52, 3
5297, 0.00, 15.52, 21
5298, 0.00, 15.52, 17
5299, 0.00, 15.52, 15
5300, 0.00, 15.52, 5
5301, 0.00, 15.52, 11
5304, 0.00, 15.52, 11
5305, 0.00, 15.52, 13
5306, 0.00, 15.52, 14
5309, 0.00, 15.52, 18
5310, 0.00, 15.52, 6
5311, 0.00, 15.52, 5
5312, 0.00, 15.52, 17
5313, 0.00, 15.52, 15
5314, 0.00, 15.52, 5
5315, 0.00, 15.52, 17
5316, 0.00, 15.52, 28
5317, 0.00, 15.52, 6
5318, 0.00, 15.52, 5
5319, 0.00, 15.52, 17
5320, 0.00, 15.52, 15
5321, 0.00, 15.52, 5
5322, 0.00, 15.52, 19
5323, 0.00, 15.52, 30
5324, 0.00, 15.52, 5
5325, 0.00, 15.52, 17
5326, 0.00, 15.52, 15
5327, 0.00, 15.52, 7
5328, 0.00, 15.52, 4
5329, 0.00, 15.52, 6
5330, 0.00, 15.52, 72
5331, 0.00, 15.52, 45
5332, 0.00, 15.52, 22
5333, 0.00, 15.52, 4
5462, 0.00, 15.52, 1
5490, 0.00, 15.52, 8
5491, 0.00, 15.52, 1
5492, 0.00, 15.52, 5
5493, 0.00, 15.52, 1
5494, 0.00, 15.52, 7
5495, 0.00, 15.52, 5
5496, 0.00, 15.52, 1
5497, 0.00, 15.52, 7
5498, 0.00, 15.52, 1
5499, 0.00, 15.52, 15
5500, 0.00, 15.52, 2
5501, 0.00, 15.52, 11
5502, 0.00, 15.52, 1
5503, 0.00, 15.52, 5
5504, 0.00, 15.52, 1
5505, 0.00, 15.52, 6
5506, 0.00, 15.52, 5
5507, 0.00, 15.52, 1
5508, 0.00, 15.52, 7
5509, 0.00, 15.52, 1
5510, 0.00, 15.52, 15
5511, 0.00, 15.52, 2
5512, 0.00, 15.52, 12
5514, 0.00, 15.52, 13
5515, 0.00, 15.52, 7
5516, 0.00, 15.52, 9
5517, 0.00, 15.52, 12
5518, 0.00, 15.52, 7
5519, 0.00, 15.52, 126
5522, 0.00, 15.52, 1
5534, 0.00, 15.52, 1
5562, 0.00, 15.52, 1
6133, 0.00, 15.52, 1
6143, 0.00, 15.52, 1
6219, 0.00, 15.52, 1
6220, 0.00, 15.52, 11
6222, 0.00, 15.52, 7
6224, 0.00, 15.52, 3
6225, 0.00, 15.52, 21
6226, 0.00, 15.52, 17
6227, 0.00, 15.52, 15
6228, 0.00, 15.52, 1
6229, 0.00, 15.52, 6
6230, 0.00, 15.52, 19
6231, 0.00, 15.52, 35
6232, 0.00, 15.52, 5
6233, 0.00, 15.52, 17
6234, 0.00, 15.52, 15
6235, 0.00, 15.52, 5
6236, 0.00, 15.52, 10
6239, 0.00, 15.52, 11
6240, 0.00, 15.52, 13
6241, 0.00, 15.52, 13
6244, 0.00, 15.52, 17
6245, 0.00, 15.52, 6
6246, 0.00, 15.52, 5
6247, 0.00, 15.52, 17
6248, 0.00, 15.52, 111
6250, 0.00, 15.52, 65
6252, 0.00, 15.52, 13
6253, 0.00, 15.52, 6
6254, 0.00, 15.52, 12
6255, 0.00, 15.52, 19
6256, 0.00, 15.52, 19
6257, 0.00, 15.52, 6
6258, 0.00, 15.52, 23
6259, 0.00, 15.52, 31
6260, 0.00, 15.52, 9
6261, 0.00, 15.52, 4
6262, 0.00, 15.52, 15
6263, 0.00, 15.52, 7
6264, 0.00, 15.52, 9
6265, 0.00, 15.52, 5
6341, 0.00, 15.52, 13
6343, 0.00, 15.52, 7
6345, 0.00, 15.52, 3
6346, 0.00, 15.52, 21
6347, 0.00, 15.52, 17
6348, 0.00, 15.52, 15
6349, 0.00, 15.52, 5
6350, 0.00, 15.52, 17
6351, 0.00, 15.52, 26
6352, 0.00, 15.52, 6
6353, 0.00, 15.52, 7
6354, 0.00, 15.52, 4
6355, 0.00, 15.52, 6
6356, 0.00, 15.52, 57
6358, 0.00, 15.52, 65
6360, 0.00, 15.52, 13
6361, 0.00, 15.52, 6
6362, 0.00, 15.52, 22
6363, 0.00, 15.52, 19
6364, 0.00, 15.52, 6
6365, 0.00, 15.52, 7
6366, 0.00, 15.52, 17
6367, 0.00, 15.52, 20
6368, 0.00, 15.52, 7
6369, 0.00, 15.52, 7
6370, 0.00, 15.52, 23
6371, 0.00, 15.52, 19
6372, 0.00, 15.52, 6
6373, 0.00, 15.52, 25
6374, 0.00, 15.52, 31
6375, 0.00, 15.52, 6
6376, 0.00, 15.52, 22
6377, 0.00, 15.52, 19
6378, 0.00, 15.52, 9
6379, 0.00, 15.52, 4
6380, 0.00, 15.52, 16
6381, 0.00, 15.52, 7
6382, 0.00, 15.52, 9
6383, 0.00, 15.52, 22
6384, 0.00, 15.52, 12
6385, 0.00, 15.52, 22
6386, 0.00, 15.52, 5
6460, 0.00, 15.52, 1
6488, 0.00, 15.52, 1
6489, 0.00, 15.52, 1
6566, 0.00, 15.52, 1
6594, 0.00, 15.52, 1
6829, 0.00, 15.52, 1
7121, 0.00, 15.52, 1
7149, 0.00, 15.52, 13
7151, 0.00, 15.52, 7
7153, 0.00, 15.52, 3
7154, 0.00, 15.52, 21
7155, 0.00, 15.52, 17
7156, 0.00, 15.52, 15
7157, 0.00, 15.52, 5
7158, 0.00, 15.52, 10
7161, 0.00, 15.52, 11
7162, 0.00, 15.52, 13
7163, 0.00, 15.52, 13
7166, 0.00, 15.52, 18
7167, 0.00, 15.52, 6
7168, 0.00, 15.52, 7
7169, 0.00, 15.52, 4
7170, 0.00, 15.52, 6
7171, 0.00, 15.52, 60
7173, 0.00, 15.52, 65
7175, 0.00, 15.52, 13
7176, 0.00, 15.52, 6
7177, 0.00, 15.52, 22
7178, 0.00, 15.52, 19
7179, 0.00, 15.52, 6
7180, 0.00, 15.52, 14
7183, 0.00, 15.52, 7
7186, 0.00, 15.52, 12
7187, 0.00, 15.52, 16
7188, 0.00, 15.52, 20
7189, 0.00, 15.52, 7
7190, 0.00, 15.52, 6
7191, 0.00, 15.52, 23
7192, 0.00, 15.52, 19
7193, 0.00, 15.52, 6
7194, 0.00, 15.53, 25
7195, 0.00, 15.53, 31
7196, 0.00, 15.53, 6
7197, 0.00, 15.53, 22
7198, 0.00, 15.53, 19
7199, 0.00, 15.53, 9
7200, 0.00, 15.53, 4
7201, 0.00, 15.53, 16
7202, 0.00, 15.53, 7
7203, 0.00, 15.53, 9
7204, 0.00, 15.53, 34
7205, 0.00, 15.53, 22
7206, 0.00, 15.53, 5
7456, 0.00, 15.53, 1
7484, 0.00, 15.53, 1
7843, 0.00, 15.53, 1
8019, 0.00, 15.53, 1
8192, 0.00, 15.53, 1
8703, 0.00, 15.53, 30
8820, 0.00, 15.53, 11
8821, 0.00, 15.53, 34
8823, 0.00, 15.53, 65
8825, 0.00, 15.53, 17
8826, 0.00, 15.53, 8
8827, 0.00, 15.53, 6
8828, 0.00, 15.53, 8
8829, 0.00, 15.53, 21
8831, 0.00, 15.53, 65
8833, 0.00, 15.53, 17
8834, 0.00, 15.53, 8
8835, 0.00, 15.53, 20
8837, 0.00, 15.53, 65
8839, 0.00, 15.53, 17
8840, 0.00, 15.53, 8
8841, 0.00, 15.53, 18
8843, 0.00, 15.53, 65
8845, 0.00, 15.53, 17
8846, 0.00, 15.53, 8
8847, 0.00, 15.53, 17
8849, 0.00, 15.53, 65
8851, 0.00, 15.53, 17
8852, 0.00, 15.53, 9
8853, 0.00, 15.53, 27
8855, 0.00, 15.53, 65
8857, 0.00, 15.53, 17
8858, 0.00, 15.53, 8
8859, 0.00, 15.53, 7
8860, 0.00, 15.53, 14
8862, 0.00, 15.53, 65
8864, 0.00, 15.53, 17
8865, 0.00, 15.53, 8
8866, 0.00, 15.53, 18
8868, 0.00, 15.53, 65
8870, 0.00, 15.53, 17
8871, 0.00, 15.53, 8
8872, 0.00, 15.53, 22
8893, 0.00, 15.53, 1
8921, 0.00, 15.53, 1
9013, 0.00, 15.53, 1
9803, 0.00, 15.53, 16
9804, 0.00, 15.53, 13
9806, 0.00, 15.53, 10
9808, 0.00, 15.53, 13
9809, 0.00, 15.53, 7
9810, 0.00, 15.53, 28
9812, 0.00, 15.53, 12
9814, 0.00, 15.53, 15
9815, 0.00, 15.53, 7
9816, 0.00, 15.53, 25
9817, 0.00, 15.53, 12
9819, 0.00, 15.53, 8
9821, 0.00, 15.53, 10
9822, 0.00, 15.53, 7
9823, 0.00, 15.53, 20
9824, 0.00, 15.53, 11
9826, 0.00, 15.53, 8
9828, 0.00, 15.53, 10
9829, 0.00, 15.53, 11
9831, 0.00, 15.53, 5
9833, 0.00, 15.53, 22
9834, 0.00, 15.53, 164
9836, 0.00, 15.53, 65
9838, 0.00, 15.53, 17
9839, 0.00, 15.53, 8
9840, 0.00, 15.53, 243
9842, 0.00, 15.53, 65
9844, 0.00, 15.53, 30
9846, 0.00, 15.53, 65
9848, 0.00, 15.53, 51
9850, 0.00, 15.53, 1
9878, 0.00, 15.53, 1
9937, 0.00, 15.53, 13
9939, 0.00, 15.53, 39
9941, 0.00, 15.53, 17
9942, 0.00, 15.53, 7
9943, 0.00, 15.53, 16
9945, 0.00, 15.53, 19
9947, 0.00, 15.53, 17
9948, 0.00, 15.53, 7
9949, 0.00, 15.53, 16
9951, 0.00, 15.53, 23
9953, 0.00, 15.53, 17
9954, 0.00, 15.53, 7
9955, 0.00, 15.53, 5
9956, 0.00, 15.53, 7
9957, 0.00, 15.53, 20
9959, 0.00, 15.53, 39
9961, 0.00, 15.53, 17
9962, 0.00, 15.53, 7
9963, 0.00, 15.53, 5
9964, 0.00, 15.53, 7
9965, 0.00, 15.53, 151
9967, 0.00, 15.53, 65
9969, 0.00, 15.53, 17
9970, 0.00, 15.53, 8
9971, 0.00, 15.53, 6
9972, 0.00, 15.53, 9
9973, 0.00, 15.54, 20
9975, 0.00, 15.54, 65
9977, 0.00, 15.54, 17
9978, 0.00, 15.54, 8
9979, 0.00, 15.54, 6
9980, 0.00, 15.54, 9
9981, 0.00, 15.54, 20
9983, 0.00, 15.54, 65
9985, 0.00, 15.54, 17
9986, 0.00, 15.54, 8
9987, 0.00, 15.54, 6
9988, 0.00, 15.54, 9
9989, 0.00, 15.54, 20
9991, 0.00, 15.54, 65
9993, 0.00, 15.54, 17
9994, 0.00, 15.54, 8
9995, 0.00, 15.54, 6
9996, 0.00, 15.54, 9
9997, 0.00, 15.54, 20
9999, 0.00, 15.54, 65
10001, 0.00, 15.54, 17
10002, 0.00, 15.54, 8
10003, 0.00, 15.54, 6
10004, 0.00, 15.54, 9
10005, 0.00, 15.54, 49
10052, 0.00, 15.54, 1
10080, 0.00, 15.54, 1
10240, 0.00, 15.54, 2
11236, 0.00, 15.54, 1
11941, 0.00, 15.54, 1
12184, 0.00, 15.54, 5
12903, 0.00, 15.54, 1
14116, 0.00, 15.54, 4
14590, 0.00, 15.54, 12
14592, 0.00, 15.54, 7
14594, 0.00, 15.54, 3
14595, 0.00, 15.54, 21
14596, 0.00, 15.54, 17
14597, 0.00, 15.54, 15
14598, 0.00, 15.54, 5
14599, 0.00, 15.54, 5
14600, 0.00, 15.54, 21
14602, 0.00, 15.54, 8
14604, 0.00, 15.54, 3
14605, 0.00, 15.54, 5
14606, 0.00, 15.54, 13
14607, 0.00, 15.54, 10
14608, 0.00, 15.54, 11
14609, 0.00, 15.54, 8
14610, 0.00, 15.54, 7
14611, 0.00, 15.54, 7
14612, 0.00, 15.54, 9
14613, 0.00, 15.54, 6
14614, 0.00, 15.54, 22
14615, 0.00, 15.54, 6
14616, 0.00, 15.54, 7
14617, 0.00, 15.54, 4
14618, 0.00, 15.54, 6
14619, 0.00, 15.54, 13
14621, 0.00, 15.54, 7
14623, 0.00, 15.54, 3
14624, 0.00, 15.54, 21
14625, 0.00, 15.54, 17
14626, 0.00, 15.54, 15
14627, 0.00, 15.54, 5
14628, 0.00, 15.54, 5
14629, 0.00, 15.54, 21
14631, 0.00, 15.54, 8
14633, 0.00, 15.54, 3
14634, 0.00, 15.54, 5
14635, 0.00, 15.54, 13
14636, 0.00, 15.54, 20
14637, 0.00, 15.54, 11
14638, 0.00, 15.54, 8
14639, 0.00, 15.54, 7
14640, 0.00, 15.54, 7
14641, 0.00, 15.54, 9
14642, 0.00, 15.54, 6
14643, 0.00, 15.54, 28
14644, 0.00, 15.54, 6
14645, 0.00, 15.54, 7
14646, 0.00, 15.54, 4
14647, 0.00, 15.54, 6
14648, 0.00, 15.54, 4
14649, 0.00, 15.54, 1
14650, 0.00, 15.54, 1
14651, 0.00, 15.54, 173
14653, 0.00, 15.54, 65
14655, 0.00, 15.54, 13
14656, 0.00, 15.54, 6
14657, 0.00, 15.54, 14
14658, 0.00, 15.54, 9
14659, 0.00, 15.54, 8
14660, 0.00, 15.54, 8
14661, 0.00, 15.54, 7
14662, 0.00, 15.54, 16
14663, 0.00, 15.54, 9
14664, 0.00, 15.54, 8
14665, 0.00, 15.54, 17
14666, 0.00, 15.54, 20
14667, 0.00, 15.54, 7
14668, 0.00, 15.54, 14
14669, 0.00, 15.54, 9
14670, 0.00, 15.54, 9
14671, 0.00, 15.54, 5
14672, 0.00, 15.54, 9
14673, 0.00, 15.54, 7
14674, 0.00, 15.54, 9
14675, 0.00, 15.54, 46
14676, 0.00, 15.54, 13
14677, 0.00, 15.54, 15
14678, 0.00, 15.54, 28
14679, 0.00, 15.54, 28
14681, 0.00, 15.54, 65
14683, 0.00, 15.54, 13
14684, 0.00, 15.54, 6
14685, 0.00, 15.54, 14
14686, 0.00, 15.54, 9
14687, 0.00, 15.54, 8
14688, 0.00, 15.54, 8
14689, 0.00, 15.54, 7
14690, 0.00, 15.54, 16
14691, 0.00, 15.54, 9
14692, 0.00, 15.54, 8
14693, 0.00, 15.54, 17
14694, 0.00, 15.54, 20
14695, 0.00, 15.54, 7
14696, 0.00, 15.54, 14
14697, 0.00, 15.54, 9
14698, 0.00, 15.54, 9
14699, 0.00, 15.54, 5
14700, 0.00, 15.54, 9
14701, 0.00, 15.54, 7
14702, 0.00, 15.54, 9
14703, 0.00, 15.54, 46
14704, 0.00, 15.54, 13
14705, 0.00, 15.54, 15
14706, 0.00, 15.54, 25
14707, 0.00, 15.54, 9
15449, 0.00, 15.54, 1
15477, 0.00, 15.54, 1
16384, 0.00, 15.54, 2
16568, 0.00, 15.54, 13
16570, 0.00, 15.54, 23
16572, 0.00, 15.54, 28
16574, 0.00, 15.54, 21
16576, 0.00, 15.54, 17
16577, 0.00, 15.54, 7
16578, 0.00, 15.54, 5
16579, 0.00, 15.54, 7
16580, 0.00, 15.54, 16
16582, 0.00, 15.54, 2
16584, 0.00, 15.54, 5
16585, 0.00, 15.54, 7
16586, 0.00, 15.54, 5
16587, 0.00, 15.54, 7
16588, 0.00, 15.54, 18
16590, 0.00, 15.54, 23
16592, 0.00, 15.54, 17
16593, 0.00, 15.54, 7
16594, 0.00, 15.54, 5
16595, 0.00, 15.54, 7
16596, 0.00, 15.54, 17
16598, 0.00, 15.54, 21
16600, 0.00, 15.54, 17
16601, 0.00, 15.54, 7
16602, 0.00, 15.54, 5
16603, 0.00, 15.54, 7
16604, 0.00, 15.54, 22
16606, 0.00, 15.54, 23
16608, 0.00, 15.54, 17
16609, 0.00, 15.54, 7
16610, 0.00, 15.54, 5
16611, 0.00, 15.54, 7
16612, 0.00, 15.54, 16
16614, 0.00, 15.54, 19
16616, 0.00, 15.54, 17
16617, 0.00, 15.54, 7
16618, 0.00, 15.54, 5
16619, 0.00, 15.54, 7
16620, 0.00, 15.54, 16
16622, 0.00, 15.54, 23
16624, 0.00, 15.54, 17
16625, 0.00, 15.54, 7
16626, 0.00, 15.54, 197
16628, 0.00, 15.55, 65
16630, 0.00, 15.55, 17
16631, 0.00, 15.55, 8
16632, 0.00, 15.55, 6
16633, 0.00, 15.55, 9
16634, 0.00, 15.55, 122
16636, 0.00, 15.55, 65
16638, 0.00, 15.55, 17
16639, 0.00, 15.55, 8
16640, 0.00, 15.55, 6
16641, 0.00, 15.55, 9
16642, 0.00, 15.55, 20
16644, 0.00, 15.55, 65
16646, 0.00, 15.55, 17
16647, 0.00, 15.55, 8
16648, 0.00, 15.55, 6
16649, 0.00, 15.55, 9
16650, 0.00, 15.55, 20
16652, 0.00, 15.55, 65
16654, 0.00, 15.55, 17
16655, 0.00, 15.55, 8
16656, 0.00, 15.55, 6
16657, 0.00, 15.55, 9
16658, 0.00, 15.55, 20
16660, 0.00, 15.55, 65
16662, 0.00, 15.55, 17
16663, 0.00, 15.55, 8
16664, 0.00, 15.55, 6
16665, 0.00, 15.55, 9
16666, 0.00, 15.55, 20
16668, 0.00, 15.55, 65
16670, 0.00, 15.55, 17
16671, 0.00, 15.55, 8
16672, 0.00, 15.55, 6
16673, 0.00, 15.55, 9
16674, 0.00, 15.55, 20
16676, 0.00, 15.55, 65
16678, 0.00, 15.55, 17
16679, 0.00, 15.55, 8
16680, 0.00, 15.55, 6
16681, 0.00, 15.55, 9
16682, 0.00, 15.55, 172
16779, 0.00, 15.55, 1
16807, 0.00, 15.55, 1
17407, 0.00, 15.55, 6
19165, 0.00, 15.55, 1
21522, 0.00, 15.55, 1
22785, 0.00, 15.55, 12
22787, 0.00, 15.55, 7
22789, 0.00, 15.55, 3
22790, 0.00, 15.55, 21
22791, 0.00, 15.55, 17
22792, 0.00, 15.55, 15
22793, 0.00, 15.55, 5
22794, 0.00, 15.55, 10
22795, 0.00, 15.55, 13
22796, 0.00, 15.55, 26
22797, 0.00, 15.55, 6
22798, 0.00, 15.55, 5
22799, 0.00, 15.55, 17
22800, 0.00, 15.55, 15
22801, 0.00, 15.55, 7
22802, 0.00, 15.55, 4
22803, 0.00, 15.55, 6
22804, 0.00, 15.55, 14
22806, 0.00, 15.55, 8
22808, 0.00, 15.55, 8
22809, 0.00, 15.55, 15
22811, 0.00, 15.55, 8
22813, 0.00, 15.55, 3
22814, 0.00, 15.55, 37
22815, 0.00, 15.55, 17
22816, 0.00, 15.55, 16
22817, 0.00, 15.55, 17
22818, 0.00, 15.55, 31
22819, 0.00, 15.55, 5
22820, 0.00, 15.55, 17
22821, 0.00, 15.55, 15
22822, 0.00, 15.55, 7
22823, 0.00, 15.55, 4
22824, 0.00, 15.55, 6
22825, 0.00, 15.55, 21
22827, 0.00, 15.55, 8
22829, 0.00, 15.55, 3
22830, 0.00, 15.55, 32
22832, 0.00, 15.55, 8
22834, 0.00, 15.55, 3
22835, 0.00, 15.55, 15
22837, 0.00, 15.55, 17
22839, 0.00, 15.55, 17
22841, 0.00, 15.55, 8
22843, 0.00, 15.55, 3
22844, 0.00, 15.55, 6
22846, 0.00, 15.55, 3
22847, 0.00, 15.55, 6
22849, 0.00, 15.55, 3
22850, 0.00, 15.55, 69
22851, 0.00, 15.55, 17
22852, 0.00, 15.55, 38
22853, 0.00, 15.55, 6
22854, 0.00, 15.55, 9
22855, 0.00, 15.55, 13
22856, 0.00, 15.55, 53
22857, 0.00, 15.55, 5
22858, 0.00, 15.55, 17
22859, 0.00, 15.55, 15
22860, 0.00, 15.55, 7
22861, 0.00, 15.55, 4
22862, 0.00, 15.55, 6
22863, 0.00, 15.55, 27
22864, 0.00, 15.55, 6
22865, 0.00, 15.55, 7
22866, 0.00, 15.55, 4
22867, 0.00, 15.55, 6
22868, 0.00, 15.55, 76
22869, 0.00, 15.55, 17
22870, 0.00, 15.55, 35
22871, 0.00, 15.55, 17
22872, 0.00, 15.55, 10
22873, 0.00, 15.55, 17
22874, 0.00, 15.55, 10
22875, 0.00, 15.55, 17
22876, 0.00, 15.55, 33
22877, 0.00, 15.55, 5
22878, 0.00, 15.55, 17
22879, 0.00, 15.55, 15
22880, 0.00, 15.55, 7
22881, 0.00, 15.55, 4
22882, 0.00, 15.55, 6
22883, 0.00, 15.55, 66
22884, 0.00, 15.55, 5
22885, 0.00, 15.55, 17
22886, 0.00, 15.55, 15
22887, 0.00, 15.55, 7
22888, 0.00, 15.55, 4
22889, 0.00, 15.55, 6
22890, 0.00, 15.55, 20
22891, 0.00, 15.55, 5
22892, 0.00, 15.55, 17
22893, 0.00, 15.55, 15
22894, 0.00, 15.55, 7
22895, 0.00, 15.55, 4
22896, 0.00, 15.55, 6
22897, 0.00, 15.55, 20
22898, 0.00, 15.55, 5
22899, 0.00, 15.55, 17
22900, 0.00, 15.55, 15
22901, 0.00, 15.55, 7
22902, 0.00, 15.55, 4
22903, 0.00, 15.55, 6
22904, 0.00, 15.56, 198
22905, 0.00, 15.56, 29
22906, 0.00, 15.56, 26
22907, 0.00, 15.56, 22
22908, 0.00, 15.56, 33
22909, 0.00, 15.56, 22
22910, 0.00, 15.56, 17
22912, 0.00, 15.56, 65
22914, 0.00, 15.56, 13
22915, 0.00, 15.56, 6
22916, 0.00, 15.56, 22
22917, 0.00, 15.56, 31
22918, 0.00, 15.56, 6
22919, 0.00, 15.56, 22
22920, 0.00, 15.56, 19
22921, 0.00, 15.56, 9
22922, 0.00, 15.56, 4
22923, 0.00, 15.56, 16
22924, 0.00, 15.56, 7
22925, 0.00, 15.56, 9
22926, 0.00, 15.56, 33
22927, 0.00, 15.56, 22
22928, 0.00, 15.56, 34
22929, 0.00, 15.56, 22
22930, 0.00, 15.56, 34
22931, 0.00, 15.56, 22
22932, 0.00, 15.56, 34
22933, 0.00, 15.56, 22
22934, 0.00, 15.56, 33
22935, 0.00, 15.56, 22
22936, 0.00, 15.56, 12
23538, 0.00, 15.56, 1
23566, 0.00, 15.56, 1
28233, 0.00, 15.56, 1
34815, 0.00, 15.56, 3
58692, 0.00, 15.56, 1
Scalar Alloc
55307.00K, 1332.00M
0, 3.81, 3.81, 0x00202a53
1, 50.04, 53.85, 0x01a6471f
2, 18.80, 72.64, 0x009e9fe1
3, 18.78, 91.42, 0x009e7b28
4, 4.15, 95.58, 0x00230f83
5, 4.04, 99.61, 0x00221098
6, 0.30, 99.92, 166557
7, 0.21, 100.13, 118871
8, 0.39, 100.52, 214882
9, 0.19, 100.71, 104361
10, 0.04, 100.75, 22573
11, 0.00, 100.75, 2172
12, 0.27, 101.02, 146778
13, 0.00, 101.02, 908
14, 0.00, 101.02, 222
18, 0.00, 101.02, 2
19, 0.00, 101.02, 107
24, 0.04, 101.06, 22885
29, 0.00, 101.06, 18
32, 0.00, 101.06, 587
