<setting up workspace...>
<creating projects..............................................................>
<running tests at level 0...>
<performing build tests...>
	org.apache.ant (not open) opening cleaning building
	org.junit (not open) opening cleaning building
	org.eclipse.osgi (not open) opening cleaning building
<performing type hierarchy tests...>
	Hierarchy: org.eclipse.help.internal HelpPlugin
<performing AST tests...>
	AST creation: org.eclipse.jdt.internal.compiler.parser
<performing completion tests...>
	Completion: Completion>Name>Empty
	Completion: Completion>Name>Empty>No Method
<performing search tests...>
	Searching: indexing
<setting up workspace...>
<creating projects..............................................................>
<running tests at level 0...>
<performing build tests...>
	org.apache.ant (not open) opening cleaning building
	org.junit (not open) opening cleaning building
	org.eclipse.osgi (not open) opening cleaning building
<performing type hierarchy tests...>
	Hierarchy: org.eclipse.help.internal HelpPlugin
<performing AST tests...>
	AST creation: org.eclipse.jdt.internal.compiler.parser
<performing completion tests...>
	Completion: Completion>Name>Empty
	Completion: Completion>Name>Empty>No Method
<performing search tests...>
	Searching: indexing
============================ MMTk Statistics Totals ============================
GC	time.mu	time.gc	refType	scan	finalize	prepare	stacks	root	forward	release	init	finish	old-root	new-root	mods	decs	closure-bt	inc.mu	inc.gc	dec.mu	dec.gc	
305	21702.50	1536.73	0.00	17.12	0.00	53.75	25.63	40.63	0.00	547.96	55.18	24.15	18.30	107.71	420.04	137.19	109.94	0	10377034	0	2195675	
Total time: 23239.24 ms
------------------------------ End MMTk Statistics -----------------------------
Fast path
1, 0.03, 0.00, 0.00, 0.00,  | 5522K, 0, 0, 0, 
2, 0.03, 0.03, 0.00, 0.00,  | 5439K, 6988K, 0, 0, 
3, 0.08, 0.12, 0.05, 0.00,  | 17519K, 24665K, 10138K, 0, 
4, 0.01, 0.01, 0.01, 0.01,  | 2455K, 1959K, 1799K, 1504K, 
5, 0.01, 0.01, 0.02, 0.03,  | 2712K, 2757K, 3561K, 7052K, 
6, 0.00, 0.00, 0.00, 0.00,  | 381K, 379K, 435K, 992K, 
7, 0.00, 0.00, 0.00, 0.01,  | 455K, 381K, 667K, 1423K, 
8, 0.00, 0.00, 0.00, 0.01,  | 142K, 130K, 150K, 2157K, 
9, 0.00, 0.00, 0.00, 0.01,  | 144K, 85443, 233K, 1130K, 
10, 0.00, 0.00, 0.00, 0.00,  | 8173, 6729, 101K, 228K, 
11, 0.00, 0.00, 0.00, 0.01,  | 7529, 233K, 2340, 1292K, 
12, 0.00, 0.00, 0.00, 0.01,  | 189K, 507K, 411K, 2454K, 
13, 0.00, 0.00, 0.00, 0.01,  | 10010, 10429, 846K, 1368K, 
14, 0.00, 0.00, 0.00, 0.00,  | 25907, 23784, 21561, 494K, 
15, 0.00, 0.00, 0.00, 0.02,  | 76769, 1647, 38077, 4802K, 
16, 0.00, 0.00, 0.00, 0.00,  | 5, 9, 5, 139, 
17, 0.00, 0.00, 0.00, 0.00,  | 200, 202, 263, 5274, 
18, 0.00, 0.00, 0.00, 0.00,  | 40, 31200, 11079, 134K, 
19, 0.00, 0.00, 0.00, 0.00,  | 539, 539, 477, 9436, 
22, 0.00, 0.00, 0.00, 0.00,  | 171, 295, 171, 3328, 
23, 0.00, 0.00, 0.00, 0.00,  | 186, 186, 186, 4774, 
24, 0.00, 0.00, 0.00, 0.00,  | 15904, 16133, 16133, 300K, 
25, 0.00, 0.00, 0.00, 0.00,  | 9, 9, 5217, 14052, 
27, 0.00, 0.00, 0.00, 0.00,  | 1, 7, 634, 1705, 
29, 0.00, 0.00, 0.00, 0.00,  | 0, 0, 0, 3022, 
30, 0.00, 0.00, 0.00, 0.00,  | 2, 2, 6, 266, 
32, 0.00, 0.00, 0.00, 0.00,  | 2, 2, 2, 56, 
33, 0.00, 0.00, 0.00, 0.00,  | 248, 124, 124, 2852, 
34, 0.00, 0.00, 0.00, 0.00,  | 434, 248, 186, 5022, 
35, 0.00, 0.00, 0.00, 0.01,  | 18931, 19199, 426K, 1702K, 
43, 0.00, 0.00, 0.00, 0.00,  | 496, 496, 496, 9300, 
44, 0.00, 0.00, 0.00, 0.00,  | 124, 124, 124, 7534, 
45, 0.00, 0.00, 0.00, 0.00,  | 186, 186, 186, 11471, 
        ********, 0.00, 0.00, 0.00, 0.00,  | 0, 0, 0, 0, 
        RefArray, 0.07, 0.06, 0.05, 0.26,  | 15922K, 12284K, 10048K, 56385K, 
           TOTAL, 0.24, 0.24, 0.14, 0.39,  | 51046K, 50478K, 28917K, 83501K, 
    Scalar TOTAL, 0.29, 0.32, 0.16, 0.23,  | 35123K, 38194K, 18869K, 27116K, 

Object Slow
1, 0.01, 0.00, 0.00, 0.00,  | 39074, 0, 0, 0, 
2, 0.07, 0.05, 0.00, 0.00,  | 262K, 213K, 0, 0, 
3, 0.01, 0.01, 0.00, 0.00,  | 25362, 35150, 10286, 0, 
4, 0.01, 0.01, 0.03, 0.02,  | 36605, 41553, 113K, 87803, 
5, 0.06, 0.07, 0.05, 0.14,  | 234K, 293K, 180K, 574K, 
6, 0.00, 0.00, 0.00, 0.01,  | 5134, 456, 806, 35751, 
7, 0.01, 0.01, 0.00, 0.01,  | 38437, 21456, 3036, 23074, 
8, 0.00, 0.00, 0.00, 0.00,  | 1643, 1842, 1871, 4316, 
9, 0.00, 0.00, 0.00, 0.00,  | 111, 42, 92, 3962, 
10, 0.00, 0.00, 0.00, 0.01,  | 154, 190, 6, 27770, 
11, 0.00, 0.00, 0.00, 0.00,  | 2672, 107, 20, 6618, 
12, 0.01, 0.02, 0.02, 0.04,  | 57079, 62292, 60705, 174K, 
13, 0.00, 0.00, 0.00, 0.00,  | 773, 925, 3, 4833, 
14, 0.00, 0.00, 0.00, 0.00,  | 1065, 703, 712, 6418, 
15, 0.00, 0.00, 0.00, 0.04,  | 1311, 23, 7, 150K, 
16, 0.00, 0.00, 0.00, 0.00,  | 0, 1, 0, 7, 
17, 0.00, 0.00, 0.00, 0.00,  | 1, 2, 1, 763, 
18, 0.00, 0.00, 0.00, 0.00,  | 0, 0, 2, 399, 
19, 0.00, 0.00, 0.00, 0.00,  | 0, 0, 0, 277, 
22, 0.00, 0.00, 0.00, 0.00,  | 1, 4, 1, 31, 
24, 0.00, 0.00, 0.00, 0.00,  | 0, 0, 0, 93, 
25, 0.00, 0.00, 0.00, 0.00,  | 0, 0, 5183, 13443, 
27, 0.00, 0.00, 0.00, 0.00,  | 0, 0, 85, 463, 
29, 0.00, 0.00, 0.00, 0.00,  | 0, 0, 0, 3022, 
32, 0.00, 0.00, 0.00, 0.00,  | 0, 0, 0, 2, 
35, 0.00, 0.00, 0.00, 0.00,  | 29, 19, 6315, 16158, 
43, 0.00, 0.00, 0.00, 0.00,  | 0, 0, 0, 2, 
44, 0.00, 0.00, 0.00, 0.00,  | 0, 0, 0, 25, 
        ********, 0.00, 0.00, 0.00, 0.00,  | 0, 0, 0, 0, 
        RefArray, 0.05, 0.04, 0.02, 0.16,  | 189K, 157K, 80670, 656K, 
           TOTAL, 0.22, 0.21, 0.12, 0.45,  | 895K, 829K, 463K, 1791K, 
    Scalar TOTAL, 0.24, 0.23, 0.13, 0.39,  | 706K, 672K, 383K, 1135K, 

Field Slow
1, 0.01, 0.00, 0.00, 0.00,  | 20750, 0, 0, 0, 
2, 0.03, 0.02, 0.00, 0.00,  | 42850, 26763, 0, 0, 
3, 0.01, 0.01, 0.00, 0.00,  | 10580, 9998, 5226, 0, 
4, 0.01, 0.00, 0.01, 0.00,  | 13311, 1381, 20293, 6003, 
5, 0.07, 0.09, 0.06, 0.15,  | 100K, 125K, 89401, 209K, 
6, 0.00, 0.00, 0.00, 0.01,  | 1991, 115, 291, 7315, 
7, 0.01, 0.02, 0.00, 0.02,  | 19758, 21456, 1513, 22934, 
8, 0.00, 0.00, 0.00, 0.00,  | 1630, 1587, 1644, 3564, 
9, 0.00, 0.00, 0.00, 0.00,  | 64, 42, 61, 741, 
10, 0.00, 0.00, 0.00, 0.00,  | 137, 185, 6, 1081, 
11, 0.00, 0.00, 0.00, 0.00,  | 2597, 107, 6, 6391, 
12, 0.01, 0.01, 0.01, 0.04,  | 13691, 10788, 10802, 57283, 
13, 0.00, 0.00, 0.00, 0.00,  | 773, 788, 3, 3777, 
14, 0.00, 0.00, 0.00, 0.00,  | 393, 323, 322, 1311, 
15, 0.00, 0.00, 0.00, 0.00,  | 205, 18, 7, 2391, 
16, 0.00, 0.00, 0.00, 0.00,  | 0, 1, 0, 7, 
17, 0.00, 0.00, 0.00, 0.00,  | 1, 2, 1, 27, 
18, 0.00, 0.00, 0.00, 0.00,  | 0, 0, 2, 375, 
19, 0.00, 0.00, 0.00, 0.00,  | 0, 0, 0, 200, 
22, 0.00, 0.00, 0.00, 0.00,  | 1, 3, 1, 29, 
24, 0.00, 0.00, 0.00, 0.00,  | 0, 0, 0, 86, 
25, 0.00, 0.00, 0.00, 0.00,  | 0, 0, 30, 79, 
27, 0.00, 0.00, 0.00, 0.00,  | 0, 0, 8, 19, 
29, 0.00, 0.00, 0.00, 0.00,  | 0, 0, 0, 1158, 
32, 0.00, 0.00, 0.00, 0.00,  | 0, 0, 0, 2, 
35, 0.00, 0.00, 0.00, 0.00,  | 29, 12, 143, 1379, 
43, 0.00, 0.00, 0.00, 0.00,  | 0, 0, 0, 2, 
44, 0.00, 0.00, 0.00, 0.00,  | 0, 0, 0, 8, 
        ********, 0.00, 0.00, 0.00, 0.00,  | 0, 0, 0, 0, 
        RefArray, 0.02, 0.02, 0.01, 0.31,  | 34415, 31327, 19721, 425K, 
           TOTAL, 0.19, 0.17, 0.11, 0.54,  | 263K, 230K, 149K, 750K, 
    Scalar TOTAL, 0.26, 0.23, 0.15, 0.37,  | 229K, 199K, 129K, 325K, 
Array Alloc
61046.00K, 5593.00M
0, 0.70, 0.70, 427585
1, 8.64, 9.34, 0x005083db
2, 3.41, 12.75, 0x001fc105
3, 1.84, 14.59, 0x0011273c
4, 0.86, 15.45, 524649
5, 3.40, 18.86, 0x001fb1d4
6, 26.88, 45.74, 0x00fa666f
7, 0.52, 46.25, 314473
8, 0.40, 46.66, 245966
9, 0.29, 46.95, 178679
10, 0.66, 47.61, 404743
11, 0.20, 47.82, 124587
12, 0.07, 47.89, 45320
13, 0.09, 47.98, 53548
14, 0.21, 48.19, 127564
15, 0.32, 48.51, 195308
16, 0.65, 49.16, 397726
17, 0.05, 49.21, 32276
18, 0.02, 49.23, 9857
19, 0.01, 49.24, 8016
20, 0.27, 49.51, 167056
21, 0.01, 49.53, 8689
22, 0.09, 49.62, 53362
23, 0.01, 49.62, 4536
24, 0.02, 49.64, 10421
25, 0.01, 49.65, 5843
26, 0.00, 49.65, 3051
27, 0.01, 49.66, 3589
28, 0.01, 49.67, 4162
29, 0.01, 49.67, 3936
30, 0.99, 50.67, 605233
31, 0.00, 50.67, 2725
32, 0.01, 50.68, 7380
33, 0.16, 50.84, 97357
34, 0.01, 50.85, 5387
35, 0.00, 50.85, 2757
36, 0.00, 50.86, 2630
37, 0.00, 50.86, 2472
38, 0.01, 50.87, 4403
39, 0.01, 50.88, 6942
40, 0.05, 50.93, 28673
41, 0.00, 50.93, 1350
42, 0.00, 50.94, 2823
43, 0.00, 50.94, 2173
44, 0.01, 50.95, 4114
45, 0.01, 50.95, 3974
46, 0.00, 50.95, 1135
47, 0.00, 50.96, 1433
48, 0.01, 50.96, 3122
49, 0.02, 50.99, 15052
50, 0.00, 50.99, 1603
51, 0.00, 50.99, 1788
52, 0.00, 51.00, 2611
53, 0.00, 51.00, 728
54, 0.00, 51.00, 1202
55, 0.00, 51.00, 1104
56, 0.00, 51.00, 1230
57, 0.00, 51.01, 1372
58, 0.00, 51.01, 548
59, 0.00, 51.01, 976
60, 0.00, 51.01, 632
61, 0.01, 51.01, 3254
62, 0.00, 51.02, 945
63, 0.00, 51.02, 436
64, 0.00, 51.02, 557
65, 0.00, 51.02, 290
66, 0.00, 51.02, 937
67, 0.01, 51.03, 6053
68, 0.00, 51.03, 422
69, 0.08, 51.11, 48737
70, 0.00, 51.11, 480
71, 0.00, 51.11, 614
72, 0.00, 51.11, 311
73, 0.00, 51.11, 727
74, 0.00, 51.11, 256
75, 0.00, 51.11, 656
76, 0.00, 51.12, 273
77, 0.00, 51.12, 281
78, 0.00, 51.12, 284
79, 0.00, 51.12, 185
80, 0.03, 51.15, 20344
81, 0.00, 51.15, 200
82, 0.00, 51.15, 211
83, 0.00, 51.15, 205
84, 0.00, 51.15, 311
85, 0.00, 51.15, 157
86, 0.00, 51.15, 787
87, 0.00, 51.15, 449
88, 0.00, 51.15, 174
89, 0.00, 51.16, 1557
90, 0.00, 51.16, 125
91, 0.00, 51.16, 200
92, 0.00, 51.16, 184
93, 0.00, 51.16, 138
94, 0.00, 51.16, 507
95, 0.00, 51.16, 242
96, 0.00, 51.16, 1222
97, 0.00, 51.16, 141
98, 0.00, 51.16, 254
99, 0.00, 51.16, 143
100, 0.25, 51.41, 150875
101, 0.01, 51.42, 6351
102, 0.00, 51.42, 484
103, 0.00, 51.42, 140
104, 0.00, 51.42, 141
105, 0.00, 51.42, 1067
106, 0.00, 51.42, 92
107, 0.00, 51.42, 93
108, 0.00, 51.42, 1180
109, 0.00, 51.43, 1811
110, 0.00, 51.43, 102
111, 0.00, 51.43, 101
112, 0.00, 51.43, 131
113, 0.00, 51.43, 114
114, 0.00, 51.43, 104
115, 0.00, 51.43, 260
116, 0.00, 51.43, 127
117, 0.00, 51.43, 540
118, 0.00, 51.43, 85
119, 0.00, 51.43, 120
120, 0.00, 51.43, 118
121, 0.00, 51.43, 85
122, 0.00, 51.43, 297
123, 0.00, 51.43, 58
124, 0.00, 51.43, 193
125, 0.00, 51.43, 59
126, 0.00, 51.43, 314
127, 0.00, 51.43, 148
128, 0.00, 51.43, 89
129, 0.00, 51.43, 127
130, 0.00, 51.43, 52
131, 0.00, 51.43, 94
132, 0.00, 51.43, 68
133, 0.00, 51.43, 72
134, 0.00, 51.43, 81
135, 0.00, 51.44, 2956
136, 0.00, 51.44, 546
137, 0.00, 51.44, 40
138, 0.00, 51.44, 75
139, 0.00, 51.44, 86
140, 0.00, 51.44, 84
141, 0.03, 51.47, 21148
142, 0.00, 51.47, 91
143, 0.00, 51.47, 161
144, 0.00, 51.47, 33
145, 0.00, 51.47, 58
146, 0.00, 51.47, 62
147, 0.00, 51.47, 49
148, 0.00, 51.47, 97
149, 0.00, 51.47, 67
150, 0.00, 51.48, 215
151, 0.00, 51.48, 39
152, 0.00, 51.48, 52
153, 0.00, 51.48, 25
154, 0.00, 51.48, 83
155, 0.00, 51.48, 56
156, 0.00, 51.48, 60
157, 0.00, 51.48, 87
158, 0.00, 51.48, 64
159, 0.00, 51.48, 73
160, 0.02, 51.49, 11365
161, 0.00, 51.49, 54
162, 0.00, 51.49, 42
163, 0.00, 51.50, 69
164, 0.00, 51.50, 1732
165, 0.00, 51.50, 40
166, 0.00, 51.50, 43
167, 0.00, 51.50, 47
168, 0.00, 51.50, 62
169, 0.00, 51.50, 19
170, 0.00, 51.50, 43
171, 0.00, 51.50, 123
172, 0.00, 51.50, 54
173, 0.00, 51.50, 244
174, 0.00, 51.50, 80
175, 0.00, 51.50, 214
176, 0.00, 51.50, 62
177, 0.00, 51.50, 40
178, 0.00, 51.50, 173
179, 0.00, 51.50, 27
180, 0.00, 51.50, 94
181, 0.00, 51.50, 85
182, 0.00, 51.50, 73
183, 0.00, 51.50, 57
184, 0.00, 51.50, 30
185, 0.00, 51.50, 83
186, 0.00, 51.50, 34
187, 0.00, 51.50, 35
188, 0.00, 51.50, 15
189, 0.00, 51.50, 39
190, 0.00, 51.50, 49
191, 0.00, 51.50, 80
192, 0.00, 51.50, 911
193, 0.00, 51.50, 22
194, 0.00, 51.50, 23
195, 0.00, 51.50, 19
196, 0.00, 51.50, 39
197, 0.00, 51.50, 26
198, 0.00, 51.50, 33
199, 0.00, 51.50, 60
200, 0.00, 51.50, 960
201, 0.00, 51.50, 51
202, 0.00, 51.50, 41
203, 0.00, 51.50, 31
204, 0.00, 51.50, 50
205, 0.00, 51.50, 25
206, 0.00, 51.51, 1854
207, 0.00, 51.51, 260
208, 0.00, 51.51, 31
209, 0.00, 51.51, 15
210, 0.00, 51.51, 20
211, 0.00, 51.51, 61
212, 0.00, 51.51, 49
213, 0.00, 51.51, 854
214, 0.00, 51.51, 26
215, 0.00, 51.51, 24
216, 0.00, 51.51, 27
217, 0.00, 51.51, 33
218, 0.00, 51.51, 40
219, 0.00, 51.51, 870
220, 0.00, 51.51, 873
221, 0.00, 51.51, 36
222, 0.00, 51.51, 20
223, 0.00, 51.51, 79
224, 0.00, 51.51, 37
225, 0.00, 51.51, 87
226, 0.00, 51.51, 61
227, 0.00, 51.51, 51
228, 0.00, 51.51, 24
229, 0.00, 51.51, 34
230, 0.00, 51.51, 12
231, 0.00, 51.51, 13
232, 0.00, 51.51, 39
233, 0.00, 51.51, 79
234, 0.00, 51.51, 184
235, 0.00, 51.51, 67
236, 0.00, 51.51, 51
237, 0.00, 51.52, 343
238, 0.00, 51.52, 20
239, 0.00, 51.52, 42
240, 0.00, 51.52, 75
241, 0.00, 51.52, 65
242, 0.00, 51.52, 16
243, 0.00, 51.52, 7
244, 0.00, 51.52, 11
245, 0.00, 51.52, 118
246, 0.00, 51.52, 31
247, 0.00, 51.52, 25
248, 0.00, 51.52, 246
249, 0.00, 51.52, 46
250, 0.00, 51.52, 23
251, 0.00, 51.52, 29
252, 0.00, 51.52, 19
253, 0.00, 51.52, 68
254, 0.00, 51.52, 11
255, 0.00, 51.52, 65
256, 0.00, 51.52, 37
257, 0.00, 51.52, 24
258, 0.00, 51.52, 44
259, 0.00, 51.52, 14
260, 0.00, 51.52, 11
261, 0.00, 51.52, 20
262, 0.00, 51.52, 91
263, 0.00, 51.52, 29
264, 0.00, 51.52, 73
265, 0.00, 51.52, 48
266, 0.00, 51.52, 38
267, 0.00, 51.52, 12
268, 0.00, 51.52, 12
269, 0.00, 51.52, 18
270, 0.00, 51.52, 13
271, 0.00, 51.52, 1760
272, 0.00, 51.52, 14
273, 0.00, 51.52, 14
274, 0.00, 51.52, 10
275, 0.00, 51.52, 3
276, 0.00, 51.52, 484
277, 0.00, 51.52, 5
278, 0.00, 51.52, 9
279, 0.00, 51.52, 37
280, 0.00, 51.52, 14
281, 0.00, 51.52, 6
282, 0.00, 51.52, 48
283, 0.00, 51.52, 68
284, 0.00, 51.52, 6
285, 0.01, 51.53, 6704
286, 0.00, 51.53, 78
287, 0.00, 51.53, 7
288, 0.00, 51.53, 38
289, 0.00, 51.53, 15
290, 0.00, 51.53, 126
291, 0.00, 51.53, 14
292, 0.00, 51.53, 30
293, 0.00, 51.53, 24
294, 0.00, 51.53, 49
295, 0.00, 51.53, 4
296, 0.00, 51.53, 92
297, 0.00, 51.53, 27
298, 0.00, 51.53, 13
299, 0.00, 51.53, 7
300, 0.00, 51.53, 236
301, 0.00, 51.53, 6
302, 0.00, 51.53, 12
303, 0.00, 51.53, 22
304, 0.00, 51.53, 80
305, 0.00, 51.53, 10
306, 0.00, 51.53, 8
307, 0.00, 51.53, 2
308, 0.00, 51.53, 14
309, 0.00, 51.53, 20
310, 0.00, 51.53, 11
311, 0.00, 51.53, 58
312, 0.00, 51.53, 17
313, 0.00, 51.53, 13
314, 0.00, 51.53, 21
315, 0.00, 51.53, 20
316, 0.00, 51.53, 5
317, 0.00, 51.53, 4
318, 0.00, 51.53, 36
319, 0.00, 51.53, 10
320, 0.01, 51.54, 6319
321, 0.00, 51.54, 20
322, 0.00, 51.54, 43
323, 0.00, 51.54, 14
324, 0.00, 51.54, 11
325, 0.00, 51.54, 81
326, 0.00, 51.54, 67
327, 0.00, 51.55, 64
328, 0.00, 51.55, 18
329, 0.00, 51.55, 51
330, 0.00, 51.55, 26
331, 0.00, 51.55, 7
332, 0.00, 51.55, 1334
333, 0.00, 51.55, 24
334, 0.00, 51.55, 6
335, 0.00, 51.55, 5
336, 0.00, 51.55, 30
337, 0.00, 51.55, 65
338, 0.00, 51.55, 64
339, 0.00, 51.55, 35
340, 0.00, 51.55, 8
341, 0.00, 51.55, 4
342, 0.00, 51.55, 16
343, 0.00, 51.55, 34
344, 0.00, 51.55, 43
345, 0.00, 51.55, 35
346, 0.00, 51.55, 70
347, 0.00, 51.55, 59
348, 0.00, 51.55, 11
349, 0.00, 51.55, 149
350, 0.00, 51.55, 22
351, 0.00, 51.55, 41
352, 0.00, 51.55, 6
353, 0.00, 51.55, 32
354, 0.00, 51.55, 38
355, 0.00, 51.55, 25
356, 0.00, 51.55, 13
357, 0.00, 51.55, 28
358, 0.00, 51.55, 14
359, 0.00, 51.55, 10
360, 0.00, 51.55, 142
361, 0.00, 51.55, 4
362, 0.00, 51.55, 127
363, 0.00, 51.55, 7
364, 0.00, 51.55, 20
365, 0.00, 51.55, 11
366, 0.00, 51.55, 53
367, 0.00, 51.55, 43
368, 0.00, 51.55, 73
369, 0.00, 51.55, 18
370, 0.00, 51.55, 30
371, 0.00, 51.55, 80
372, 0.00, 51.55, 49
373, 0.00, 51.55, 2
374, 0.00, 51.55, 42
375, 0.00, 51.55, 20
376, 0.00, 51.55, 5
378, 0.00, 51.55, 8
379, 0.00, 51.55, 16
380, 0.00, 51.55, 1
381, 0.00, 51.55, 19
382, 0.00, 51.55, 5
383, 0.00, 51.55, 32
384, 0.00, 51.55, 143
385, 0.00, 51.55, 5
386, 0.00, 51.55, 5
387, 0.00, 51.55, 6
388, 0.00, 51.55, 275
389, 0.00, 51.55, 42
390, 0.00, 51.55, 5
391, 0.00, 51.55, 15
392, 0.00, 51.55, 17
393, 0.00, 51.55, 4
394, 0.00, 51.55, 3
395, 0.00, 51.55, 25
396, 0.00, 51.55, 6
397, 0.00, 51.55, 2
398, 0.00, 51.55, 11
399, 0.00, 51.55, 6
400, 0.00, 51.55, 79
402, 0.00, 51.55, 38
403, 0.00, 51.55, 3
404, 0.00, 51.55, 52
405, 0.00, 51.55, 1
406, 0.00, 51.55, 5
407, 0.00, 51.55, 23
408, 0.00, 51.55, 15
409, 0.00, 51.55, 15
410, 0.00, 51.55, 3
411, 0.00, 51.55, 6
412, 0.00, 51.55, 19
413, 0.00, 51.55, 100
414, 0.00, 51.55, 11
415, 0.00, 51.55, 11
416, 0.00, 51.55, 527
417, 0.00, 51.55, 158
418, 0.00, 51.55, 7
419, 0.00, 51.55, 7
420, 0.00, 51.55, 36
421, 0.00, 51.55, 7
422, 0.00, 51.55, 23
423, 0.00, 51.55, 5
424, 0.00, 51.55, 5
425, 0.00, 51.55, 25
426, 0.00, 51.55, 6
427, 0.00, 51.55, 3
428, 0.00, 51.55, 1
429, 0.00, 51.55, 646
430, 0.00, 51.55, 44
431, 0.00, 51.55, 5
432, 0.00, 51.55, 5
433, 0.00, 51.55, 36
434, 0.00, 51.55, 39
435, 0.00, 51.55, 7
436, 0.00, 51.55, 30
437, 0.00, 51.55, 36
438, 0.00, 51.55, 20
439, 0.00, 51.55, 4
440, 0.00, 51.55, 35
441, 0.00, 51.55, 23
442, 0.00, 51.55, 2
443, 0.00, 51.55, 57
444, 0.00, 51.56, 722
445, 0.00, 51.56, 32
446, 0.00, 51.56, 33
447, 0.00, 51.56, 12
448, 0.00, 51.56, 14
449, 0.00, 51.56, 17
450, 0.00, 51.56, 51
451, 0.00, 51.56, 2
452, 0.00, 51.56, 1
453, 0.00, 51.56, 4
454, 0.00, 51.56, 2
455, 0.00, 51.56, 1
456, 0.00, 51.56, 10
457, 0.00, 51.56, 37
458, 0.00, 51.56, 25
459, 0.00, 51.56, 10
460, 0.00, 51.56, 14
461, 0.00, 51.56, 2
462, 0.00, 51.56, 57
463, 0.00, 51.56, 2
464, 0.00, 51.56, 2
465, 0.00, 51.56, 2
466, 0.00, 51.56, 27
467, 0.00, 51.56, 1
468, 0.00, 51.56, 1
469, 0.00, 51.56, 19
470, 0.00, 51.56, 24
471, 0.00, 51.56, 16
472, 0.00, 51.56, 142
473, 0.00, 51.56, 33
474, 0.00, 51.56, 10
475, 0.00, 51.56, 4
476, 0.00, 51.56, 1340
477, 0.00, 51.56, 197
479, 0.00, 51.56, 5
480, 0.00, 51.56, 12
481, 0.00, 51.56, 8
482, 0.00, 51.56, 11
483, 0.00, 51.56, 2
484, 0.00, 51.56, 1
485, 0.00, 51.56, 3
486, 0.00, 51.56, 10
487, 0.00, 51.56, 2
489, 0.00, 51.56, 1
490, 0.00, 51.56, 7
491, 0.00, 51.56, 14
492, 0.00, 51.56, 16
493, 0.00, 51.56, 8
495, 0.00, 51.56, 4
498, 0.00, 51.56, 1
499, 0.00, 51.56, 1
500, 0.00, 51.56, 179
501, 0.00, 51.56, 4
502, 0.00, 51.56, 3
503, 0.00, 51.56, 5
504, 0.00, 51.56, 7
505, 0.00, 51.56, 11
506, 0.00, 51.56, 29
507, 0.00, 51.56, 21
508, 0.00, 51.56, 19
509, 0.00, 51.56, 21
510, 0.00, 51.56, 5
511, 0.00, 51.56, 32
512, 0.00, 51.56, 92
513, 0.00, 51.56, 44
514, 0.00, 51.56, 48
515, 0.00, 51.56, 16
516, 0.00, 51.56, 9
517, 0.00, 51.56, 24
518, 0.00, 51.56, 4
519, 0.00, 51.56, 137
521, 0.00, 51.56, 6
522, 0.00, 51.56, 5
523, 0.00, 51.56, 1
524, 0.00, 51.56, 5
525, 0.00, 51.56, 2
526, 0.00, 51.56, 2
527, 0.00, 51.56, 6
528, 0.00, 51.56, 40
529, 0.00, 51.56, 17
530, 0.00, 51.56, 5
531, 0.00, 51.56, 15
532, 0.00, 51.56, 11
533, 0.00, 51.56, 1
534, 0.00, 51.56, 2
535, 0.00, 51.56, 6
536, 0.00, 51.56, 4
537, 0.00, 51.56, 10
538, 0.00, 51.56, 26
539, 0.00, 51.56, 10
540, 0.00, 51.56, 21
541, 0.00, 51.56, 8
542, 0.00, 51.56, 25
543, 0.00, 51.56, 931
544, 0.00, 51.56, 57
545, 0.00, 51.56, 8
546, 0.00, 51.56, 3
547, 0.00, 51.56, 5
548, 0.00, 51.56, 9
549, 0.00, 51.56, 1
550, 0.00, 51.56, 1
551, 0.00, 51.56, 66
552, 0.00, 51.56, 27
555, 0.00, 51.56, 1
556, 0.00, 51.56, 340
557, 0.00, 51.56, 5
558, 0.00, 51.56, 9
559, 0.00, 51.56, 10
560, 0.00, 51.56, 16
561, 0.00, 51.56, 55
562, 0.00, 51.56, 5
563, 0.00, 51.56, 12
564, 0.00, 51.56, 2
565, 0.00, 51.56, 1
566, 0.00, 51.56, 5
567, 0.00, 51.56, 5
570, 0.00, 51.56, 8
572, 0.00, 51.56, 4
573, 0.00, 51.57, 1299
574, 0.00, 51.57, 30
575, 0.00, 51.57, 4
576, 0.00, 51.57, 7
577, 0.00, 51.57, 29
578, 0.00, 51.57, 4
579, 0.00, 51.57, 3
581, 0.00, 51.57, 1
583, 0.00, 51.57, 1
584, 0.00, 51.57, 73
585, 0.00, 51.57, 1
587, 0.00, 51.57, 1
588, 0.00, 51.57, 21
589, 0.00, 51.57, 41
590, 0.00, 51.57, 36
591, 0.00, 51.57, 10
592, 0.00, 51.57, 28
593, 0.00, 51.57, 14
594, 0.00, 51.57, 8
595, 0.00, 51.57, 12
597, 0.00, 51.57, 38
598, 0.00, 51.57, 4
599, 0.00, 51.57, 76
600, 0.00, 51.57, 36
601, 0.00, 51.57, 15
602, 0.00, 51.57, 26
603, 0.00, 51.57, 11
604, 0.00, 51.57, 22
605, 0.00, 51.57, 6
606, 0.00, 51.57, 10
607, 0.00, 51.57, 1
609, 0.00, 51.57, 2
610, 0.00, 51.57, 3
611, 0.00, 51.57, 6
612, 0.00, 51.57, 100
613, 0.00, 51.57, 1
617, 0.00, 51.57, 3
619, 0.00, 51.57, 28
620, 0.00, 51.57, 2
621, 0.00, 51.57, 1
622, 0.00, 51.57, 1
623, 0.00, 51.57, 2
625, 0.00, 51.57, 1
626, 0.00, 51.57, 16
627, 0.00, 51.57, 1
628, 0.00, 51.57, 1
630, 0.00, 51.57, 26
631, 0.00, 51.57, 18
632, 0.00, 51.57, 8
633, 0.00, 51.57, 14
634, 0.00, 51.57, 6
635, 0.00, 51.57, 25
637, 0.00, 51.57, 3
639, 0.00, 51.57, 2
640, 0.00, 51.57, 2809
641, 0.00, 51.57, 1
643, 0.00, 51.57, 2
645, 0.00, 51.57, 2
646, 0.00, 51.57, 1
647, 0.00, 51.57, 23
648, 0.00, 51.57, 8
649, 0.00, 51.57, 10
650, 0.00, 51.57, 7
653, 0.00, 51.57, 3
654, 0.00, 51.57, 8
657, 0.00, 51.57, 3
659, 0.00, 51.57, 11
661, 0.00, 51.57, 39
663, 0.00, 51.57, 48
664, 0.00, 51.57, 23
665, 0.00, 51.57, 24
666, 0.00, 51.57, 13
667, 0.00, 51.57, 15
668, 0.00, 51.57, 842
669, 0.00, 51.57, 5
670, 0.00, 51.57, 1
671, 0.00, 51.57, 24
672, 0.00, 51.57, 22
673, 0.00, 51.57, 24
674, 0.00, 51.57, 21
675, 0.00, 51.57, 10
676, 0.06, 51.64, 37649
678, 0.00, 51.64, 1
681, 0.00, 51.64, 4
682, 0.00, 51.64, 9
688, 0.00, 51.64, 1
691, 0.00, 51.64, 1
693, 0.00, 51.64, 8
694, 0.00, 51.64, 30
695, 0.00, 51.64, 8
696, 0.00, 51.64, 50
697, 0.00, 51.64, 2
698, 0.00, 51.64, 1
700, 0.00, 51.64, 32
701, 0.00, 51.64, 3
702, 0.00, 51.64, 1
703, 0.00, 51.64, 21
704, 0.00, 51.64, 1
705, 0.00, 51.64, 3
706, 0.00, 51.64, 2
707, 0.00, 51.64, 10
709, 0.00, 51.64, 16
710, 0.00, 51.64, 1
711, 0.00, 51.64, 48
713, 0.00, 51.64, 88
715, 0.00, 51.64, 46
716, 0.00, 51.64, 1
719, 0.00, 51.64, 1
720, 0.00, 51.64, 1
721, 0.00, 51.64, 2
722, 0.00, 51.64, 18
723, 0.00, 51.64, 7
724, 0.00, 51.64, 97
725, 0.00, 51.64, 6
727, 0.00, 51.64, 1
729, 0.00, 51.64, 2
730, 0.00, 51.64, 3
731, 0.00, 51.64, 9
733, 0.00, 51.64, 80
736, 0.00, 51.64, 9
737, 0.00, 51.64, 2
738, 0.00, 51.64, 53
739, 0.00, 51.64, 1
740, 0.00, 51.64, 5
741, 0.00, 51.64, 9
742, 0.00, 51.64, 27
743, 0.00, 51.64, 11
744, 0.00, 51.64, 17
745, 0.00, 51.64, 13
746, 0.00, 51.64, 7
747, 0.00, 51.64, 14
748, 0.00, 51.64, 20
749, 0.00, 51.64, 52
750, 0.00, 51.64, 10
751, 0.00, 51.64, 1
752, 0.00, 51.64, 24
753, 0.00, 51.64, 5
755, 0.00, 51.64, 2
757, 0.00, 51.64, 9
758, 0.00, 51.64, 3
761, 0.00, 51.64, 672
764, 0.00, 51.64, 10
766, 0.00, 51.64, 7
767, 0.00, 51.64, 10
768, 0.00, 51.64, 41
769, 0.00, 51.64, 79
771, 0.00, 51.64, 1
772, 0.00, 51.64, 1
773, 0.00, 51.64, 18
774, 0.00, 51.64, 8
775, 0.00, 51.64, 13
776, 0.00, 51.64, 1
777, 0.00, 51.64, 3
778, 0.00, 51.64, 672
779, 0.00, 51.64, 45
780, 0.00, 51.64, 204
781, 0.00, 51.64, 71
783, 0.00, 51.64, 72
784, 0.00, 51.64, 58
785, 0.00, 51.64, 1
786, 0.00, 51.64, 2
787, 0.00, 51.64, 1345
792, 0.00, 51.64, 8
793, 0.00, 51.64, 2
794, 0.00, 51.64, 25
795, 0.00, 51.64, 5
796, 0.00, 51.64, 1
797, 0.00, 51.64, 9
798, 0.00, 51.64, 2
799, 0.00, 51.64, 24
800, 0.00, 51.64, 21
801, 0.00, 51.64, 12
802, 0.00, 51.64, 33
803, 0.00, 51.64, 71
804, 0.00, 51.64, 1
805, 0.00, 51.64, 2
806, 0.00, 51.64, 1
807, 0.00, 51.64, 1
808, 0.00, 51.64, 53
809, 0.00, 51.64, 23
811, 0.00, 51.64, 1
813, 0.00, 51.64, 2
818, 0.00, 51.64, 2
819, 0.00, 51.64, 26
820, 0.00, 51.64, 2
821, 0.00, 51.64, 13
822, 0.00, 51.64, 2
823, 0.00, 51.64, 70
824, 0.00, 51.64, 1
825, 0.00, 51.64, 3
826, 0.00, 51.64, 3
827, 0.00, 51.64, 3
828, 0.00, 51.64, 3
829, 0.00, 51.64, 1
830, 0.00, 51.64, 1
831, 0.00, 51.64, 1
832, 0.00, 51.64, 6
833, 0.00, 51.64, 16
834, 0.00, 51.64, 23
835, 0.00, 51.64, 1
836, 0.00, 51.64, 147
837, 0.00, 51.64, 68
838, 0.00, 51.64, 5
839, 0.00, 51.64, 1
840, 0.00, 51.64, 5
841, 0.00, 51.64, 43
842, 0.00, 51.64, 25
843, 0.00, 51.64, 27
844, 0.00, 51.64, 73
845, 0.00, 51.64, 72
846, 0.00, 51.64, 2
847, 0.00, 51.64, 1
848, 0.00, 51.64, 2
849, 0.00, 51.64, 3
850, 0.00, 51.64, 13
851, 0.00, 51.64, 9
852, 0.00, 51.64, 44
853, 0.00, 51.64, 430
854, 0.00, 51.64, 25
855, 0.00, 51.64, 5
856, 0.00, 51.64, 2
857, 0.00, 51.64, 20
858, 0.00, 51.64, 2
859, 0.00, 51.64, 10
860, 0.00, 51.64, 2
861, 0.00, 51.65, 562
862, 0.00, 51.65, 1
863, 0.00, 51.65, 12
864, 0.00, 51.65, 46
865, 0.00, 51.65, 85
866, 0.00, 51.65, 1
867, 0.00, 51.65, 9
868, 0.00, 51.65, 2
869, 0.00, 51.65, 97
870, 0.00, 51.65, 1
871, 0.00, 51.65, 22
872, 0.00, 51.65, 2
873, 0.00, 51.65, 80
874, 0.00, 51.65, 1
875, 0.00, 51.65, 5
876, 0.00, 51.65, 1
877, 0.00, 51.65, 2
878, 0.00, 51.65, 1
879, 0.00, 51.65, 7
880, 0.00, 51.65, 1
881, 0.00, 51.65, 2
882, 0.00, 51.65, 8
883, 0.00, 51.65, 54
884, 0.00, 51.65, 35
885, 0.00, 51.65, 7
886, 0.00, 51.65, 6
887, 0.00, 51.65, 8
888, 0.00, 51.65, 28
889, 0.00, 51.65, 4
890, 0.00, 51.65, 3
891, 0.00, 51.65, 10
892, 0.00, 51.65, 475
893, 0.00, 51.65, 1
894, 0.00, 51.65, 2
895, 0.00, 51.65, 1
896, 0.00, 51.65, 1
897, 0.00, 51.65, 3
898, 0.00, 51.65, 1
899, 0.00, 51.65, 1
900, 0.00, 51.65, 13
901, 0.00, 51.65, 1
902, 0.00, 51.65, 1
903, 0.00, 51.65, 1
904, 0.00, 51.65, 2
905, 0.00, 51.65, 1
906, 0.00, 51.65, 2
907, 0.00, 51.65, 2
908, 0.00, 51.65, 1
909, 0.00, 51.65, 1
910, 0.00, 51.65, 1
911, 0.00, 51.65, 1
912, 0.00, 51.65, 2
913, 0.00, 51.65, 2
914, 0.00, 51.65, 1
915, 0.00, 51.65, 2
916, 0.00, 51.65, 1
917, 0.00, 51.65, 1
918, 0.00, 51.65, 32
919, 0.00, 51.65, 25
920, 0.00, 51.65, 29
921, 0.00, 51.65, 1
922, 0.00, 51.65, 3
923, 0.00, 51.65, 5
924, 0.00, 51.65, 1
925, 0.00, 51.65, 3
926, 0.00, 51.65, 1
927, 0.00, 51.65, 6
928, 0.00, 51.65, 2
929, 0.00, 51.65, 9
930, 0.00, 51.65, 4
931, 0.00, 51.65, 3
932, 0.00, 51.65, 22
933, 0.00, 51.65, 25
934, 0.00, 51.65, 3
935, 0.00, 51.65, 13
936, 0.00, 51.65, 2
937, 0.00, 51.65, 101
938, 0.00, 51.65, 1
939, 0.00, 51.65, 5
940, 0.00, 51.65, 1
941, 0.00, 51.65, 2
942, 0.00, 51.65, 9
943, 0.00, 51.65, 31
944, 0.00, 51.65, 8
945, 0.00, 51.65, 10
946, 0.00, 51.65, 11
947, 0.00, 51.65, 1
948, 0.00, 51.65, 74
949, 0.00, 51.65, 42
950, 0.00, 51.65, 1
951, 0.00, 51.65, 1
952, 0.00, 51.65, 1
953, 0.00, 51.65, 3
954, 0.00, 51.65, 1
955, 0.00, 51.65, 1
956, 0.00, 51.65, 7
957, 0.00, 51.65, 84
958, 0.00, 51.65, 41
959, 0.00, 51.65, 9
960, 0.00, 51.65, 68
961, 0.00, 51.65, 9
962, 0.00, 51.65, 3
963, 0.00, 51.65, 11
964, 0.00, 51.65, 2
965, 0.00, 51.65, 1
966, 0.00, 51.65, 7
967, 0.00, 51.65, 7
968, 0.00, 51.65, 9
969, 0.00, 51.65, 10
970, 0.00, 51.65, 5
971, 0.00, 51.65, 9
972, 0.00, 51.65, 8
973, 0.00, 51.65, 10
974, 0.00, 51.65, 7
975, 0.00, 51.65, 2
976, 0.00, 51.65, 9
977, 0.00, 51.65, 3
978, 0.00, 51.65, 1
979, 0.00, 51.65, 1
980, 0.00, 51.65, 1
981, 0.00, 51.65, 6
982, 0.00, 51.65, 1
983, 0.00, 51.65, 1
984, 0.00, 51.65, 1
985, 0.00, 51.65, 1
986, 0.00, 51.65, 1
987, 0.00, 51.65, 2
988, 0.00, 51.65, 1
989, 0.00, 51.65, 2
990, 0.00, 51.65, 1
991, 0.00, 51.65, 1
992, 0.00, 51.65, 1
993, 0.00, 51.65, 1
994, 0.00, 51.65, 1
995, 0.00, 51.65, 1
996, 0.00, 51.65, 1
997, 0.00, 51.65, 1
998, 0.00, 51.65, 1
999, 0.00, 51.65, 1
1000, 0.00, 51.65, 18
1001, 0.00, 51.65, 23
1002, 0.00, 51.65, 2
1003, 0.00, 51.65, 3
1004, 0.00, 51.65, 129
1005, 0.00, 51.65, 2
1006, 0.00, 51.65, 2
1007, 0.00, 51.65, 1
1008, 0.00, 51.65, 1
1009, 0.00, 51.65, 2
1010, 0.00, 51.65, 2
1011, 0.00, 51.65, 3
1012, 0.00, 51.65, 30
1013, 0.00, 51.65, 33
1014, 0.00, 51.65, 1
1015, 0.00, 51.65, 2
1016, 0.00, 51.65, 1
1017, 0.00, 51.65, 1
1018, 0.00, 51.65, 2
1019, 0.00, 51.65, 1
1020, 0.00, 51.65, 1
1021, 0.00, 51.65, 1
1022, 0.00, 51.65, 1
1023, 0.00, 51.65, 1
1024, 0.00, 51.65, 108
1025, 0.00, 51.65, 1
1026, 0.00, 51.65, 1
1027, 0.00, 51.65, 1
1028, 0.00, 51.65, 46
1029, 0.00, 51.65, 23
1030, 0.00, 51.65, 23
1031, 0.00, 51.65, 17
1032, 0.00, 51.65, 62
1033, 0.00, 51.65, 10
1034, 0.00, 51.65, 8
1035, 0.00, 51.65, 24
1036, 0.00, 51.65, 3
1037, 0.00, 51.65, 2
1038, 0.00, 51.65, 1
1039, 0.00, 51.65, 2
1040, 0.00, 51.65, 1
1041, 0.00, 51.65, 1
1042, 0.00, 51.65, 9
1043, 0.00, 51.65, 8
1044, 0.00, 51.65, 5
1045, 0.00, 51.65, 1
1046, 0.00, 51.65, 1
1047, 0.00, 51.65, 1
1048, 0.00, 51.65, 22
1049, 0.00, 51.65, 1
1050, 0.00, 51.65, 10
1051, 0.00, 51.65, 22
1052, 0.00, 51.65, 10
1053, 0.00, 51.65, 89
1054, 0.00, 51.65, 30
1055, 0.00, 51.65, 18
1056, 0.00, 51.65, 100
1057, 0.00, 51.65, 22
1058, 0.00, 51.65, 13
1059, 0.00, 51.65, 15
1060, 0.00, 51.65, 34
1061, 0.00, 51.65, 2
1062, 0.00, 51.65, 1
1063, 0.00, 51.65, 1
1064, 0.00, 51.65, 1
1065, 0.00, 51.65, 5
1066, 0.00, 51.65, 1
1067, 0.00, 51.65, 1
1068, 0.00, 51.65, 1
1069, 0.00, 51.65, 1
1070, 0.00, 51.65, 1
1071, 0.00, 51.65, 1
1072, 0.00, 51.65, 2
1073, 0.00, 51.65, 24
1074, 0.00, 51.65, 1
1075, 0.00, 51.65, 10
1076, 0.00, 51.65, 1
1077, 0.00, 51.65, 10
1078, 0.00, 51.65, 75
1079, 0.00, 51.65, 1
1080, 0.00, 51.65, 8
1081, 0.00, 51.65, 26
1082, 0.00, 51.65, 8
1083, 0.00, 51.65, 8
1084, 0.00, 51.65, 11
1085, 0.00, 51.65, 2
1086, 0.00, 51.65, 1
1087, 0.00, 51.65, 383
1088, 0.00, 51.65, 17
1089, 0.00, 51.65, 1
1090, 0.00, 51.65, 2
1091, 0.00, 51.65, 1
1092, 0.00, 51.65, 1
1093, 0.00, 51.65, 1
1094, 0.00, 51.65, 2
1095, 0.00, 51.65, 26
1096, 0.00, 51.65, 2
1097, 0.00, 51.65, 8
1098, 0.00, 51.65, 1
1099, 0.00, 51.65, 11
1100, 0.00, 51.65, 88
1101, 0.00, 51.65, 1
1102, 0.00, 51.65, 1
1103, 0.00, 51.65, 2
1104, 0.00, 51.65, 1
1105, 0.00, 51.65, 1
1106, 0.00, 51.65, 1
1107, 0.00, 51.65, 1
1108, 0.00, 51.65, 1
1109, 0.00, 51.65, 1
1110, 0.00, 51.65, 33
1111, 0.00, 51.65, 2
1112, 0.00, 51.65, 11
1113, 0.00, 51.65, 1
1114, 0.00, 51.65, 86
1115, 0.00, 51.65, 1
1116, 0.00, 51.65, 249
1117, 0.00, 51.65, 1
1118, 0.00, 51.65, 3
1119, 0.00, 51.65, 31
1120, 0.00, 51.65, 1
1121, 0.00, 51.65, 67
1122, 0.00, 51.65, 2
1123, 0.00, 51.65, 10
1124, 0.00, 51.65, 77
1125, 0.00, 51.65, 1
1126, 0.00, 51.65, 1
1127, 0.00, 51.65, 2
1128, 0.00, 51.65, 1
1129, 0.00, 51.65, 1
1130, 0.00, 51.65, 9
1131, 0.00, 51.65, 23
1132, 0.00, 51.65, 1
1133, 0.00, 51.65, 20
1134, 0.00, 51.65, 2
1135, 0.00, 51.65, 82
1136, 0.00, 51.65, 1
1137, 0.00, 51.65, 1
1138, 0.00, 51.65, 10
1139, 0.00, 51.65, 3
1140, 0.00, 51.65, 3
1141, 0.00, 51.65, 35
1142, 0.00, 51.65, 3
1143, 0.00, 51.65, 16
1144, 0.00, 51.65, 11
1145, 0.00, 51.65, 22
1146, 0.00, 51.65, 75
1147, 0.00, 51.65, 2
1148, 0.00, 51.65, 1
1149, 0.00, 51.65, 130
1150, 0.00, 51.65, 1
1151, 0.00, 51.65, 1
1152, 0.00, 51.65, 1
1153, 0.00, 51.65, 1
1154, 0.00, 51.65, 1
1155, 0.00, 51.65, 1
1156, 0.00, 51.65, 1
1157, 0.00, 51.65, 82
1158, 0.00, 51.65, 1
1159, 0.00, 51.65, 3
1160, 0.00, 51.65, 1
1161, 0.00, 51.65, 1
1162, 0.00, 51.65, 2
1163, 0.00, 51.65, 1
1164, 0.00, 51.65, 2
1165, 0.00, 51.65, 3
1166, 0.00, 51.65, 1
1167, 0.00, 51.65, 2
1168, 0.00, 51.65, 3
1169, 0.00, 51.65, 1
1170, 0.00, 51.65, 2
1171, 0.00, 51.65, 1
1172, 0.00, 51.65, 57
1173, 0.00, 51.65, 1
1174, 0.00, 51.65, 1
1175, 0.00, 51.65, 1
1176, 0.00, 51.65, 1
1177, 0.00, 51.65, 1
1178, 0.00, 51.65, 1
1179, 0.00, 51.65, 13
1180, 0.00, 51.65, 1
1181, 0.00, 51.65, 22
1182, 0.00, 51.65, 1
1183, 0.00, 51.65, 99
1184, 0.00, 51.65, 21
1185, 0.00, 51.65, 1
1186, 0.00, 51.65, 11
1187, 0.00, 51.65, 2
1188, 0.00, 51.65, 176
1189, 0.00, 51.65, 9
1190, 0.00, 51.65, 2
1191, 0.00, 51.65, 17
1192, 0.00, 51.65, 4
1193, 0.00, 51.65, 20
1194, 0.00, 51.65, 7
1195, 0.00, 51.65, 6
1196, 0.00, 51.65, 11
1197, 0.00, 51.65, 11
1198, 0.00, 51.65, 2
1199, 0.00, 51.65, 1
1200, 0.00, 51.65, 5
1201, 0.00, 51.65, 48
1202, 0.00, 51.65, 1
1203, 0.00, 51.65, 1
1204, 0.00, 51.65, 1
1205, 0.00, 51.65, 1
1206, 0.00, 51.65, 1
1207, 0.00, 51.65, 1
1208, 0.00, 51.65, 1
1209, 0.00, 51.65, 1
1210, 0.00, 51.65, 1
1211, 0.00, 51.65, 1
1212, 0.00, 51.65, 1
1213, 0.00, 51.65, 1
1214, 0.00, 51.65, 1
1215, 0.00, 51.65, 2
1216, 0.00, 51.65, 11
1217, 0.00, 51.65, 1
1218, 0.00, 51.65, 1
1219, 0.00, 51.65, 2
1220, 0.00, 51.65, 1
1221, 0.00, 51.65, 1
1222, 0.00, 51.65, 1
1223, 0.00, 51.65, 1
1224, 0.00, 51.65, 1
1225, 0.00, 51.65, 2
1226, 0.00, 51.65, 5
1227, 0.00, 51.65, 1
1228, 0.00, 51.65, 33
1229, 0.00, 51.65, 1
1230, 0.00, 51.65, 1
1231, 0.00, 51.65, 1
1232, 0.00, 51.65, 1
1233, 0.00, 51.65, 1
1234, 0.00, 51.65, 1
1235, 0.00, 51.65, 1
1236, 0.00, 51.65, 1
1237, 0.00, 51.65, 2
1238, 0.00, 51.65, 1
1239, 0.00, 51.65, 3
1240, 0.00, 51.65, 1
1241, 0.00, 51.65, 1
1242, 0.00, 51.65, 9
1243, 0.00, 51.65, 1
1244, 0.00, 51.65, 1
1245, 0.00, 51.65, 1
1246, 0.00, 51.65, 1
1247, 0.00, 51.65, 1
1248, 0.00, 51.65, 2
1249, 0.00, 51.65, 1
1250, 0.00, 51.65, 1
1251, 0.00, 51.65, 1
1252, 0.00, 51.65, 1
1253, 0.00, 51.65, 1
1254, 0.00, 51.65, 1
1255, 0.00, 51.65, 1
1256, 0.00, 51.65, 9
1257, 0.00, 51.65, 2
1258, 0.00, 51.65, 1
1259, 0.00, 51.65, 1
1260, 0.00, 51.65, 2
1261, 0.00, 51.65, 7
1262, 0.00, 51.65, 1
1263, 0.00, 51.65, 1
1264, 0.00, 51.65, 1
1265, 0.00, 51.65, 1
1266, 0.00, 51.65, 2
1267, 0.00, 51.65, 1
1268, 0.00, 51.65, 1
1269, 0.00, 51.65, 1
1270, 0.00, 51.65, 11
1271, 0.00, 51.65, 1
1272, 0.00, 51.65, 1
1273, 0.00, 51.65, 1
1274, 0.00, 51.65, 1
1275, 0.00, 51.65, 1
1276, 0.00, 51.65, 1
1277, 0.00, 51.65, 1
1278, 0.00, 51.65, 2
1279, 0.00, 51.65, 1
1280, 0.00, 51.66, 919
1281, 0.00, 51.66, 1
1282, 0.00, 51.66, 40
1283, 0.00, 51.66, 1
1284, 0.00, 51.66, 40
1285, 0.00, 51.66, 1
1286, 0.00, 51.66, 40
1287, 0.00, 51.66, 1
1288, 0.00, 51.66, 139
1289, 0.00, 51.66, 2
1290, 0.00, 51.66, 1
1291, 0.00, 51.66, 2
1292, 0.00, 51.66, 1
1293, 0.00, 51.66, 2
1294, 0.00, 51.66, 4
1295, 0.00, 51.66, 1
1296, 0.00, 51.66, 1
1297, 0.00, 51.66, 2
1298, 0.00, 51.66, 1
1299, 0.00, 51.66, 1
1300, 0.00, 51.66, 9
1301, 0.00, 51.66, 5
1302, 0.00, 51.66, 1
1303, 0.00, 51.66, 1
1304, 0.00, 51.66, 1
1305, 0.00, 51.66, 5
1306, 0.00, 51.66, 45
1307, 0.00, 51.66, 63
1308, 0.00, 51.66, 7
1309, 0.00, 51.66, 41
1310, 0.00, 51.66, 17
1311, 0.00, 51.66, 9
1312, 0.00, 51.66, 88
1313, 0.00, 51.66, 6
1314, 0.00, 51.66, 16
1315, 0.00, 51.66, 4
1316, 0.00, 51.66, 4
1317, 0.00, 51.66, 83
1318, 0.00, 51.66, 11
1319, 0.00, 51.66, 2
1320, 0.00, 51.66, 1
1321, 0.00, 51.66, 1
1322, 0.00, 51.66, 3
1323, 0.00, 51.66, 71
1324, 0.00, 51.66, 12
1325, 0.00, 51.66, 20
1326, 0.00, 51.66, 2
1327, 0.00, 51.66, 66
1328, 0.00, 51.66, 1
1329, 0.00, 51.66, 22
1330, 0.00, 51.66, 4
1331, 0.00, 51.66, 1
1332, 0.00, 51.66, 48
1333, 0.00, 51.66, 1
1334, 0.00, 51.66, 1
1335, 0.00, 51.66, 1
1336, 0.00, 51.66, 15
1337, 0.00, 51.66, 1
1338, 0.00, 51.66, 1
1339, 0.00, 51.66, 1
1340, 0.00, 51.66, 447
1341, 0.00, 51.66, 5
1342, 0.00, 51.66, 3
1343, 0.00, 51.66, 1
1344, 0.00, 51.66, 1
1345, 0.00, 51.66, 1
1346, 0.00, 51.66, 1
1347, 0.00, 51.66, 1
1348, 0.00, 51.66, 1
1349, 0.00, 51.66, 1
1350, 0.00, 51.66, 13
1351, 0.00, 51.66, 2
1352, 0.00, 51.66, 19
1353, 0.00, 51.66, 3
1354, 0.00, 51.66, 18
1355, 0.00, 51.66, 3
1356, 0.00, 51.66, 15
1357, 0.00, 51.66, 1
1358, 0.00, 51.66, 3
1359, 0.00, 51.66, 17
1360, 0.00, 51.66, 1
1361, 0.00, 51.66, 20
1362, 0.00, 51.66, 1
1363, 0.00, 51.66, 15
1364, 0.00, 51.66, 4
1365, 0.00, 51.66, 112
1366, 0.00, 51.66, 1
1367, 0.00, 51.66, 1
1368, 0.00, 51.66, 2
1369, 0.00, 51.66, 2
1370, 0.00, 51.66, 1
1371, 0.00, 51.66, 2
1372, 0.00, 51.66, 1
1373, 0.00, 51.66, 1
1374, 0.00, 51.66, 2
1375, 0.00, 51.66, 1
1376, 0.00, 51.66, 1
1377, 0.00, 51.66, 1
1378, 0.00, 51.66, 2
1379, 0.00, 51.66, 1
1380, 0.00, 51.66, 1
1381, 0.00, 51.66, 1
1382, 0.00, 51.66, 2
1383, 0.00, 51.66, 1
1384, 0.00, 51.66, 1
1385, 0.00, 51.66, 68
1386, 0.00, 51.66, 2
1387, 0.00, 51.66, 66
1388, 0.00, 51.66, 1
1389, 0.00, 51.66, 50
1390, 0.00, 51.66, 31
1391, 0.00, 51.66, 45
1392, 0.00, 51.66, 46
1393, 0.00, 51.66, 25
1394, 0.00, 51.66, 62
1395, 0.00, 51.66, 15
1396, 0.00, 51.66, 123
1397, 0.00, 51.66, 91
1398, 0.00, 51.66, 290
1399, 0.00, 51.66, 9
1400, 0.00, 51.66, 82
1401, 0.00, 51.66, 6
1402, 0.00, 51.66, 95
1403, 0.00, 51.66, 102
1404, 0.00, 51.66, 98
1405, 0.00, 51.66, 33
1406, 0.00, 51.66, 16
1407, 0.00, 51.66, 18
1408, 0.00, 51.66, 6
1409, 0.00, 51.66, 59
1410, 0.00, 51.66, 2
1411, 0.00, 51.66, 315
1412, 0.00, 51.66, 12
1413, 0.00, 51.66, 59
1414, 0.00, 51.66, 3
1415, 0.00, 51.66, 23
1416, 0.00, 51.66, 11
1417, 0.00, 51.66, 16
1418, 0.00, 51.66, 2
1419, 0.00, 51.66, 1
1420, 0.00, 51.66, 1
1421, 0.00, 51.66, 2
1422, 0.00, 51.66, 1
1423, 0.00, 51.66, 1
1424, 0.00, 51.66, 1
1425, 0.00, 51.66, 2
1426, 0.00, 51.66, 1
1427, 0.00, 51.66, 1
1428, 0.00, 51.66, 1
1429, 0.00, 51.66, 1
1430, 0.00, 51.66, 1
1431, 0.00, 51.66, 1
1432, 0.00, 51.66, 1
1433, 0.00, 51.66, 1
1434, 0.00, 51.66, 1
1435, 0.00, 51.66, 1
1436, 0.00, 51.66, 1
1437, 0.00, 51.66, 1
1438, 0.00, 51.66, 1
1439, 0.00, 51.66, 1
1440, 0.00, 51.66, 1
1441, 0.00, 51.66, 1
1442, 0.00, 51.66, 1
1443, 0.00, 51.66, 6
1444, 0.00, 51.66, 1
1445, 0.00, 51.66, 1
1446, 0.00, 51.66, 1
1447, 0.00, 51.66, 1
1448, 0.00, 51.66, 1
1449, 0.00, 51.66, 1
1450, 0.00, 51.66, 1
1451, 0.00, 51.66, 1
1452, 0.00, 51.66, 58
1453, 0.00, 51.66, 2
1454, 0.00, 51.66, 1
1455, 0.00, 51.66, 1
1456, 0.00, 51.66, 1
1457, 0.00, 51.66, 1
1458, 0.00, 51.66, 1
1459, 0.00, 51.66, 2
1460, 0.00, 51.66, 2
1461, 0.00, 51.66, 2
1462, 0.00, 51.66, 1
1463, 0.00, 51.66, 1
1464, 0.00, 51.66, 1
1465, 0.00, 51.66, 3
1466, 0.00, 51.66, 11
1467, 0.00, 51.66, 8
1468, 0.00, 51.66, 9
1469, 0.00, 51.66, 21
1470, 0.00, 51.66, 27
1471, 0.00, 51.66, 9
1472, 0.00, 51.66, 10
1473, 0.00, 51.66, 10
1474, 0.00, 51.66, 45
1475, 0.00, 51.66, 10
1476, 0.00, 51.66, 29
1477, 0.00, 51.66, 23
1478, 0.00, 51.66, 4
1479, 0.00, 51.66, 1
1480, 0.00, 51.66, 9
1481, 0.00, 51.66, 1
1482, 0.00, 51.66, 1
1483, 0.00, 51.66, 1
1484, 0.00, 51.66, 1
1485, 0.00, 51.66, 1
1486, 0.00, 51.66, 1
1487, 0.00, 51.66, 2
1488, 0.00, 51.66, 1
1489, 0.00, 51.66, 1
1490, 0.00, 51.66, 1
1491, 0.00, 51.66, 1
1492, 0.00, 51.66, 1
1493, 0.00, 51.66, 1
1494, 0.00, 51.66, 2
1495, 0.00, 51.66, 2
1496, 0.00, 51.66, 1
1497, 0.00, 51.66, 1
1498, 0.00, 51.66, 2
1499, 0.00, 51.66, 1
1500, 0.00, 51.66, 7
1501, 0.00, 51.66, 4
1502, 0.00, 51.66, 1
1503, 0.00, 51.66, 1
1505, 0.00, 51.66, 2
1508, 0.00, 51.66, 18
1511, 0.00, 51.66, 40
1512, 0.00, 51.66, 1
1516, 0.00, 51.66, 1
1519, 0.00, 51.66, 11
1521, 0.00, 51.66, 7
1523, 0.00, 51.66, 3
1524, 0.00, 51.66, 12
1525, 0.00, 51.66, 5
1526, 0.00, 51.66, 3
1527, 0.00, 51.66, 98
1528, 0.00, 51.66, 89
1529, 0.00, 51.66, 7
1530, 0.00, 51.66, 14
1531, 0.00, 51.66, 24
1532, 0.00, 51.66, 23
1533, 0.00, 51.66, 17
1534, 0.00, 51.66, 11
1535, 0.00, 51.66, 45
1536, 0.00, 51.66, 15
1537, 0.00, 51.66, 7
1538, 0.00, 51.66, 7
1539, 0.00, 51.66, 9
1540, 0.00, 51.66, 7
1541, 0.00, 51.66, 6
1542, 0.00, 51.66, 7
1543, 0.00, 51.66, 9
1544, 0.00, 51.66, 45
1548, 0.00, 51.66, 1
1551, 0.00, 51.66, 2
1554, 0.00, 51.66, 1
1555, 0.00, 51.66, 8
1556, 0.00, 51.66, 7
1557, 0.00, 51.66, 5
1558, 0.00, 51.66, 6
1559, 0.00, 51.66, 8
1560, 0.00, 51.66, 9
1561, 0.00, 51.66, 5
1562, 0.00, 51.66, 107
1563, 0.00, 51.66, 7
1564, 0.00, 51.66, 99
1565, 0.00, 51.66, 11
1569, 0.00, 51.66, 4
1570, 0.00, 51.66, 7
1571, 0.00, 51.66, 4
1572, 0.00, 51.66, 1
1573, 0.00, 51.66, 8
1574, 0.00, 51.66, 89
1575, 0.00, 51.66, 114
1576, 0.00, 51.66, 11
1577, 0.00, 51.66, 52
1578, 0.00, 51.66, 124
1579, 0.00, 51.66, 15
1580, 0.00, 51.66, 11
1581, 0.00, 51.66, 18
1582, 0.00, 51.66, 10
1583, 0.00, 51.66, 13
1587, 0.00, 51.67, 6
1588, 0.00, 51.67, 1
1589, 0.00, 51.67, 4
1590, 0.00, 51.67, 5
1591, 0.00, 51.67, 1
1592, 0.00, 51.67, 20
1593, 0.00, 51.67, 13
1594, 0.00, 51.67, 2
1595, 0.00, 51.67, 7
1596, 0.00, 51.67, 46
1597, 0.00, 51.67, 5
1598, 0.00, 51.67, 9
1599, 0.00, 51.67, 13
1600, 0.00, 51.67, 22
1601, 0.00, 51.67, 5
1602, 0.00, 51.67, 11
1603, 0.00, 51.67, 32
1604, 0.00, 51.67, 14
1607, 0.00, 51.67, 1
1615, 0.00, 51.67, 1
1620, 0.00, 51.67, 17
1622, 0.00, 51.67, 1
1624, 0.00, 51.67, 4
1625, 0.00, 51.67, 10
1626, 0.00, 51.67, 6
1627, 0.00, 51.67, 7
1628, 0.00, 51.67, 1
1629, 0.00, 51.67, 1
1630, 0.00, 51.67, 1
1631, 0.00, 51.67, 1
1632, 0.00, 51.67, 1
1633, 0.00, 51.67, 25
1635, 0.00, 51.67, 1
1636, 0.00, 51.67, 19
1638, 0.00, 51.67, 23
1640, 0.00, 51.67, 29
1642, 0.00, 51.67, 30
1643, 0.00, 51.67, 1
1644, 0.00, 51.67, 127
1646, 0.00, 51.67, 6
1647, 0.00, 51.67, 10
1649, 0.00, 51.67, 7
1650, 0.00, 51.67, 1
1651, 0.00, 51.67, 3
1652, 0.00, 51.67, 7
1653, 0.00, 51.67, 1
1654, 0.00, 51.67, 86
1655, 0.00, 51.67, 10
1662, 0.00, 51.67, 1
1667, 0.00, 51.67, 1
1676, 0.00, 51.67, 28
1677, 0.00, 51.67, 25
1687, 0.00, 51.67, 1
1690, 0.00, 51.67, 8
1691, 0.00, 51.67, 33
1692, 0.00, 51.67, 1
1693, 0.00, 51.67, 67
1695, 0.00, 51.67, 1
1700, 0.00, 51.67, 4
1704, 0.00, 51.67, 29
1705, 0.00, 51.67, 9
1706, 0.00, 51.67, 34
1707, 0.00, 51.67, 75
1708, 0.00, 51.67, 17
1709, 0.00, 51.67, 5
1710, 0.00, 51.67, 17
1711, 0.00, 51.67, 34
1712, 0.00, 51.67, 16
1717, 0.00, 51.67, 1
1724, 0.00, 51.67, 1
1725, 0.00, 51.67, 308
1727, 0.00, 51.67, 1
1730, 0.00, 51.67, 35
1731, 0.00, 51.67, 10
1732, 0.00, 51.67, 87
1733, 0.00, 51.67, 312
1734, 0.00, 51.67, 1
1741, 0.00, 51.67, 19
1742, 0.00, 51.67, 2
1743, 0.00, 51.67, 2
1744, 0.00, 51.67, 5
1745, 0.00, 51.67, 3
1746, 0.00, 51.67, 2
1747, 0.00, 51.67, 7
1748, 0.00, 51.67, 3
1749, 0.00, 51.67, 4
1750, 0.00, 51.67, 3
1751, 0.00, 51.67, 15
1752, 0.00, 51.67, 1
1755, 0.00, 51.67, 1
1756, 0.00, 51.67, 1
1757, 0.00, 51.67, 90
1758, 0.00, 51.67, 1
1777, 0.00, 51.67, 1
1784, 0.00, 51.67, 1
1788, 0.00, 51.67, 265
1795, 0.00, 51.67, 1
1800, 0.00, 51.67, 4
1804, 0.00, 51.67, 1
1817, 0.00, 51.67, 1
1821, 0.00, 51.67, 1
1822, 0.00, 51.67, 3
1826, 0.00, 51.67, 1
1828, 0.00, 51.67, 3
1829, 0.00, 51.67, 24
1831, 0.00, 51.67, 8
1833, 0.00, 51.67, 17
1835, 0.00, 51.67, 8
1836, 0.00, 51.67, 4
1837, 0.00, 51.67, 14
1838, 0.00, 51.67, 2
1839, 0.00, 51.67, 204
1840, 0.00, 51.67, 2
1841, 0.00, 51.67, 1
1842, 0.00, 51.67, 3
1843, 0.00, 51.67, 7
1844, 0.00, 51.67, 30
1845, 0.00, 51.67, 10
1846, 0.00, 51.67, 6
1847, 0.00, 51.67, 14
1848, 0.00, 51.67, 5
1849, 0.00, 51.67, 4
1850, 0.00, 51.67, 24
1851, 0.00, 51.67, 33
1852, 0.00, 51.67, 37
1853, 0.00, 51.67, 5
1854, 0.00, 51.67, 3
1855, 0.00, 51.67, 8
1856, 0.00, 51.67, 10
1857, 0.00, 51.67, 2
1858, 0.00, 51.67, 43
1883, 0.00, 51.67, 1
1896, 0.00, 51.67, 1
1900, 0.00, 51.67, 60
1911, 0.00, 51.67, 1
1912, 0.00, 51.67, 63
1913, 0.00, 51.67, 21
1914, 0.00, 51.67, 2
1915, 0.00, 51.67, 10
1916, 0.00, 51.67, 2
1917, 0.00, 51.67, 27
1918, 0.00, 51.67, 17
1924, 0.00, 51.67, 1
1925, 0.00, 51.67, 1
1929, 0.00, 51.67, 1
1930, 0.00, 51.67, 1
1932, 0.00, 51.67, 1
1939, 0.00, 51.67, 17
1941, 0.00, 51.67, 39
1943, 0.00, 51.67, 23
1944, 0.00, 51.67, 1
1945, 0.00, 51.67, 39
1947, 0.00, 51.67, 75
1953, 0.00, 51.67, 1
1956, 0.00, 51.67, 8
1957, 0.00, 51.67, 1
1966, 0.00, 51.67, 1
1967, 0.00, 51.67, 5
1968, 0.00, 51.67, 9
1969, 0.00, 51.67, 17
1970, 0.00, 51.67, 7
1971, 0.00, 51.67, 1
1973, 0.00, 51.67, 3
1975, 0.00, 51.67, 6
1976, 0.00, 51.67, 13
1977, 0.00, 51.67, 8
1978, 0.00, 51.67, 61
1999, 0.00, 51.67, 1
2000, 0.00, 51.67, 8
2012, 0.00, 51.67, 104
2014, 0.00, 51.67, 3
2020, 0.00, 51.67, 15
2021, 0.00, 51.67, 37
2022, 0.00, 51.67, 3
2023, 0.00, 51.67, 5
2024, 0.00, 51.67, 48
2025, 0.00, 51.67, 9
2026, 0.00, 51.67, 10
2027, 0.00, 51.67, 6
2028, 0.00, 51.67, 6
2029, 0.00, 51.67, 33
2036, 0.00, 51.67, 1
2048, 0.00, 51.67, 1
2049, 0.00, 51.67, 747
2051, 0.00, 51.67, 1
2064, 0.00, 51.67, 1
2066, 0.00, 51.67, 5
2067, 0.00, 51.67, 7
2068, 0.00, 51.67, 23
2069, 0.00, 51.67, 9
2070, 0.00, 51.67, 11
2071, 0.00, 51.67, 28
2072, 0.00, 51.67, 21
2073, 0.00, 51.67, 16
2074, 0.00, 51.67, 14
2075, 0.00, 51.67, 11
2076, 0.00, 51.67, 29
2077, 0.00, 51.67, 24
2078, 0.00, 51.67, 21
2079, 0.00, 51.67, 8
2080, 0.00, 51.67, 7
2081, 0.00, 51.67, 9
2082, 0.00, 51.67, 8
2083, 0.00, 51.67, 6
2084, 0.00, 51.67, 16
2085, 0.00, 51.67, 6
2086, 0.00, 51.67, 7
2087, 0.00, 51.67, 7
2088, 0.00, 51.67, 9
2089, 0.00, 51.67, 7
2090, 0.00, 51.67, 7
2091, 0.00, 51.67, 7
2092, 0.00, 51.67, 9
2093, 0.00, 51.67, 7
2094, 0.00, 51.67, 10
2095, 0.00, 51.67, 6
2096, 0.00, 51.67, 7
2097, 0.00, 51.67, 9
2098, 0.00, 51.67, 62
2100, 0.00, 51.67, 1
2106, 0.00, 51.67, 64
2107, 0.00, 51.67, 10
2108, 0.00, 51.67, 48
2110, 0.00, 51.67, 1
2112, 0.00, 51.67, 1
2117, 0.00, 51.67, 1
2120, 0.00, 51.67, 3
2121, 0.00, 51.67, 5
2122, 0.00, 51.67, 2
2124, 0.00, 51.67, 18
2130, 0.00, 51.67, 22
2131, 0.00, 51.67, 1
2132, 0.00, 51.67, 1
2133, 0.00, 51.67, 8
2134, 0.00, 51.67, 1
2135, 0.00, 51.67, 1
2136, 0.00, 51.67, 13
2137, 0.00, 51.67, 25
2138, 0.00, 51.67, 14
2140, 0.00, 51.67, 31
2141, 0.00, 51.67, 7
2142, 0.00, 51.67, 41
2143, 0.00, 51.67, 92
2145, 0.00, 51.67, 1
2152, 0.00, 51.67, 1
2159, 0.00, 51.67, 1
2160, 0.00, 51.67, 17
2161, 0.00, 51.67, 12
2162, 0.00, 51.67, 28
2163, 0.00, 51.67, 67
2165, 0.00, 51.67, 3
2166, 0.00, 51.67, 63
2167, 0.00, 51.67, 3
2168, 0.00, 51.67, 3
2169, 0.00, 51.67, 95
2170, 0.00, 51.67, 82
2173, 0.00, 51.67, 6
2175, 0.00, 51.67, 172
2180, 0.00, 51.67, 16
2186, 0.00, 51.67, 1
2187, 0.00, 51.67, 1
2188, 0.00, 51.67, 1
2191, 0.00, 51.67, 1
2198, 0.00, 51.67, 1
2199, 0.00, 51.67, 1
2200, 0.00, 51.67, 13
2201, 0.00, 51.67, 1
2202, 0.00, 51.67, 8
2203, 0.00, 51.67, 18
2204, 0.00, 51.67, 1
2205, 0.00, 51.67, 3
2206, 0.00, 51.67, 40
2207, 0.00, 51.67, 5
2208, 0.00, 51.67, 18
2209, 0.00, 51.67, 7
2210, 0.00, 51.67, 29
2211, 0.00, 51.67, 28
2212, 0.00, 51.67, 80
2213, 0.00, 51.67, 29
2214, 0.00, 51.67, 27
2215, 0.00, 51.67, 6
2216, 0.00, 51.67, 2
2217, 0.00, 51.68, 5
2218, 0.00, 51.68, 10
2219, 0.00, 51.68, 7
2220, 0.00, 51.68, 8
2221, 0.00, 51.68, 13
2222, 0.00, 51.68, 23
2223, 0.00, 51.68, 23
2224, 0.00, 51.68, 18
2225, 0.00, 51.68, 5
2226, 0.00, 51.68, 2
2227, 0.00, 51.68, 131
2236, 0.00, 51.68, 112
2238, 0.00, 51.68, 4
2239, 0.00, 51.68, 69
2241, 0.00, 51.68, 1
2246, 0.00, 51.68, 4
2247, 0.00, 51.68, 21
2248, 0.00, 51.68, 33
2249, 0.00, 51.68, 14
2250, 0.00, 51.68, 57
2251, 0.00, 51.68, 9
2252, 0.00, 51.68, 10
2253, 0.00, 51.68, 2
2254, 0.00, 51.68, 23
2258, 0.00, 51.68, 8
2259, 0.00, 51.68, 17
2260, 0.00, 51.68, 5
2261, 0.00, 51.68, 19
2262, 0.00, 51.68, 7
2263, 0.00, 51.68, 7
2264, 0.00, 51.68, 5
2265, 0.00, 51.68, 21
2266, 0.00, 51.68, 19
2267, 0.00, 51.68, 19
2269, 0.00, 51.68, 1
2276, 0.00, 51.68, 1
2278, 0.00, 51.68, 1
2292, 0.00, 51.68, 8
2301, 0.00, 51.68, 10
2304, 0.00, 51.68, 1
2317, 0.00, 51.68, 1
2323, 0.00, 51.68, 1
2326, 0.00, 51.68, 14
2327, 0.00, 51.68, 11
2328, 0.00, 51.68, 3
2329, 0.00, 51.68, 25
2330, 0.00, 51.68, 24
2331, 0.00, 51.68, 32
2332, 0.00, 51.68, 9
2333, 0.00, 51.68, 10
2334, 0.00, 51.68, 9
2335, 0.00, 51.68, 10
2336, 0.00, 51.68, 8
2337, 0.00, 51.68, 8
2338, 0.00, 51.68, 9
2339, 0.00, 51.68, 9
2340, 0.00, 51.68, 12
2341, 0.00, 51.68, 1
2342, 0.00, 51.68, 29
2348, 0.00, 51.68, 40
2351, 0.00, 51.68, 56
2352, 0.00, 51.68, 10
2353, 0.00, 51.68, 7
2354, 0.00, 51.68, 7
2355, 0.00, 51.68, 14
2356, 0.00, 51.68, 17
2357, 0.00, 51.68, 5
2358, 0.00, 51.68, 17
2359, 0.00, 51.68, 34
2360, 0.00, 51.68, 23
2373, 0.00, 51.68, 1
2375, 0.00, 51.68, 1
2403, 0.00, 51.68, 1
2415, 0.00, 51.68, 1
2437, 0.00, 51.68, 1
2439, 0.00, 51.68, 1
2443, 0.00, 51.68, 1
2460, 0.00, 51.68, 8
2464, 0.00, 51.68, 7
2465, 0.00, 51.68, 12
2467, 0.00, 51.68, 1
2468, 0.00, 51.68, 4
2469, 0.00, 51.68, 27
2470, 0.00, 51.68, 4
2471, 0.00, 51.68, 7
2472, 0.00, 51.68, 13
2473, 0.00, 51.68, 17
2474, 0.00, 51.68, 6
2475, 0.00, 51.68, 11
2476, 0.00, 51.68, 39
2477, 0.00, 51.68, 15
2488, 0.00, 51.68, 9
2491, 0.00, 51.68, 1
2497, 0.00, 51.68, 1
2502, 0.00, 51.68, 1
2508, 0.00, 51.68, 2
2513, 0.00, 51.68, 30
2514, 0.00, 51.68, 193
2515, 0.00, 51.68, 52
2516, 0.00, 51.68, 33
2517, 0.00, 51.68, 18
2538, 0.00, 51.68, 5
2539, 0.00, 51.68, 22
2540, 0.00, 51.68, 9
2541, 0.00, 51.68, 7
2542, 0.00, 51.68, 7
2543, 0.00, 51.68, 9
2544, 0.00, 51.68, 15
2545, 0.00, 51.68, 7
2546, 0.00, 51.68, 7
2547, 0.00, 51.68, 10
2548, 0.00, 51.68, 7
2549, 0.00, 51.68, 7
2550, 0.00, 51.68, 7
2551, 0.00, 51.68, 9
2552, 0.00, 51.68, 7
2553, 0.00, 51.68, 7
2554, 0.00, 51.68, 8
2555, 0.00, 51.68, 13
2556, 0.00, 51.68, 7
2557, 0.00, 51.68, 17
2558, 0.00, 51.68, 37
2560, 0.00, 51.68, 255
2567, 0.00, 51.68, 57
2568, 0.00, 51.68, 15
2569, 0.00, 51.68, 5
2570, 0.00, 51.68, 28
2571, 0.00, 51.68, 4
2572, 0.00, 51.68, 23
2573, 0.00, 51.68, 2
2574, 0.00, 51.68, 6
2575, 0.00, 51.68, 4
2576, 0.00, 51.68, 1
2577, 0.00, 51.68, 9
2578, 0.00, 51.68, 4
2579, 0.00, 51.68, 8
2580, 0.00, 51.68, 31
2582, 0.00, 51.68, 1
2589, 0.00, 51.68, 2
2592, 0.00, 51.68, 1
2601, 0.00, 51.68, 1
2614, 0.00, 51.68, 3
2620, 0.00, 51.68, 1
2628, 0.00, 51.68, 8
2629, 0.00, 51.68, 160
2630, 0.00, 51.68, 6
2631, 0.00, 51.68, 44
2632, 0.00, 51.68, 18
2633, 0.00, 51.68, 16
2634, 0.00, 51.68, 4
2635, 0.00, 51.68, 8
2636, 0.00, 51.68, 2
2637, 0.00, 51.68, 28
2638, 0.00, 51.68, 8
2639, 0.00, 51.68, 16
2640, 0.00, 51.68, 48
2642, 0.00, 51.68, 2
2647, 0.00, 51.68, 1
2653, 0.00, 51.68, 1
2654, 0.00, 51.68, 1
2659, 0.00, 51.68, 1
2667, 0.00, 51.68, 1
2683, 0.00, 51.68, 1
2684, 0.00, 51.68, 192
2685, 0.00, 51.68, 4
2695, 0.00, 51.68, 75
2696, 0.00, 51.68, 3
2697, 0.00, 51.68, 6
2698, 0.00, 51.68, 5
2699, 0.00, 51.68, 21
2700, 0.00, 51.68, 6
2701, 0.00, 51.68, 5
2702, 0.00, 51.68, 6
2703, 0.00, 51.68, 1
2704, 0.00, 51.68, 14
2705, 0.00, 51.68, 4
2706, 0.00, 51.68, 10
2707, 0.00, 51.68, 22
2708, 0.00, 51.68, 10
2709, 0.00, 51.68, 21
2710, 0.00, 51.68, 14
2711, 0.00, 51.68, 11
2712, 0.00, 51.68, 18
2713, 0.00, 51.68, 9
2714, 0.00, 51.68, 13
2715, 0.00, 51.68, 16
2716, 0.00, 51.68, 20
2717, 0.00, 51.68, 7
2718, 0.00, 51.68, 10
2719, 0.00, 51.68, 4
2720, 0.00, 51.68, 16
2721, 0.00, 51.68, 7
2722, 0.00, 51.68, 9
2723, 0.00, 51.68, 15
2724, 0.00, 51.68, 10
2725, 0.00, 51.68, 4
2731, 0.00, 51.68, 1
2734, 0.00, 51.68, 4
2735, 0.00, 51.68, 2
2736, 0.00, 51.68, 2
2737, 0.00, 51.68, 2
2738, 0.00, 51.68, 2
2739, 0.00, 51.68, 3
2740, 0.00, 51.68, 2
2741, 0.00, 51.68, 2
2742, 0.00, 51.68, 20
2744, 0.00, 51.68, 14
2746, 0.00, 51.68, 6
2747, 0.00, 51.68, 20
2749, 0.00, 51.68, 14
2751, 0.00, 51.68, 6
2752, 0.00, 51.68, 2
2753, 0.00, 51.68, 7
2754, 0.00, 51.68, 8
2755, 0.00, 51.68, 14
2756, 0.00, 51.68, 26
2757, 0.00, 51.68, 311
2758, 0.00, 51.68, 6
2759, 0.00, 51.68, 6
2760, 0.00, 51.68, 7
2761, 0.00, 51.68, 3
2762, 0.00, 51.68, 18
2763, 0.00, 51.68, 10
2764, 0.00, 51.68, 3
2765, 0.00, 51.68, 21
2766, 0.00, 51.68, 24
2767, 0.00, 51.68, 1
2779, 0.00, 51.68, 1
2781, 0.00, 51.68, 1
2788, 0.00, 51.68, 20
2789, 0.00, 51.68, 1
2790, 0.00, 51.68, 12
2791, 0.00, 51.68, 3
2792, 0.00, 51.68, 3
2793, 0.00, 51.68, 2
2794, 0.00, 51.68, 1
2795, 0.00, 51.68, 12
2796, 0.00, 51.68, 16
2797, 0.00, 51.68, 8
2799, 0.00, 51.68, 3
2800, 0.00, 51.68, 22
2801, 0.00, 51.68, 8
2802, 0.00, 51.68, 6
2803, 0.00, 51.68, 76
2807, 0.00, 51.68, 1
2815, 0.00, 51.68, 2
2818, 0.00, 51.68, 1
2829, 0.00, 51.68, 1
2831, 0.00, 51.68, 4
2833, 0.00, 51.68, 6
2834, 0.00, 51.68, 30
2835, 0.00, 51.68, 5
2836, 0.00, 51.68, 1
2837, 0.00, 51.68, 6
2838, 0.00, 51.68, 3
2839, 0.00, 51.68, 20
2840, 0.00, 51.68, 17
2841, 0.00, 51.68, 81
2842, 0.00, 51.68, 8
2843, 0.00, 51.68, 9
2844, 0.00, 51.68, 26
2845, 0.00, 51.68, 47
2846, 0.00, 51.68, 7
2847, 0.00, 51.68, 5
2848, 0.00, 51.68, 6
2849, 0.00, 51.68, 1
2850, 0.00, 51.68, 15
2851, 0.00, 51.68, 4
2852, 0.00, 51.68, 8
2853, 0.00, 51.68, 26
2857, 0.00, 51.68, 1
2866, 0.00, 51.68, 54
2867, 0.00, 51.68, 82
2868, 0.00, 51.68, 3
2869, 0.00, 51.68, 3
2870, 0.00, 51.68, 3
2871, 0.00, 51.68, 3
2872, 0.00, 51.68, 4
2873, 0.00, 51.68, 13
2874, 0.00, 51.68, 14
2875, 0.00, 51.68, 5
2876, 0.00, 51.68, 104
2878, 0.00, 51.68, 1
2888, 0.00, 51.68, 1
2889, 0.00, 51.68, 1
2891, 0.00, 51.68, 1
2899, 0.00, 51.68, 11
2901, 0.00, 51.68, 39
2903, 0.00, 51.68, 30
2905, 0.00, 51.68, 39
2907, 0.00, 51.68, 23
2908, 0.00, 51.68, 27
2909, 0.00, 51.68, 39
2910, 0.00, 51.68, 20
2911, 0.00, 51.68, 108
2912, 0.00, 51.68, 55
2916, 0.00, 51.68, 1
2919, 0.00, 51.68, 1
2922, 0.00, 51.68, 1
2969, 0.00, 51.68, 1
3016, 0.00, 51.68, 1
3019, 0.00, 51.68, 26
3020, 0.00, 51.68, 8
3021, 0.00, 51.68, 23
3023, 0.00, 51.68, 23
3025, 0.00, 51.68, 23
3027, 0.00, 51.68, 33
3029, 0.00, 51.68, 65
3031, 0.00, 51.68, 17
3032, 0.00, 51.68, 8
3033, 0.00, 51.68, 97
3044, 0.00, 51.68, 1
3058, 0.00, 51.68, 1
3071, 0.00, 51.68, 6
3072, 0.00, 51.68, 2
3079, 0.00, 51.68, 20
3106, 0.00, 51.68, 1
3109, 0.00, 51.68, 1
3112, 0.00, 51.68, 1
3119, 0.00, 51.68, 6
3120, 0.00, 51.68, 28
3121, 0.00, 51.68, 6
3122, 0.00, 51.68, 3
3123, 0.00, 51.68, 1
3124, 0.00, 51.68, 1
3125, 0.00, 51.68, 77
3126, 0.00, 51.68, 24
3127, 0.00, 51.68, 15
3128, 0.00, 51.68, 13
3129, 0.00, 51.68, 19
3130, 0.00, 51.68, 3
3131, 0.00, 51.68, 62
3132, 0.00, 51.68, 83
3133, 0.00, 51.68, 68
3134, 0.00, 51.68, 1
3137, 0.00, 51.68, 1
3174, 0.00, 51.68, 2
3188, 0.00, 51.68, 16
3192, 0.00, 51.68, 1
3210, 0.00, 51.68, 1
3219, 0.00, 51.68, 1
3227, 0.00, 51.68, 1
3228, 0.00, 51.68, 4
3229, 0.00, 51.68, 1
3230, 0.00, 51.68, 6
3231, 0.00, 51.68, 4
3232, 0.00, 51.68, 22
3233, 0.00, 51.68, 13
3234, 0.00, 51.68, 93
3235, 0.00, 51.69, 23
3236, 0.00, 51.69, 31
3237, 0.00, 51.69, 28
3238, 0.00, 51.69, 12
3239, 0.00, 51.69, 14
3240, 0.00, 51.69, 3
3241, 0.00, 51.69, 9
3242, 0.00, 51.69, 18
3243, 0.00, 51.69, 3
3244, 0.00, 51.69, 17
3245, 0.00, 51.69, 8
3247, 0.00, 51.69, 1
3336, 0.00, 51.69, 1
3356, 0.00, 51.69, 28
3357, 0.00, 51.69, 8
3369, 0.00, 51.69, 1
3399, 0.00, 51.69, 1
3416, 0.00, 51.69, 16
3418, 0.00, 51.69, 39
3420, 0.00, 51.69, 24
3422, 0.00, 51.69, 48
3424, 0.00, 51.69, 23
3426, 0.00, 51.69, 39
3428, 0.00, 51.69, 23
3430, 0.00, 51.69, 39
3432, 0.00, 51.69, 23
3434, 0.00, 51.69, 39
3436, 0.00, 51.69, 158
3448, 0.00, 51.69, 1
3453, 0.00, 51.69, 204
3468, 0.00, 51.69, 8
3580, 0.00, 51.69, 120
3633, 0.00, 51.69, 1
3637, 0.00, 51.69, 1
3692, 0.00, 51.69, 8
3784, 0.00, 51.69, 1
3804, 0.00, 51.69, 16
3837, 0.00, 51.69, 8
3841, 0.00, 51.69, 1
3891, 0.00, 51.69, 2
3892, 0.00, 51.69, 19
3893, 0.00, 51.69, 5
3894, 0.00, 51.69, 12
3895, 0.00, 51.69, 10
3896, 0.00, 51.69, 76
3897, 0.00, 51.69, 15
3898, 0.00, 51.69, 32
3899, 0.00, 51.69, 15
3900, 0.00, 51.69, 9
3901, 0.00, 51.69, 10
3902, 0.00, 51.69, 9
3903, 0.00, 51.69, 10
3904, 0.00, 51.69, 12
3905, 0.00, 51.69, 19
3925, 0.00, 51.69, 77
3926, 0.00, 51.69, 3
3927, 0.00, 51.69, 6
3928, 0.00, 51.69, 13
3929, 0.00, 51.69, 4
3930, 0.00, 51.69, 6
3931, 0.00, 51.69, 6
3932, 0.00, 51.69, 4
3933, 0.00, 51.69, 1
3934, 0.00, 51.69, 9
3935, 0.00, 51.69, 4
3936, 0.00, 51.69, 8
3937, 0.00, 51.69, 4
3938, 0.00, 51.69, 9
3939, 0.00, 51.69, 20
3940, 0.00, 51.69, 26
3941, 0.00, 51.69, 5
3942, 0.00, 51.69, 26
3943, 0.00, 51.69, 40
3944, 0.00, 51.69, 33
3945, 0.00, 51.69, 31
3947, 0.00, 51.69, 7
3949, 0.00, 51.69, 3
3950, 0.00, 51.69, 33
3951, 0.00, 51.69, 5
3952, 0.00, 51.69, 1
3953, 0.00, 51.69, 1
3954, 0.00, 51.69, 70
3956, 0.00, 51.69, 1
3957, 0.00, 51.69, 44
3958, 0.00, 51.69, 11
3959, 0.00, 51.69, 9
3960, 0.00, 51.69, 10
3961, 0.00, 51.69, 1
3962, 0.00, 51.69, 1
3963, 0.00, 51.69, 69
3965, 0.00, 51.69, 1
3967, 0.00, 51.69, 1
3993, 0.00, 51.69, 1
4005, 0.00, 51.69, 36
4007, 0.00, 51.69, 65
4009, 0.00, 51.69, 24
4011, 0.00, 51.69, 65
4013, 0.00, 51.69, 23
4015, 0.00, 51.69, 65
4017, 0.00, 51.69, 23
4019, 0.00, 51.69, 65
4021, 0.00, 51.69, 41
4023, 0.00, 51.69, 65
4025, 0.00, 51.69, 57
4028, 0.00, 51.69, 56
4037, 0.00, 51.69, 1
4096, 0.00, 51.69, 1
4103, 0.00, 51.69, 1
4131, 0.00, 51.69, 1
4140, 0.00, 51.69, 16
4180, 0.00, 51.69, 1
4252, 0.00, 51.69, 16
4351, 0.00, 51.69, 73
4364, 0.00, 51.69, 16
4476, 0.00, 51.69, 48
4588, 0.00, 51.69, 8
4700, 0.00, 51.69, 40
4708, 0.00, 51.69, 1
4764, 0.00, 51.69, 5
4765, 0.00, 51.69, 1
4766, 0.00, 51.69, 1
4767, 0.00, 51.69, 1
4768, 0.00, 51.69, 10
4770, 0.00, 51.69, 7
4772, 0.00, 51.69, 3
4773, 0.00, 51.69, 10
4775, 0.00, 51.69, 7
4777, 0.00, 51.69, 3
4778, 0.00, 51.69, 2
4779, 0.00, 51.69, 3
4780, 0.00, 51.69, 1
4781, 0.00, 51.69, 1
4782, 0.00, 51.69, 1
4783, 0.00, 51.69, 10
4785, 0.00, 51.69, 7
4787, 0.00, 51.69, 3
4788, 0.00, 51.69, 10
4790, 0.00, 51.69, 7
4792, 0.00, 51.69, 3
4793, 0.00, 51.69, 1
4794, 0.00, 51.69, 4
4795, 0.00, 51.69, 1
4796, 0.00, 51.69, 302
4806, 0.00, 51.69, 1
4980, 0.00, 51.69, 8
5092, 0.00, 51.69, 8
5120, 0.00, 51.69, 56
5130, 0.00, 51.69, 1
5148, 0.00, 51.69, 16
5253, 0.00, 51.69, 1
5335, 0.00, 51.69, 4
5343, 0.00, 51.69, 1
5372, 0.00, 51.69, 88
5415, 0.00, 51.69, 1
5449, 0.00, 51.69, 1
5514, 0.00, 51.69, 1
5631, 0.00, 51.69, 2
5738, 0.00, 51.69, 10
5739, 0.00, 51.69, 1
5740, 0.00, 51.69, 7
5742, 0.00, 51.69, 3
5743, 0.00, 51.69, 1
5744, 0.00, 51.69, 7
5745, 0.00, 51.69, 11
5746, 0.00, 51.69, 12
5747, 0.00, 51.69, 6
5748, 0.00, 51.69, 11
5749, 0.00, 51.69, 1
5750, 0.00, 51.69, 1
5751, 0.00, 51.69, 1
5752, 0.00, 51.69, 1
5753, 0.00, 51.69, 1
5754, 0.00, 51.69, 69
5755, 0.00, 51.69, 11
5756, 0.00, 51.69, 91
5757, 0.00, 51.69, 5
5758, 0.00, 51.69, 5
5759, 0.00, 51.69, 32
5760, 0.00, 51.69, 21
5761, 0.00, 51.69, 5
5762, 0.00, 51.69, 5
5763, 0.00, 51.69, 34
5767, 0.00, 51.69, 1
5776, 0.00, 51.69, 1
5820, 0.00, 51.69, 16
5827, 0.00, 51.69, 1
5978, 0.00, 51.69, 11
5980, 0.00, 51.69, 39
5982, 0.00, 51.69, 23
5984, 0.00, 51.69, 39
5986, 0.00, 51.69, 23
5988, 0.00, 51.69, 39
5990, 0.00, 51.69, 23
5992, 0.00, 51.69, 39
5994, 0.00, 51.69, 27
5996, 0.00, 51.69, 39
5998, 0.00, 51.69, 25
5999, 0.00, 51.69, 1
6000, 0.00, 51.69, 39
6002, 0.00, 51.69, 27
6004, 0.00, 51.69, 39
6006, 0.00, 51.69, 25
6008, 0.00, 51.69, 39
6010, 0.00, 51.69, 235
6027, 0.00, 51.69, 1
6046, 0.00, 51.69, 11
6047, 0.00, 51.69, 11
6048, 0.00, 51.69, 5
6049, 0.00, 51.69, 15
6051, 0.00, 51.69, 7
6052, 0.00, 51.69, 1
6053, 0.00, 51.69, 13
6055, 0.00, 51.69, 8
6057, 0.00, 51.69, 3
6058, 0.00, 51.69, 9
6060, 0.00, 51.69, 3
6061, 0.00, 51.69, 46
6062, 0.00, 51.69, 4
6063, 0.00, 51.69, 1
6064, 0.00, 51.69, 1
6065, 0.00, 51.69, 1
6066, 0.00, 51.69, 3
6067, 0.00, 51.69, 4
6068, 0.00, 51.69, 19
6069, 0.00, 51.69, 1
6070, 0.00, 51.69, 1
6071, 0.00, 51.69, 1
6072, 0.00, 51.69, 1
6073, 0.00, 51.69, 3
6074, 0.00, 51.69, 3
6075, 0.00, 51.69, 86
6076, 0.00, 51.69, 3
6077, 0.00, 51.69, 13
6079, 0.00, 51.69, 8
6081, 0.00, 51.69, 261
6083, 0.00, 51.69, 2
6084, 0.00, 51.69, 10
6085, 0.00, 51.69, 13
6086, 0.00, 51.69, 1
6087, 0.00, 51.69, 19
6088, 0.00, 51.69, 1
6089, 0.00, 51.69, 19
6090, 0.00, 51.69, 15
6091, 0.00, 51.69, 24
6092, 0.00, 51.69, 31
6093, 0.00, 51.69, 9
6094, 0.00, 51.69, 4
6095, 0.00, 51.69, 16
6096, 0.00, 51.69, 7
6097, 0.00, 51.69, 12
6098, 0.00, 51.69, 9
6099, 0.00, 51.69, 2
6100, 0.00, 51.69, 2
6101, 0.00, 51.69, 11
6102, 0.00, 51.69, 15
6103, 0.00, 51.69, 24
6104, 0.00, 51.69, 31
6105, 0.00, 51.69, 9
6106, 0.00, 51.69, 4
6107, 0.00, 51.69, 15
6108, 0.00, 51.69, 7
6109, 0.00, 51.69, 12
6110, 0.00, 51.69, 9
6111, 0.00, 51.69, 2
6112, 0.00, 51.69, 2
6113, 0.00, 51.69, 50
6116, 0.00, 51.69, 79
6117, 0.00, 51.69, 45
6118, 0.00, 51.69, 5
6119, 0.00, 51.69, 44
6120, 0.00, 51.69, 4
6121, 0.00, 51.69, 22
6122, 0.00, 51.69, 2
6123, 0.00, 51.69, 7
6124, 0.00, 51.69, 2
6125, 0.00, 51.69, 4
6126, 0.00, 51.69, 1
6127, 0.00, 51.69, 9
6128, 0.00, 51.69, 4
6129, 0.00, 51.69, 6
6130, 0.00, 51.69, 5
6131, 0.00, 51.69, 4
6132, 0.00, 51.69, 9
6133, 0.00, 51.69, 31
6134, 0.00, 51.69, 26
6135, 0.00, 51.69, 5
6136, 0.00, 51.69, 17
6137, 0.00, 51.69, 40
6138, 0.00, 51.69, 59
6143, 0.00, 51.69, 3
6159, 0.00, 51.69, 1
6182, 0.00, 51.69, 1
6187, 0.00, 51.69, 1
6210, 0.00, 51.69, 1
6229, 0.00, 51.69, 111
6230, 0.00, 51.69, 15
6231, 0.00, 51.69, 9
6232, 0.00, 51.69, 29
6233, 0.00, 51.69, 70
6234, 0.00, 51.69, 8
6235, 0.00, 51.69, 19
6236, 0.00, 51.69, 16
6237, 0.00, 51.69, 17
6238, 0.00, 51.69, 38
6239, 0.00, 51.70, 77
6240, 0.00, 51.70, 57
6241, 0.00, 51.70, 21
6242, 0.00, 51.70, 20
6243, 0.00, 51.70, 17
6244, 0.00, 51.70, 22
6245, 0.00, 51.70, 12
6246, 0.00, 51.70, 16
6247, 0.00, 51.70, 11
6268, 0.00, 51.70, 16
6380, 0.00, 51.70, 8
6693, 0.00, 51.70, 1
6716, 0.00, 51.70, 20
6721, 0.00, 51.70, 1
6740, 0.00, 51.70, 94
6741, 0.00, 51.70, 10
6742, 0.00, 51.70, 5
6743, 0.00, 51.70, 56
6744, 0.00, 51.70, 5
6745, 0.00, 51.70, 58
6746, 0.00, 51.70, 4
6747, 0.00, 51.70, 10
6748, 0.00, 51.70, 8
6749, 0.00, 51.70, 2
6750, 0.00, 51.70, 6
6751, 0.00, 51.70, 4
6752, 0.00, 51.70, 1
6753, 0.00, 51.70, 9
6754, 0.00, 51.70, 4
6755, 0.00, 51.70, 4
6756, 0.00, 51.70, 9
6757, 0.00, 51.70, 5
6758, 0.00, 51.70, 19
6759, 0.00, 51.70, 9
6760, 0.00, 51.70, 4
6761, 0.00, 51.70, 21
6762, 0.00, 51.70, 5
6763, 0.00, 51.70, 17
6764, 0.00, 51.70, 13
6765, 0.00, 51.70, 6
6766, 0.00, 51.70, 4
6767, 0.00, 51.70, 1
6768, 0.00, 51.70, 10
6769, 0.00, 51.70, 4
6770, 0.00, 51.70, 6
6771, 0.00, 51.70, 44
6772, 0.00, 51.70, 59
6793, 0.00, 51.70, 1
6821, 0.00, 51.70, 1
6909, 0.00, 51.70, 120
6940, 0.00, 51.70, 8
7102, 0.00, 51.70, 1
7164, 0.00, 51.70, 24
7293, 0.00, 51.70, 1
7510, 0.00, 51.70, 83
7511, 0.00, 51.70, 3
7512, 0.00, 51.70, 29
7513, 0.00, 51.70, 6
7514, 0.00, 51.70, 5
7515, 0.00, 51.70, 4
7516, 0.00, 51.70, 7
7517, 0.00, 51.70, 13
7518, 0.00, 51.70, 18
7519, 0.00, 51.70, 5
7520, 0.00, 51.70, 17
7521, 0.00, 51.70, 38
7522, 0.00, 51.70, 29
7537, 0.00, 51.70, 1
7565, 0.00, 51.70, 1
7612, 0.00, 51.70, 8
8179, 0.00, 51.70, 1
8192, 0.00, 51.70, 1
8284, 0.00, 51.70, 8
8703, 0.00, 51.70, 23
8732, 0.00, 51.70, 16
8956, 0.00, 51.70, 40
9180, 0.00, 51.70, 8
9404, 0.00, 51.70, 24
10240, 0.00, 51.70, 2
10300, 0.00, 51.70, 8
10748, 0.00, 51.70, 8
10893, 0.00, 51.70, 11
10895, 0.00, 51.70, 39
10897, 0.00, 51.70, 23
10899, 0.00, 51.70, 39
10901, 0.00, 51.70, 23
10903, 0.00, 51.70, 39
10905, 0.00, 51.70, 23
10907, 0.00, 51.70, 39
10909, 0.00, 51.70, 23
10911, 0.00, 51.70, 39
10913, 0.00, 51.70, 23
10915, 0.00, 51.70, 39
10917, 0.00, 51.70, 23
10919, 0.00, 51.70, 39
10921, 0.00, 51.70, 23
10923, 0.00, 51.70, 39
10925, 0.00, 51.70, 23
10927, 0.00, 51.70, 39
10929, 0.00, 51.70, 23
10931, 0.00, 51.70, 39
10933, 0.00, 51.70, 23
10935, 0.00, 51.70, 39
10937, 0.00, 51.70, 23
10939, 0.00, 51.70, 39
10941, 0.00, 51.70, 23
10943, 0.00, 51.70, 39
10945, 0.00, 51.70, 23
10947, 0.00, 51.70, 39
10949, 0.00, 51.70, 23
10951, 0.00, 51.70, 39
10953, 0.00, 51.70, 23
10955, 0.00, 51.70, 48
10957, 0.00, 51.70, 23
10959, 0.00, 51.70, 39
10961, 0.00, 51.70, 484
10969, 0.00, 51.70, 1
10997, 0.00, 51.70, 1
11263, 0.00, 51.70, 2
11644, 0.00, 51.70, 8
12184, 0.00, 51.70, 3
12287, 0.00, 51.70, 1
13436, 0.00, 51.70, 8
13821, 0.00, 51.70, 60
14116, 0.00, 51.70, 3
16381, 0.00, 51.70, 12
16384, 0.00, 51.70, 1
16572, 0.00, 51.70, 8
16603, 0.00, 51.70, 1
17293, 0.00, 51.70, 10
17295, 0.00, 51.70, 7
17297, 0.00, 51.70, 3
17298, 0.00, 51.70, 10
17300, 0.00, 51.70, 7
17302, 0.00, 51.70, 3
17303, 0.00, 51.70, 10
17305, 0.00, 51.70, 7
17307, 0.00, 51.70, 3
17308, 0.00, 51.70, 10
17310, 0.00, 51.70, 7
17312, 0.00, 51.70, 3
17313, 0.00, 51.70, 10
17315, 0.00, 51.70, 7
17317, 0.00, 51.70, 3
17318, 0.00, 51.70, 10
17320, 0.00, 51.70, 7
17322, 0.00, 51.70, 3
17323, 0.00, 51.70, 10
17325, 0.00, 51.70, 7
17327, 0.00, 51.70, 3
17328, 0.00, 51.70, 10
17330, 0.00, 51.70, 7
17332, 0.00, 51.70, 3
17333, 0.00, 51.70, 1
17334, 0.00, 51.70, 1
17335, 0.00, 51.70, 8
17336, 0.00, 51.70, 1
17337, 0.00, 51.70, 2
17339, 0.00, 51.70, 11
17341, 0.00, 51.70, 7
17343, 0.00, 51.70, 3
17344, 0.00, 51.70, 10
17346, 0.00, 51.70, 7
17348, 0.00, 51.70, 3
17349, 0.00, 51.70, 10
17351, 0.00, 51.70, 7
17353, 0.00, 51.70, 3
17354, 0.00, 51.70, 10
17356, 0.00, 51.70, 7
17358, 0.00, 51.70, 3
17359, 0.00, 51.70, 10
17361, 0.00, 51.70, 7
17363, 0.00, 51.70, 3
17364, 0.00, 51.70, 10
17366, 0.00, 51.70, 7
17368, 0.00, 51.70, 3
17369, 0.00, 51.70, 10
17371, 0.00, 51.70, 7
17373, 0.00, 51.70, 3
17374, 0.00, 51.70, 10
17376, 0.00, 51.70, 12
17378, 0.00, 51.70, 3
17379, 0.00, 51.70, 10
17381, 0.00, 51.70, 7
17383, 0.00, 51.70, 3
17384, 0.00, 51.70, 278
17385, 0.00, 51.70, 6
17386, 0.00, 51.70, 10
17388, 0.00, 51.70, 7
17390, 0.00, 51.70, 3
17391, 0.00, 51.70, 10
17393, 0.00, 51.70, 12
17395, 0.00, 51.70, 3
17396, 0.00, 51.70, 10
17398, 0.00, 51.70, 7
17400, 0.00, 51.70, 3
17401, 0.00, 51.70, 10
17403, 0.00, 51.70, 7
17405, 0.00, 51.70, 3
17406, 0.00, 51.70, 10
17407, 0.00, 51.70, 4
17408, 0.00, 51.70, 7
17410, 0.00, 51.70, 3
17411, 0.00, 51.70, 1
17413, 0.00, 51.70, 2
17414, 0.00, 51.70, 1324
17436, 0.00, 51.70, 1
17464, 0.00, 51.70, 1
17468, 0.00, 51.70, 8
17916, 0.00, 51.70, 32
19131, 0.00, 51.70, 1
20244, 0.00, 51.70, 3
20246, 0.00, 51.70, 16
20247, 0.00, 51.70, 5
20248, 0.00, 51.70, 19
20249, 0.00, 51.70, 5
20250, 0.00, 51.70, 9
20251, 0.00, 51.70, 9
20252, 0.00, 51.70, 9
20253, 0.00, 51.70, 55
20254, 0.00, 51.70, 47
20255, 0.00, 51.70, 16
20256, 0.00, 51.70, 9
20257, 0.00, 51.70, 2
20258, 0.00, 51.70, 1
20259, 0.00, 51.70, 6
20260, 0.00, 51.70, 7
20261, 0.00, 51.70, 4
20262, 0.00, 51.70, 24
20263, 0.00, 51.70, 15
20264, 0.00, 51.70, 15
20265, 0.00, 51.70, 21
20266, 0.00, 51.70, 4
20267, 0.00, 51.70, 21
20268, 0.00, 51.70, 3
20269, 0.00, 51.70, 20
20270, 0.00, 51.70, 10
20271, 0.00, 51.70, 8
20272, 0.00, 51.70, 10
20273, 0.00, 51.70, 3
20274, 0.00, 51.70, 9
20275, 0.00, 51.70, 21
20276, 0.00, 51.70, 3
20277, 0.00, 51.70, 2
20278, 0.00, 51.70, 7
20279, 0.00, 51.70, 14
20280, 0.00, 51.70, 11
20281, 0.00, 51.70, 12
20282, 0.00, 51.70, 16
20283, 0.00, 51.70, 13
20284, 0.00, 51.70, 12
20285, 0.00, 51.70, 12
20286, 0.00, 51.70, 12
20287, 0.00, 51.70, 12
20288, 0.00, 51.70, 12
20289, 0.00, 51.70, 12
20290, 0.00, 51.70, 12
20291, 0.00, 51.70, 12
20292, 0.00, 51.70, 11
20293, 0.00, 51.70, 11
20294, 0.00, 51.70, 11
20295, 0.00, 51.70, 11
20296, 0.00, 51.70, 11
20297, 0.00, 51.70, 11
20298, 0.00, 51.70, 11
20299, 0.00, 51.70, 11
20300, 0.00, 51.70, 11
20301, 0.00, 51.70, 11
20302, 0.00, 51.70, 11
20303, 0.00, 51.70, 11
20304, 0.00, 51.70, 11
20305, 0.00, 51.70, 11
20306, 0.00, 51.70, 11
20307, 0.00, 51.70, 11
20308, 0.00, 51.70, 11
20309, 0.00, 51.70, 11
20310, 0.00, 51.70, 11
20311, 0.00, 51.70, 11
20312, 0.00, 51.70, 11
20313, 0.00, 51.70, 12
20314, 0.00, 51.70, 11
20315, 0.00, 51.70, 11
20316, 0.00, 51.70, 11
20317, 0.00, 51.70, 11
20318, 0.00, 51.70, 11
20319, 0.00, 51.70, 24
20320, 0.00, 51.70, 31
20321, 0.00, 51.70, 17
20322, 0.00, 51.71, 17
20323, 0.00, 51.71, 17
20324, 0.00, 51.71, 11
20325, 0.00, 51.71, 11
20326, 0.00, 51.71, 11
20327, 0.00, 51.71, 11
20328, 0.00, 51.71, 11
20329, 0.00, 51.71, 12
20330, 0.00, 51.71, 12
20331, 0.00, 51.71, 12
20332, 0.00, 51.71, 11
20333, 0.00, 51.71, 12
20334, 0.00, 51.71, 12
20335, 0.00, 51.71, 11
20336, 0.00, 51.71, 11
20337, 0.00, 51.71, 12
20338, 0.00, 51.71, 24
20341, 0.00, 51.71, 1
22527, 0.00, 51.71, 2
23292, 0.00, 51.71, 8
23725, 0.00, 51.71, 1
24575, 0.00, 51.71, 1
27645, 0.00, 51.71, 16
30000, 0.00, 51.71, 1
32653, 0.00, 51.71, 12
32768, 0.00, 51.71, 1
34815, 0.00, 51.71, 2
34940, 0.00, 51.71, 8
46588, 0.00, 51.71, 8
55293, 0.00, 51.71, 8
58692, 0.00, 51.71, 1
65535, 0.00, 51.71, 1
Scalar Alloc
78575.00K, 2479.00M
0, 2.65, 2.65, 0x001fc97c
1, 14.54, 17.19, 0x00ae4dac
2, 18.26, 35.45, 0x00daf631
3, 36.44, 71.89, 0x01b4e993
4, 6.43, 78.32, 0x004d08ba
5, 9.77, 88.09, 0x00752af1
6, 1.49, 89.58, 0x0011de14
7, 1.25, 90.83, 984419
8, 4.98, 95.81, 0x003bae13
9, 0.57, 96.38, 451029
10, 0.33, 96.71, 259425
11, 0.61, 97.32, 478184
12, 0.53, 97.85, 415372
13, 2.15, 100.01, 0x0019d633
14, 0.61, 100.62, 481491
15, 0.10, 100.72, 75780
16, 0.00, 100.72, 11
17, 0.00, 100.72, 553
18, 0.08, 100.80, 62399
19, 0.00, 100.80, 1677
20, 0.00, 100.80, 2
22, 0.00, 100.80, 345
23, 0.00, 100.80, 532
24, 0.06, 100.86, 48259
25, 0.00, 100.86, 18
27, 0.00, 100.86, 3
29, 0.00, 100.86, 32
30, 0.00, 100.86, 4
32, 0.00, 100.86, 1990
33, 0.00, 100.86, 249
34, 0.00, 100.86, 530
35, 0.05, 100.91, 37863
43, 0.00, 100.91, 530
44, 0.00, 100.91, 249
45, 0.00, 100.91, 530
