============================ MMTk Statistics Totals ============================
GC	time.mu	time.gc	refType	scan	finalize	prepare	stacks	root	forward	release	init	finish	old-root	new-root	mods	decs	closure-bt	inc.mu	inc.gc	dec.mu	dec.gc	
19	945.26	96.98	0.00	0.91	0.00	2.26	1.43	3.37	0.00	19.97	1.73	1.50	0.92	4.07	34.18	5.60	21.25	0	1029714	0	82187	
Total time: 1042.25 ms
------------------------------ End MMTk Statistics -----------------------------
Fast path
1, 0.11, 0.00, 0.00, 0.00,  | 985K, 0, 0, 0, 
2, 0.04, 0.07, 0.00, 0.00,  | 395K, 638K, 0, 0, 
3, 0.06, 0.15, 0.03, 0.00,  | 559K, 1380K, 301K, 0, 
4, 0.05, 0.05, 0.03, 0.03,  | 490K, 427K, 270K, 248K, 
5, 0.03, 0.03, 0.03, 0.07,  | 260K, 290K, 289K, 667K, 
6, 0.00, 0.00, 0.00, 0.01,  | 14568, 18537, 25865, 47480, 
7, 0.00, 0.00, 0.00, 0.00,  | 14017, 6335, 44600, 35195, 
8, 0.00, 0.00, 0.00, 0.01,  | 15087, 16736, 18207, 58896, 
9, 0.00, 0.00, 0.00, 0.02,  | 18515, 15164, 22889, 140K, 
10, 0.00, 0.00, 0.00, 0.01,  | 58, 103, 4506, 61862, 
11, 0.00, 0.00, 0.00, 0.00,  | 1482, 2935, 1482, 11160, 
12, 0.00, 0.01, 0.01, 0.03,  | 39602, 53812, 68699, 285K, 
13, 0.00, 0.00, 0.00, 0.00,  | 76, 98, 76, 789, 
14, 0.00, 0.00, 0.00, 0.00,  | 2769, 377, 5251, 33534, 
15, 0.00, 0.00, 0.00, 0.00,  | 4834, 32, 2494, 25655, 
17, 0.00, 0.00, 0.00, 0.00,  | 97, 192, 97, 1518, 
19, 0.00, 0.00, 0.00, 0.00,  | 36, 28, 36, 9196, 
23, 0.00, 0.00, 0.00, 0.00,  | 2, 2, 2, 40, 
24, 0.00, 0.00, 0.00, 0.00,  | 1526, 1547, 1547, 28924, 
29, 0.00, 0.00, 0.00, 0.00,  | 0, 0, 0, 67, 
34, 0.00, 0.00, 0.00, 0.00,  | 4, 2, 2, 52, 
43, 0.00, 0.00, 0.00, 0.00,  | 4, 4, 4, 76, 
45, 0.00, 0.00, 0.00, 0.00,  | 2, 2, 2, 4479, 
        ********, 0.00, 0.00, 0.00, 0.00,  | 0, 0, 0, 0, 
        RefArray, 0.02, 0.01, 0.00, 0.04,  | 160K, 85022, 45126, 381K, 
           TOTAL, 0.33, 0.32, 0.12, 0.23,  | 2963K, 2937K, 1102K, 2042K, 
    Scalar TOTAL, 0.33, 0.34, 0.13, 0.20,  | 2803K, 2852K, 1057K, 1661K, 

Object Slow
1, 0.04, 0.00, 0.00, 0.00,  | 20908, 0, 0, 0, 
2, 0.01, 0.00, 0.00, 0.00,  | 4274, 1131, 0, 0, 
3, 0.00, 0.02, 0.00, 0.00,  | 401, 10530, 1016, 0, 
4, 0.04, 0.05, 0.05, 0.05,  | 24159, 26466, 25704, 28689, 
5, 0.07, 0.08, 0.06, 0.12,  | 39706, 46853, 33697, 66307, 
6, 0.00, 0.01, 0.01, 0.01,  | 168, 3163, 6318, 8057, 
7, 0.00, 0.00, 0.00, 0.00,  | 86, 54, 228, 1464, 
8, 0.00, 0.00, 0.00, 0.00,  | 22, 35, 14, 2694, 
9, 0.00, 0.01, 0.00, 0.04,  | 10, 2807, 2543, 19832, 
10, 0.00, 0.00, 0.00, 0.01,  | 3, 1, 1, 6331, 
11, 0.00, 0.00, 0.00, 0.00,  | 3, 3, 0, 1146, 
12, 0.03, 0.03, 0.03, 0.09,  | 14160, 18300, 18755, 50582, 
13, 0.00, 0.00, 0.00, 0.00,  | 0, 0, 0, 128, 
14, 0.00, 0.00, 0.00, 0.00,  | 154, 132, 135, 1824, 
15, 0.00, 0.00, 0.00, 0.00,  | 7, 0, 2, 67, 
17, 0.00, 0.00, 0.00, 0.00,  | 0, 0, 0, 809, 
19, 0.00, 0.00, 0.00, 0.01,  | 0, 0, 0, 4962, 
24, 0.00, 0.00, 0.00, 0.00,  | 0, 0, 0, 16, 
29, 0.00, 0.00, 0.00, 0.00,  | 0, 0, 0, 67, 
45, 0.00, 0.00, 0.00, 0.00,  | 0, 0, 0, 2471, 
        ********, 0.00, 0.00, 0.00, 0.00,  | 0, 0, 0, 0, 
        RefArray, 0.02, 0.03, 0.01, 0.04,  | 12523, 14479, 6477, 24285, 
           TOTAL, 0.21, 0.22, 0.17, 0.40,  | 116K, 123K, 94890, 219K, 
    Scalar TOTAL, 0.21, 0.22, 0.18, 0.39,  | 104K, 109K, 88413, 195K, 

Field Slow
1, 0.02, 0.00, 0.00, 0.00,  | 3805, 0, 0, 0, 
2, 0.01, 0.00, 0.00, 0.00,  | 1840, 172, 0, 0, 
3, 0.00, 0.00, 0.00, 0.00,  | 307, 232, 944, 0, 
4, 0.01, 0.00, 0.01, 0.00,  | 1910, 31, 2447, 670, 
5, 0.10, 0.13, 0.10, 0.22,  | 20529, 26461, 19094, 44351, 
6, 0.00, 0.00, 0.00, 0.00,  | 121, 14, 12, 324, 
7, 0.00, 0.00, 0.00, 0.00,  | 49, 14, 0, 19, 
8, 0.00, 0.00, 0.00, 0.01,  | 21, 14, 12, 2614, 
9, 0.00, 0.01, 0.01, 0.07,  | 5, 2807, 2542, 14680, 
10, 0.00, 0.00, 0.00, 0.00,  | 3, 1, 1, 36, 
11, 0.00, 0.00, 0.00, 0.01,  | 3, 3, 0, 1141, 
12, 0.02, 0.02, 0.02, 0.09,  | 4283, 3253, 3260, 18140, 
13, 0.00, 0.00, 0.00, 0.00,  | 0, 0, 0, 89, 
14, 0.00, 0.00, 0.00, 0.00,  | 42, 22, 22, 384, 
15, 0.00, 0.00, 0.00, 0.00,  | 5, 0, 2, 65, 
17, 0.00, 0.00, 0.00, 0.00,  | 0, 0, 0, 770, 
19, 0.00, 0.00, 0.00, 0.00,  | 0, 0, 0, 17, 
24, 0.00, 0.00, 0.00, 0.00,  | 0, 0, 0, 11, 
29, 0.00, 0.00, 0.00, 0.00,  | 0, 0, 0, 35, 
45, 0.00, 0.00, 0.00, 0.00,  | 0, 0, 0, 2, 
        ********, 0.00, 0.00, 0.00, 0.00,  | 0, 0, 0, 0, 
        RefArray, 0.03, 0.03, 0.02, 0.03,  | 6278, 5940, 3692, 6092, 
           TOTAL, 0.20, 0.20, 0.16, 0.45,  | 39201, 38964, 32028, 89440, 
    Scalar TOTAL, 0.19, 0.19, 0.16, 0.47,  | 32923, 33024, 28336, 83348, 
Array Alloc
1692.00K, 176.00M
0, 0.58, 0.58, 9863
1, 3.89, 4.48, 65926
2, 1.52, 6.00, 25789
3, 2.77, 8.77, 46954
4, 0.82, 9.60, 13926
5, 6.25, 15.84, 105779
6, 1.32, 17.16, 22273
7, 0.30, 17.47, 5162
8, 0.22, 17.68, 3694
9, 0.12, 17.81, 2080
10, 7.02, 24.83, 118862
11, 0.03, 24.86, 573
12, 0.06, 24.92, 970
13, 0.01, 24.93, 156
14, 0.01, 24.94, 150
15, 0.18, 25.11, 3018
16, 2.25, 27.36, 38053
17, 0.01, 27.37, 89
18, 0.01, 27.37, 109
19, 0.01, 27.38, 140
20, 0.63, 28.01, 10698
21, 0.00, 28.02, 75
22, 0.00, 28.02, 58
23, 0.00, 28.03, 74
24, 0.02, 28.05, 340
25, 0.00, 28.05, 72
26, 0.00, 28.05, 28
27, 0.00, 28.05, 24
28, 0.00, 28.06, 83
29, 0.02, 28.08, 347
30, 0.00, 28.08, 22
31, 0.01, 28.09, 167
32, 0.01, 28.10, 217
33, 0.02, 28.13, 401
34, 0.00, 28.13, 19
35, 0.01, 28.14, 119
36, 0.00, 28.14, 27
37, 0.00, 28.14, 65
38, 0.00, 28.14, 59
39, 0.00, 28.15, 19
40, 0.13, 28.27, 2127
41, 0.00, 28.27, 29
42, 0.00, 28.27, 19
43, 0.00, 28.28, 62
44, 0.00, 28.28, 37
45, 0.00, 28.28, 23
46, 0.00, 28.28, 22
47, 0.00, 28.28, 39
48, 0.01, 28.29, 148
49, 0.00, 28.29, 8
50, 0.00, 28.29, 13
51, 0.00, 28.30, 11
52, 0.00, 28.30, 17
53, 0.00, 28.30, 6
54, 0.00, 28.30, 17
55, 0.00, 28.30, 5
56, 0.00, 28.30, 6
57, 0.00, 28.30, 19
58, 0.00, 28.30, 10
59, 0.00, 28.30, 7
60, 0.00, 28.30, 2
61, 0.00, 28.30, 11
62, 0.00, 28.30, 9
63, 0.00, 28.30, 6
64, 0.00, 28.30, 15
65, 0.00, 28.30, 3
66, 0.00, 28.30, 5
67, 0.02, 28.32, 292
68, 0.00, 28.32, 28
69, 0.00, 28.32, 6
70, 0.00, 28.32, 6
71, 0.00, 28.32, 8
72, 0.00, 28.32, 2
73, 0.00, 28.32, 3
74, 0.00, 28.32, 7
75, 0.00, 28.32, 6
76, 0.00, 28.32, 1
77, 0.00, 28.33, 12
78, 0.00, 28.33, 15
79, 0.00, 28.33, 2
80, 0.02, 28.34, 264
81, 0.00, 28.34, 4
82, 0.00, 28.34, 4
83, 0.00, 28.34, 18
84, 0.00, 28.34, 7
85, 0.00, 28.34, 2
86, 0.00, 28.34, 1
87, 0.00, 28.34, 2
88, 0.00, 28.34, 3
89, 0.00, 28.34, 1
91, 0.00, 28.34, 4
93, 0.00, 28.34, 1
94, 0.00, 28.34, 3
95, 0.00, 28.35, 12
96, 0.01, 28.35, 109
97, 0.00, 28.35, 1
98, 0.00, 28.35, 1
99, 0.00, 28.35, 5
100, 0.00, 28.35, 5
101, 0.00, 28.35, 9
102, 0.00, 28.35, 7
103, 0.00, 28.35, 4
105, 0.00, 28.35, 4
106, 0.00, 28.35, 6
107, 0.00, 28.35, 4
109, 0.00, 28.35, 1
111, 0.00, 28.35, 3
112, 0.00, 28.36, 3
113, 0.00, 28.36, 2
114, 0.00, 28.36, 14
115, 0.00, 28.36, 4
116, 0.00, 28.36, 4
117, 0.00, 28.36, 18
118, 0.00, 28.36, 25
119, 0.00, 28.36, 1
120, 0.00, 28.36, 1
121, 0.00, 28.36, 1
123, 0.00, 28.36, 1
126, 0.00, 28.36, 2
127, 0.00, 28.36, 6
128, 0.00, 28.36, 4
129, 0.00, 28.36, 7
130, 0.00, 28.36, 11
131, 0.00, 28.36, 39
132, 0.00, 28.36, 12
133, 0.00, 28.36, 7
134, 0.00, 28.36, 3
135, 0.01, 28.38, 206
137, 0.00, 28.38, 3
140, 0.00, 28.38, 1
144, 0.00, 28.38, 1
147, 0.00, 28.38, 3
149, 0.00, 28.38, 1
151, 0.00, 28.38, 1
155, 0.00, 28.38, 1
156, 0.00, 28.38, 1
157, 0.00, 28.38, 3
158, 0.00, 28.38, 5
160, 0.00, 28.38, 56
161, 0.00, 28.38, 1
163, 0.00, 28.38, 3
164, 0.00, 28.38, 4
165, 0.00, 28.38, 4
166, 0.00, 28.38, 1
168, 0.00, 28.38, 1
175, 0.00, 28.38, 1
177, 0.00, 28.38, 1
178, 0.00, 28.38, 1
180, 0.00, 28.38, 3
181, 0.00, 28.38, 11
182, 0.00, 28.38, 14
183, 0.00, 28.38, 17
184, 0.00, 28.39, 3
186, 0.00, 28.39, 1
191, 0.00, 28.39, 9
192, 0.00, 28.39, 43
194, 0.00, 28.39, 4
195, 0.00, 28.39, 1
196, 0.00, 28.39, 1
203, 0.00, 28.39, 2
205, 0.00, 28.39, 6
206, 0.00, 28.39, 1
215, 0.00, 28.39, 1
221, 0.00, 28.39, 1
223, 0.00, 28.39, 1
228, 0.00, 28.39, 1
229, 0.00, 28.39, 1
230, 0.00, 28.39, 1
231, 0.00, 28.39, 1
233, 0.00, 28.39, 1
234, 0.00, 28.39, 5
235, 0.00, 28.39, 4
242, 0.00, 28.39, 4
243, 0.00, 28.39, 1
250, 0.00, 28.39, 1
255, 0.00, 28.39, 2
256, 0.00, 28.39, 42
258, 0.00, 28.39, 2
271, 0.01, 28.40, 138
274, 0.00, 28.40, 1
276, 0.00, 28.40, 16
278, 0.00, 28.40, 1
281, 0.00, 28.40, 2
285, 0.00, 28.40, 3
286, 0.00, 28.40, 4
288, 0.00, 28.40, 1
289, 0.00, 28.40, 1
295, 0.00, 28.40, 1
301, 0.00, 28.40, 5
302, 0.00, 28.40, 4
320, 0.00, 28.41, 29
321, 0.00, 28.41, 4
329, 0.00, 28.41, 1
367, 0.00, 28.41, 1
368, 0.00, 28.41, 5
369, 0.00, 28.41, 4
372, 0.00, 28.41, 1
383, 0.00, 28.41, 9
384, 0.00, 28.41, 17
399, 0.00, 28.41, 1
400, 0.00, 28.41, 2
422, 0.00, 28.41, 1
449, 0.00, 28.41, 1
450, 0.00, 28.41, 1
477, 0.00, 28.41, 72
478, 0.00, 28.41, 1
480, 0.00, 28.41, 3
481, 0.00, 28.41, 4
502, 0.00, 28.41, 3
503, 0.00, 28.41, 4
511, 0.00, 28.41, 1
512, 0.00, 28.41, 1
516, 0.00, 28.41, 1
543, 0.00, 28.42, 74
544, 0.00, 28.42, 1
640, 0.00, 28.42, 13
666, 0.00, 28.42, 1
673, 0.00, 28.42, 1
704, 0.00, 28.42, 1
762, 0.00, 28.42, 2
767, 0.00, 28.42, 6
768, 0.00, 28.42, 3
776, 0.00, 28.42, 3
777, 0.00, 28.42, 4
819, 0.00, 28.42, 1
820, 0.00, 28.42, 1
821, 0.00, 28.42, 1
822, 0.00, 28.42, 1
823, 0.00, 28.42, 1
824, 0.00, 28.42, 1
825, 0.00, 28.42, 1
826, 0.00, 28.42, 1
827, 0.00, 28.42, 1
828, 0.00, 28.42, 1
829, 0.00, 28.42, 1
830, 0.00, 28.42, 1
831, 0.00, 28.42, 1
832, 0.00, 28.42, 1
833, 0.00, 28.42, 1
834, 0.00, 28.42, 1
835, 0.00, 28.42, 1
836, 0.00, 28.42, 1
837, 0.00, 28.42, 1
838, 0.00, 28.42, 1
839, 0.00, 28.42, 1
840, 0.00, 28.42, 1
841, 0.00, 28.42, 1
842, 0.00, 28.42, 1
843, 0.00, 28.42, 1
844, 0.00, 28.42, 1
845, 0.00, 28.42, 1
846, 0.00, 28.42, 1
847, 0.00, 28.42, 1
848, 0.00, 28.42, 1
849, 0.00, 28.42, 1
850, 0.00, 28.42, 1
851, 0.00, 28.42, 1
852, 0.00, 28.42, 1
853, 0.00, 28.42, 1
854, 0.00, 28.42, 1
855, 0.00, 28.42, 1
856, 0.00, 28.42, 1
857, 0.00, 28.42, 1
858, 0.00, 28.42, 1
859, 0.00, 28.42, 1
860, 0.00, 28.42, 1
861, 0.00, 28.42, 1
862, 0.00, 28.42, 1
863, 0.00, 28.42, 1
864, 0.00, 28.42, 1
865, 0.00, 28.42, 1
866, 0.00, 28.42, 1
867, 0.00, 28.42, 1
868, 0.00, 28.42, 1
869, 0.00, 28.42, 1
870, 0.00, 28.42, 1
871, 0.00, 28.42, 1
872, 0.00, 28.42, 1
873, 0.00, 28.42, 1
874, 0.00, 28.42, 1
875, 0.00, 28.42, 1
876, 0.00, 28.42, 1
877, 0.00, 28.42, 1
878, 0.00, 28.42, 1
879, 0.00, 28.42, 1
880, 0.00, 28.42, 1
881, 0.00, 28.42, 1
882, 0.00, 28.42, 1
883, 0.00, 28.42, 1
884, 0.00, 28.42, 1
885, 0.00, 28.42, 1
886, 0.00, 28.42, 1
887, 0.00, 28.42, 1
888, 0.00, 28.42, 1
889, 0.00, 28.42, 1
890, 0.00, 28.42, 1
891, 0.00, 28.42, 1
892, 0.00, 28.42, 1
893, 0.00, 28.42, 1
894, 0.00, 28.42, 1
895, 0.00, 28.42, 1
896, 0.00, 28.42, 1
897, 0.00, 28.42, 1
898, 0.00, 28.42, 1
899, 0.00, 28.42, 1
900, 0.00, 28.42, 1
901, 0.00, 28.42, 1
902, 0.00, 28.42, 1
903, 0.00, 28.43, 1
904, 0.00, 28.43, 1
905, 0.00, 28.43, 1
906, 0.00, 28.43, 1
907, 0.00, 28.43, 1
908, 0.00, 28.43, 1
909, 0.00, 28.43, 1
910, 0.00, 28.43, 1
911, 0.00, 28.43, 1
912, 0.00, 28.43, 1
913, 0.00, 28.43, 1
914, 0.00, 28.43, 1
915, 0.00, 28.43, 1
916, 0.00, 28.43, 1
917, 0.00, 28.43, 1
918, 0.00, 28.43, 1
919, 0.00, 28.43, 1
920, 0.00, 28.43, 1
921, 0.00, 28.43, 1
922, 0.00, 28.43, 1
923, 0.00, 28.43, 1
924, 0.00, 28.43, 1
925, 0.00, 28.43, 1
926, 0.00, 28.43, 1
927, 0.00, 28.43, 1
928, 0.00, 28.43, 1
929, 0.00, 28.43, 1
930, 0.00, 28.43, 1
931, 0.00, 28.43, 1
932, 0.00, 28.43, 1
933, 0.00, 28.43, 1
934, 0.00, 28.43, 1
935, 0.00, 28.43, 1
936, 0.00, 28.43, 1
937, 0.00, 28.43, 1
938, 0.00, 28.43, 1
939, 0.00, 28.43, 1
940, 0.00, 28.43, 1
941, 0.00, 28.43, 1
942, 0.00, 28.43, 1
943, 0.00, 28.43, 1
944, 0.00, 28.43, 1
945, 0.00, 28.43, 1
946, 0.00, 28.43, 1
947, 0.00, 28.43, 1
948, 0.00, 28.43, 1
949, 0.00, 28.43, 1
950, 0.00, 28.43, 1
951, 0.00, 28.43, 1
952, 0.00, 28.43, 1
953, 0.00, 28.43, 1
954, 0.00, 28.43, 1
955, 0.00, 28.43, 1
956, 0.00, 28.43, 1
957, 0.00, 28.43, 1
958, 0.00, 28.43, 1
959, 0.00, 28.43, 1
960, 0.00, 28.43, 1
961, 0.00, 28.43, 1
962, 0.00, 28.43, 1
963, 0.00, 28.43, 1
964, 0.00, 28.43, 1
965, 0.00, 28.43, 1
966, 0.00, 28.43, 1
967, 0.00, 28.43, 1
968, 0.00, 28.43, 1
969, 0.00, 28.43, 1
970, 0.00, 28.43, 1
971, 0.00, 28.43, 1
972, 0.00, 28.43, 2
973, 0.00, 28.43, 1
974, 0.00, 28.43, 1
975, 0.00, 28.43, 1
976, 0.00, 28.43, 1
977, 0.00, 28.43, 1
978, 0.00, 28.43, 2
979, 0.00, 28.43, 1
980, 0.00, 28.43, 1
981, 0.00, 28.43, 1
982, 0.00, 28.43, 1
983, 0.00, 28.43, 1
984, 0.00, 28.43, 1
985, 0.00, 28.43, 2
986, 0.00, 28.43, 1
987, 0.00, 28.43, 1
988, 0.00, 28.43, 1
989, 0.00, 28.43, 1
990, 0.00, 28.43, 1
991, 0.00, 28.43, 1
992, 0.00, 28.43, 1
993, 0.00, 28.43, 14
994, 0.00, 28.43, 1
995, 0.00, 28.43, 40
996, 0.00, 28.43, 1
997, 0.00, 28.44, 45
998, 0.00, 28.44, 16
999, 0.00, 28.44, 1
1000, 0.00, 28.44, 21
1001, 0.00, 28.44, 1
1002, 0.00, 28.44, 66
1003, 0.00, 28.44, 18
1004, 0.00, 28.44, 1
1005, 0.00, 28.45, 40
1006, 0.00, 28.45, 1
1007, 0.00, 28.45, 47
1013, 0.00, 28.45, 1
1024, 0.00, 28.45, 32
1063, 0.00, 28.45, 2
1065, 0.00, 28.45, 1
1067, 0.00, 28.45, 1
1078, 0.00, 28.45, 34
1079, 0.00, 28.45, 13
1080, 0.01, 28.46, 130
1081, 0.00, 28.46, 23
1082, 0.00, 28.47, 51
1083, 0.00, 28.47, 33
1084, 0.01, 28.47, 86
1085, 0.00, 28.47, 3
1086, 0.00, 28.48, 65
1087, 0.00, 28.48, 46
1088, 0.00, 28.48, 7
1091, 0.00, 28.48, 2
1093, 0.00, 28.48, 1
1095, 0.00, 28.48, 1
1158, 0.00, 28.48, 1
1167, 0.00, 28.48, 13
1169, 0.00, 28.48, 19
1171, 0.00, 28.48, 17
1172, 0.00, 28.48, 7
1173, 0.00, 28.48, 5
1174, 0.00, 28.48, 8
1175, 0.00, 28.48, 3
1176, 0.00, 28.49, 55
1186, 0.00, 28.49, 1
1207, 0.00, 28.49, 1
1234, 0.00, 28.49, 1
1280, 0.00, 28.49, 8
1348, 0.00, 28.49, 1
1356, 0.00, 28.49, 2
1366, 0.00, 28.49, 1
1525, 0.00, 28.49, 1
1535, 0.00, 28.49, 5
2048, 0.00, 28.49, 1
2102, 0.00, 28.49, 1
2133, 0.00, 28.49, 18
2135, 0.00, 28.49, 65
2137, 0.00, 28.50, 17
2138, 0.00, 28.50, 8
2139, 0.00, 28.50, 22
2141, 0.00, 28.50, 65
2143, 0.00, 28.50, 17
2144, 0.00, 28.50, 8
2145, 0.00, 28.50, 9
2161, 0.00, 28.50, 1
2175, 0.00, 28.50, 17
2508, 0.00, 28.50, 2
2560, 0.00, 28.50, 1
2571, 0.00, 28.51, 84
2573, 0.00, 28.51, 65
2575, 0.00, 28.51, 13
2576, 0.00, 28.51, 6
2577, 0.00, 28.52, 22
2578, 0.00, 28.52, 19
2579, 0.00, 28.52, 6
2580, 0.00, 28.52, 25
2581, 0.00, 28.52, 31
2582, 0.00, 28.52, 7
2612, 0.00, 28.52, 1
2640, 0.00, 28.52, 1
2728, 0.00, 28.52, 1
2880, 0.00, 28.52, 12
2882, 0.00, 28.52, 7
2884, 0.00, 28.52, 3
2885, 0.00, 28.52, 21
2886, 0.00, 28.52, 17
2887, 0.00, 28.52, 11
2888, 0.00, 28.53, 5
2889, 0.00, 28.53, 17
2890, 0.00, 28.53, 15
2891, 0.00, 28.53, 11
2892, 0.00, 28.53, 19
2893, 0.00, 28.53, 35
2894, 0.00, 28.53, 7
2895, 0.00, 28.53, 4
2896, 0.00, 28.53, 6
2897, 0.00, 28.53, 2
2898, 0.00, 28.54, 80
2899, 0.00, 28.54, 21
2900, 0.00, 28.54, 4
2959, 0.00, 28.54, 1
2987, 0.00, 28.54, 1
3066, 0.00, 28.54, 12
3068, 0.00, 28.54, 7
3070, 0.00, 28.54, 3
3071, 0.00, 28.54, 24
3072, 0.00, 28.54, 17
3073, 0.00, 28.54, 26
3074, 0.00, 28.54, 6
3075, 0.00, 28.54, 5
3076, 0.00, 28.55, 17
3077, 0.00, 28.55, 15
3078, 0.00, 28.55, 5
3079, 0.00, 28.55, 17
3080, 0.00, 28.55, 25
3081, 0.00, 28.55, 6
3082, 0.00, 28.55, 5
3083, 0.00, 28.55, 17
3084, 0.00, 28.55, 15
3085, 0.00, 28.55, 46
3086, 0.00, 28.56, 22
3087, 0.00, 28.56, 26
3129, 0.00, 28.56, 1
3173, 0.00, 28.56, 1
3201, 0.00, 28.56, 1
3619, 0.00, 28.56, 1
3891, 0.00, 28.56, 1
3896, 0.00, 28.56, 13
3898, 0.00, 28.56, 19
3900, 0.00, 28.56, 23
3902, 0.00, 28.56, 21
3903, 0.00, 28.56, 7
3904, 0.00, 28.56, 6
3905, 0.00, 28.56, 7
3906, 0.00, 28.57, 65
3908, 0.00, 28.57, 79
3909, 0.00, 28.57, 5
3910, 0.00, 28.57, 17
3912, 0.00, 28.58, 65
3914, 0.00, 28.58, 35
3932, 0.00, 28.58, 1
4096, 0.00, 28.58, 1
4351, 0.00, 28.58, 6
4633, 0.00, 28.58, 1
6143, 0.00, 28.58, 1
6697, 0.02, 28.59, 256
6699, 0.00, 28.60, 65
6701, 0.00, 28.60, 13
6702, 0.00, 28.60, 6
6703, 0.00, 28.60, 22
6704, 0.00, 28.60, 19
6705, 0.00, 28.60, 6
6706, 0.00, 28.60, 25
6707, 0.00, 28.61, 31
6708, 0.00, 28.61, 9
6709, 0.00, 28.61, 4
6710, 0.00, 28.61, 15
6711, 0.00, 28.61, 7
6712, 0.00, 28.61, 9
6713, 0.00, 28.61, 22
6715, 0.00, 28.61, 65
6717, 0.00, 28.61, 13
6718, 0.00, 28.61, 6
6719, 0.00, 28.62, 22
6720, 0.00, 28.62, 19
6721, 0.00, 28.62, 6
6722, 0.00, 28.62, 25
6723, 0.00, 28.62, 31
6724, 0.00, 28.62, 9
6725, 0.00, 28.62, 4
6726, 0.00, 28.62, 15
6727, 0.00, 28.62, 7
6728, 0.00, 28.62, 9
6729, 0.00, 28.62, 15
6839, 0.00, 28.62, 1
6867, 0.00, 28.62, 1
8425, 0.00, 28.62, 1
8703, 0.00, 28.62, 2
12184, 0.00, 28.62, 3
12287, 0.00, 28.62, 1
14116, 0.00, 28.62, 3
17407, 0.00, 28.62, 1
58692, 0.00, 28.62, 1
Scalar Alloc
5253.00K, 146.00M
0, 4.08, 4.08, 214579
1, 33.16, 37.25, 0x001a9595
2, 19.92, 57.17, 1046397
3, 21.56, 78.72, 0x001147d3
4, 8.40, 87.12, 441167
5, 8.34, 95.46, 437952
6, 1.84, 97.30, 96782
7, 0.46, 97.76, 24273
8, 0.85, 98.61, 44527
9, 0.66, 99.27, 34694
10, 0.24, 99.51, 12446
11, 0.11, 99.62, 5870
12, 1.06, 100.68, 55904
13, 0.00, 100.68, 152
14, 0.10, 100.78, 5077
15, 0.09, 100.88, 4988
17, 0.00, 100.88, 195
19, 0.00, 100.88, 62
23, 0.00, 100.88, 5
24, 0.07, 100.95, 3573
29, 0.00, 100.95, 18
32, 0.02, 100.97, 1106
34, 0.00, 100.97, 5
43, 0.00, 100.97, 5
45, 0.00, 100.97, 5
