*********************************************************
* PseudoJDBCBench v1.1                                  *
*********************************************************

Scale factor value: 64
Number of clients: 20
Number of transactions per client: 40

Initializing dataset...DBMS: HSQL Database Engine
In transaction mode
	80000	 records inserted
	160000	 records inserted
	240000	 records inserted
	320000	 records inserted
	400000	 records inserted
	480000	 records inserted
	560000	 records inserted
	640000	 records inserted
done.

* Starting Benchmark Run *

* Benchmark Report *
* Featuring <direct queries> <auto-commit> 
--------------------
0 / 800 failed to complete.

* Benchmark Report *
* Featuring <direct queries> <transactions> 
--------------------
0 / 800 failed to complete.

* Benchmark Report *
* Featuring <prepared statements> <auto-commit> 
--------------------
0 / 800 failed to complete.

* Benchmark Report *
* Featuring <prepared statements> <transactions> 
--------------------
0 / 800 failed to complete.
*********************************************************
* PseudoJDBCBench v1.1                                  *
*********************************************************

Scale factor value: 64
Number of clients: 20
Number of transactions per client: 40

Initializing dataset...DBMS: HSQL Database Engine
In transaction mode
	80000	 records inserted
	160000	 records inserted
	240000	 records inserted
	320000	 records inserted
	400000	 records inserted
	480000	 records inserted
	560000	 records inserted
	640000	 records inserted
done.

* Starting Benchmark Run *

* Benchmark Report *
* Featuring <direct queries> <auto-commit> 
--------------------
0 / 800 failed to complete.

* Benchmark Report *
* Featuring <direct queries> <transactions> 
--------------------
0 / 800 failed to complete.

* Benchmark Report *
* Featuring <prepared statements> <auto-commit> 
--------------------
0 / 800 failed to complete.

* Benchmark Report *
* Featuring <prepared statements> <transactions> 
--------------------
0 / 800 failed to complete.
============================ MMTk Statistics Totals ============================
GC	time.mu	time.gc	refType	scan	finalize	prepare	stacks	root	forward	release	init	finish	old-root	new-root	mods	decs	closure-bt	inc.mu	inc.gc	dec.mu	dec.gc	
130	2363.91	743.02	0.00	5.45	0.00	10.37	6.56	11.55	0.00	213.59	7.84	7.87	5.90	18.79	256.57	38.68	161.79	0	7909878	0	490209	
Total time: 3106.94 ms
------------------------------ End MMTk Statistics -----------------------------
Fast path
1, 0.04, 0.00, 0.00, 0.00,  | 1673K, 0, 0, 0, 
2, 0.07, 0.10, 0.00, 0.00,  | 3050K, 4122K, 0, 0, 
3, 0.03, 0.09, 0.02, 0.00,  | 1195K, 3891K, 812K, 0, 
4, 0.04, 0.03, 0.02, 0.01,  | 1572K, 1383K, 1000K, 311K, 
5, 0.02, 0.04, 0.07, 0.13,  | 830K, 1592K, 3006K, 5313K, 
6, 0.00, 0.00, 0.00, 0.00,  | 18545, 14334, 16700, 47229, 
7, 0.00, 0.02, 0.00, 0.00,  | 48563, 665K, 186K, 96687, 
8, 0.00, 0.00, 0.00, 0.00,  | 30279, 35998, 43077, 161K, 
9, 0.00, 0.00, 0.00, 0.01,  | 47269, 26417, 47792, 384K, 
10, 0.00, 0.00, 0.00, 0.00,  | 3700, 401, 3825, 45191, 
11, 0.00, 0.00, 0.00, 0.00,  | 85, 85, 85, 722, 
12, 0.00, 0.00, 0.00, 0.01,  | 46548, 86995, 100K, 525K, 
13, 0.00, 0.00, 0.00, 0.00,  | 6415, 4810, 4806, 48115, 
14, 0.00, 0.00, 0.00, 0.00,  | 8910, 9035, 9091, 132K, 
15, 0.00, 0.03, 0.00, 0.00,  | 406, 1297K, 609, 3646, 
16, 0.00, 0.00, 0.03, 0.00,  | 24191, 22589, 1316K, 113K, 
18, 0.00, 0.00, 0.00, 0.00,  | 1, 1, 1, 40, 
19, 0.00, 0.00, 0.00, 0.00,  | 240, 255, 240, 2502, 
24, 0.00, 0.00, 0.00, 0.00,  | 3967, 4135, 4135, 88972, 
29, 0.00, 0.00, 0.00, 0.00,  | 81, 81, 81, 2176, 
32, 0.00, 0.00, 0.00, 0.00,  | 3, 3, 3, 83, 
        ********, 0.00, 0.00, 0.00, 0.00,  | 0, 0, 0, 0, 
        RefArray, 0.04, 0.04, 0.02, 0.06,  | 1699K, 1536K, 784K, 2309K, 
           TOTAL, 0.24, 0.35, 0.18, 0.23,  | 10258K, 14693K, 7338K, 9583K, 
    Scalar TOTAL, 0.24, 0.37, 0.18, 0.20,  | 8558K, 13156K, 6553K, 7274K, 

Object Slow
1, 0.00, 0.00, 0.00, 0.00,  | 22413, 0, 0, 0, 
2, 0.07, 0.07, 0.00, 0.00,  | 661K, 652K, 0, 0, 
3, 0.00, 0.03, 0.02, 0.00,  | 9623, 270K, 156K, 0, 
4, 0.00, 0.00, 0.07, 0.00,  | 12118, 27661, 685K, 25991, 
5, 0.01, 0.02, 0.02, 0.04,  | 109K, 186K, 189K, 347K, 
6, 0.00, 0.00, 0.00, 0.00,  | 1386, 16, 16, 12561, 
7, 0.00, 0.07, 0.00, 0.00,  | 804, 643K, 24512, 10, 
8, 0.00, 0.00, 0.00, 0.00,  | 86, 124, 98, 170, 
9, 0.00, 0.00, 0.00, 0.00,  | 468, 69, 634, 3135, 
10, 0.00, 0.00, 0.00, 0.00,  | 14, 8, 7, 17802, 
11, 0.00, 0.00, 0.00, 0.00,  | 11, 11, 0, 36, 
12, 0.00, 0.00, 0.00, 0.02,  | 30168, 33519, 39966, 138K, 
14, 0.00, 0.00, 0.00, 0.00,  | 430, 433, 436, 30588, 
15, 0.00, 0.14, 0.00, 0.00,  | 164, 1286K, 165, 1645, 
16, 0.00, 0.00, 0.14, 0.00,  | 83, 76, 1291K, 114, 
18, 0.00, 0.00, 0.00, 0.00,  | 0, 0, 0, 25, 
19, 0.00, 0.00, 0.00, 0.00,  | 74, 87, 74, 519, 
24, 0.00, 0.00, 0.00, 0.00,  | 0, 0, 0, 12844, 
29, 0.00, 0.00, 0.00, 0.00,  | 1, 1, 1, 423, 
32, 0.00, 0.00, 0.00, 0.00,  | 0, 0, 0, 3, 
        ********, 0.00, 0.00, 0.00, 0.00,  | 0, 0, 0, 0, 
        RefArray, 0.08, 0.08, 0.00, 0.09,  | 692K, 697K, 28376, 802K, 
           TOTAL, 0.17, 0.41, 0.26, 0.15,  | 1541K, 3797K, 2417K, 1394K, 
    Scalar TOTAL, 0.12, 0.45, 0.34, 0.09,  | 849K, 3100K, 2389K, 592K, 

Field Slow
1, 0.01, 0.00, 0.00, 0.00,  | 12170, 0, 0, 0, 
2, 0.01, 0.00, 0.00, 0.00,  | 9648, 4380, 0, 0, 
3, 0.00, 0.04, 0.03, 0.00,  | 1716, 40492, 35099, 0, 
4, 0.01, 0.00, 0.01, 0.00,  | 6132, 653, 14718, 4982, 
5, 0.06, 0.11, 0.09, 0.21,  | 63706, 116K, 100K, 221K, 
6, 0.00, 0.00, 0.00, 0.00,  | 883, 16, 16, 1949, 
7, 0.00, 0.00, 0.00, 0.00,  | 803, 283, 204, 10, 
8, 0.00, 0.00, 0.00, 0.00,  | 84, 49, 57, 133, 
9, 0.00, 0.00, 0.00, 0.00,  | 262, 69, 152, 648, 
10, 0.00, 0.00, 0.00, 0.00,  | 13, 6, 5, 152, 
11, 0.00, 0.00, 0.00, 0.00,  | 11, 11, 0, 36, 
12, 0.02, 0.01, 0.01, 0.07,  | 20000, 15186, 15677, 72412, 
14, 0.00, 0.00, 0.00, 0.00,  | 262, 99, 99, 631, 
15, 0.00, 0.00, 0.00, 0.00,  | 164, 286, 165, 1645, 
16, 0.00, 0.00, 0.00, 0.00,  | 81, 76, 258, 113, 
18, 0.00, 0.00, 0.00, 0.00,  | 0, 0, 0, 11, 
19, 0.00, 0.00, 0.00, 0.00,  | 74, 78, 74, 500, 
24, 0.00, 0.00, 0.00, 0.00,  | 0, 0, 0, 72, 
29, 0.00, 0.00, 0.00, 0.00,  | 1, 1, 1, 203, 
32, 0.00, 0.00, 0.00, 0.00,  | 0, 0, 0, 2, 
        ********, 0.00, 0.00, 0.00, 0.00,  | 0, 0, 0, 0, 
        RefArray, 0.02, 0.02, 0.01, 0.25,  | 18448, 18809, 8959, 265K, 
           TOTAL, 0.12, 0.18, 0.16, 0.53,  | 134K, 196K, 176K, 570K, 
    Scalar TOTAL, 0.15, 0.23, 0.22, 0.40,  | 116K, 177K, 167K, 304K, 
