4 query batches completed
8 query batches completed
12 query batches completed
16 query batches completed
20 query batches completed
24 query batches completed
28 query batches completed
32 query batches completed
4 query batches completed
8 query batches completed
12 query batches completed
16 query batches completed
20 query batches completed
24 query batches completed
28 query batches completed
32 query batches completed
============================ MMTk Statistics Totals ============================
GC	time.mu	time.gc	refType	scan	finalize	prepare	stacks	root	forward	release	init	finish	old-root	new-root	mods	decs	closure-bt	inc.mu	inc.gc	dec.mu	dec.gc	
137	1979.57	299.03	0.00	5.99	0.00	30.38	14.48	10.22	0.00	97.79	7.54	7.68	6.11	14.65	70.83	22.08	11.01	0	1643320	0	304465	
Total time: 2278.60 ms
------------------------------ End MMTk Statistics -----------------------------
Fast path
1, 0.08, 0.00, 0.00, 0.00,  | 4691K, 0, 0, 0, 
2, 0.06, 0.06, 0.00, 0.00,  | 3546K, 3740K, 0, 0, 
3, 0.25, 0.04, 0.24, 0.00,  | 15616K, 2519K, 15171K, 0, 
4, 0.02, 0.02, 0.02, 0.02,  | 1450K, 1488K, 1316K, 1160K, 
5, 0.01, 0.01, 0.01, 0.02,  | 393K, 455K, 414K, 961K, 
6, 0.00, 0.00, 0.00, 0.00,  | 17560, 10259, 13781, 57347, 
7, 0.01, 0.01, 0.01, 0.02,  | 407K, 400K, 819K, 1377K, 
8, 0.00, 0.00, 0.00, 0.00,  | 21075, 15813, 21791, 69333, 
9, 0.00, 0.00, 0.00, 0.00,  | 16418, 8628, 15770, 159K, 
10, 0.00, 0.00, 0.00, 0.00,  | 47, 86, 184, 17823, 
11, 0.00, 0.00, 0.00, 0.00,  | 23, 23, 23, 197, 
12, 0.00, 0.00, 0.00, 0.01,  | 30698, 80397, 83355, 415K, 
14, 0.00, 0.00, 0.00, 0.00,  | 147, 165, 165, 657, 
15, 0.00, 0.00, 0.00, 0.04,  | 130K, 130K, 130K, 2308K, 
16, 0.00, 0.00, 0.00, 0.00,  | 64, 64, 32, 320, 
19, 0.00, 0.00, 0.00, 0.00,  | 16, 16, 16, 310, 
24, 0.00, 0.00, 0.00, 0.00,  | 3436, 3452, 3452, 65091, 
29, 0.00, 0.00, 0.00, 0.00,  | 32, 32, 32, 2456, 
        ********, 0.00, 0.00, 0.00, 0.00,  | 0, 0, 0, 0, 
        RefArray, 0.01, 0.01, 0.00, 0.02,  | 776K, 357K, 132K, 929K, 
           TOTAL, 0.44, 0.15, 0.29, 0.12,  | 27101K, 9203K, 18122K, 7524K, 
    Scalar TOTAL, 0.44, 0.15, 0.30, 0.11,  | 26325K, 8845K, 17990K, 6594K, 

Object Slow
1, 0.00, 0.00, 0.00, 0.00,  | 17849, 0, 0, 0, 
2, 0.00, 0.00, 0.00, 0.00,  | 42689, 21156, 0, 0, 
3, 0.47, 0.00, 0.47, 0.00,  | 14451K, 9906, 14419K, 0, 
4, 0.00, 0.00, 0.00, 0.00,  | 27788, 28557, 129K, 112K, 
5, 0.00, 0.01, 0.00, 0.01,  | 122K, 159K, 101K, 286K, 
6, 0.00, 0.00, 0.00, 0.00,  | 5269, 15, 645, 33647, 
7, 0.00, 0.00, 0.00, 0.00,  | 1950, 1025, 5929, 5187, 
8, 0.00, 0.00, 0.00, 0.00,  | 293, 129, 296, 220, 
9, 0.00, 0.00, 0.00, 0.00,  | 14, 1, 5, 5199, 
10, 0.00, 0.00, 0.00, 0.00,  | 10, 7, 7, 5843, 
11, 0.00, 0.00, 0.00, 0.00,  | 13, 13, 0, 38, 
12, 0.00, 0.00, 0.00, 0.01,  | 27742, 53538, 54387, 170K, 
14, 0.00, 0.00, 0.00, 0.00,  | 129, 137, 137, 475, 
15, 0.00, 0.00, 0.00, 0.00,  | 25, 202, 202, 4914, 
16, 0.00, 0.00, 0.00, 0.00,  | 37, 32, 0, 18, 
19, 0.00, 0.00, 0.00, 0.00,  | 0, 0, 0, 130, 
24, 0.00, 0.00, 0.00, 0.00,  | 0, 0, 0, 161, 
29, 0.00, 0.00, 0.00, 0.00,  | 2, 2, 2, 1796, 
        ********, 0.00, 0.00, 0.00, 0.00,  | 0, 0, 0, 0, 
        RefArray, 0.00, 0.00, 0.00, 0.00,  | 26511, 22591, 11200, 78889, 
           TOTAL, 0.48, 0.01, 0.48, 0.02,  | 14723K, 295K, 14723K, 704K, 
    Scalar TOTAL, 0.48, 0.01, 0.49, 0.02,  | 14696K, 272K, 14712K, 625K, 

Field Slow
1, 0.01, 0.00, 0.00, 0.00,  | 9673, 0, 0, 0, 
2, 0.01, 0.01, 0.00, 0.00,  | 7093, 3753, 0, 0, 
3, 0.02, 0.01, 0.03, 0.00,  | 14330, 7891, 19041, 0, 
4, 0.01, 0.00, 0.03, 0.01,  | 6014, 908, 19689, 3796, 
5, 0.11, 0.12, 0.08, 0.25,  | 79284, 87588, 57416, 175K, 
6, 0.00, 0.00, 0.00, 0.00,  | 1026, 15, 480, 2601, 
7, 0.00, 0.00, 0.00, 0.00,  | 1625, 1013, 876, 2769, 
8, 0.00, 0.00, 0.00, 0.00,  | 273, 93, 226, 196, 
9, 0.00, 0.00, 0.00, 0.00,  | 12, 1, 5, 857, 
10, 0.00, 0.00, 0.00, 0.00,  | 10, 6, 6, 103, 
11, 0.00, 0.00, 0.00, 0.00,  | 12, 12, 0, 36, 
12, 0.02, 0.03, 0.03, 0.12,  | 15776, 22924, 22938, 86510, 
14, 0.00, 0.00, 0.00, 0.00,  | 61, 53, 53, 162, 
15, 0.00, 0.00, 0.00, 0.00,  | 25, 202, 202, 2507, 
16, 0.00, 0.00, 0.00, 0.00,  | 37, 32, 0, 18, 
19, 0.00, 0.00, 0.00, 0.00,  | 0, 0, 0, 92, 
24, 0.00, 0.00, 0.00, 0.00,  | 0, 0, 0, 131, 
29, 0.00, 0.00, 0.00, 0.00,  | 2, 2, 2, 574, 
        ********, 0.00, 0.00, 0.00, 0.00,  | 0, 0, 0, 0, 
        RefArray, 0.02, 0.02, 0.01, 0.03,  | 12116, 10761, 5719, 22964, 
           TOTAL, 0.21, 0.19, 0.18, 0.42,  | 147K, 135K, 126K, 297K, 
    Scalar TOTAL, 0.21, 0.19, 0.18, 0.42,  | 135K, 124K, 120K, 274K, 
Array Alloc
13257.00K, 3487.00M
0, 1.99, 1.99, 263430
1, 2.48, 4.46, 328276
2, 0.49, 4.95, 64885
3, 0.89, 5.84, 117529
4, 0.12, 5.96, 16436
5, 2.43, 8.39, 321713
6, 0.33, 8.72, 43952
7, 0.10, 8.82, 13526
8, 0.10, 8.93, 13699
9, 0.05, 8.97, 6096
10, 10.59, 19.57, 0x00156e5c
11, 0.01, 19.57, 1099
12, 0.02, 19.59, 2409
13, 0.00, 19.60, 516
14, 0.00, 19.60, 425
15, 0.04, 19.64, 4885
16, 0.49, 20.13, 65450
17, 0.00, 20.13, 412
18, 0.00, 20.13, 221
19, 0.00, 20.14, 221
20, 0.16, 20.29, 20965
21, 0.00, 20.30, 185
22, 0.00, 20.30, 150
23, 0.00, 20.30, 132
24, 0.01, 20.30, 800
25, 0.00, 20.31, 115
26, 0.00, 20.31, 93
27, 0.00, 20.31, 71
28, 0.00, 20.31, 302
29, 0.00, 20.31, 191
30, 0.00, 20.31, 100
31, 0.00, 20.31, 91
32, 0.00, 20.31, 280
33, 0.01, 20.32, 1260
34, 0.00, 20.32, 76
35, 0.00, 20.33, 215
36, 0.00, 20.33, 64
37, 0.00, 20.33, 156
38, 0.00, 20.33, 136
39, 0.00, 20.33, 66
40, 0.02, 20.35, 2612
41, 0.00, 20.35, 69
42, 0.00, 20.35, 54
43, 0.00, 20.35, 147
44, 0.00, 20.35, 58
45, 0.00, 20.35, 56
46, 0.00, 20.35, 42
47, 0.00, 20.35, 63
48, 0.00, 20.35, 419
49, 0.00, 20.36, 42
50, 0.00, 20.36, 52
51, 0.00, 20.36, 15
52, 0.00, 20.36, 33
53, 0.00, 20.36, 22
54, 0.00, 20.36, 45
55, 0.00, 20.36, 25
56, 0.00, 20.36, 33
57, 0.00, 20.36, 22
58, 0.00, 20.36, 34
59, 0.00, 20.36, 61
60, 0.00, 20.36, 21
61, 0.00, 20.36, 26
62, 0.00, 20.36, 37
63, 0.00, 20.36, 58
64, 0.00, 20.36, 29
65, 0.00, 20.36, 10
66, 0.00, 20.36, 35
67, 0.01, 20.37, 820
68, 0.00, 20.37, 61
69, 0.00, 20.37, 8
70, 0.00, 20.37, 15
71, 0.00, 20.37, 79
72, 0.00, 20.37, 30
73, 0.00, 20.37, 24
74, 0.00, 20.37, 18
75, 0.00, 20.37, 51
76, 0.00, 20.37, 13
77, 0.00, 20.37, 14
78, 0.00, 20.37, 20
79, 0.00, 20.37, 8
80, 0.01, 20.38, 1135
81, 0.00, 20.38, 14
82, 0.00, 20.38, 28
83, 0.00, 20.38, 17
84, 0.00, 20.38, 25
85, 0.00, 20.38, 19
86, 0.00, 20.38, 38
87, 0.00, 20.38, 10
88, 0.00, 20.38, 28
89, 0.00, 20.38, 7
90, 0.00, 20.38, 7
91, 0.00, 20.38, 13
92, 0.00, 20.38, 22
93, 0.00, 20.38, 28
94, 0.00, 20.38, 41
95, 0.00, 20.38, 27
96, 0.00, 20.38, 325
97, 0.00, 20.38, 4
98, 0.00, 20.38, 2
99, 0.00, 20.38, 8
100, 0.00, 20.38, 60
101, 1.97, 22.36, 261785
102, 0.00, 22.36, 6
103, 0.00, 22.36, 8
104, 0.00, 22.36, 3
105, 0.00, 22.36, 34
106, 0.00, 22.36, 10
107, 0.00, 22.36, 5
108, 0.00, 22.36, 29
109, 0.00, 22.36, 19
110, 0.00, 22.36, 10
111, 0.00, 22.36, 12
112, 0.00, 22.36, 2
113, 0.00, 22.36, 5
114, 0.00, 22.36, 8
116, 0.00, 22.36, 1
117, 0.00, 22.36, 2
118, 0.00, 22.36, 3
119, 0.00, 22.36, 5
120, 0.00, 22.36, 6
121, 0.00, 22.36, 2
122, 0.00, 22.36, 5
123, 0.00, 22.36, 24
124, 0.00, 22.36, 5
125, 0.00, 22.36, 2
126, 0.00, 22.36, 37
127, 0.00, 22.36, 11
128, 0.00, 22.36, 12
129, 0.00, 22.36, 8
130, 0.00, 22.36, 3
131, 0.00, 22.36, 14
132, 0.00, 22.36, 6
133, 0.00, 22.36, 5
134, 0.00, 22.36, 20
135, 0.00, 22.36, 603
136, 0.00, 22.36, 7
137, 0.00, 22.36, 24
138, 0.00, 22.36, 1
139, 0.00, 22.36, 8
140, 0.00, 22.36, 6
141, 0.00, 22.36, 2
142, 0.00, 22.36, 1
143, 0.00, 22.36, 4
144, 0.00, 22.36, 3
145, 0.00, 22.36, 1
146, 0.00, 22.36, 5
147, 0.00, 22.36, 5
148, 0.00, 22.36, 2
149, 0.00, 22.36, 8
150, 0.00, 22.36, 14
151, 0.00, 22.36, 12
153, 0.00, 22.36, 5
154, 0.00, 22.36, 5
155, 0.00, 22.36, 3
156, 0.00, 22.36, 1
157, 0.00, 22.36, 5
159, 0.00, 22.36, 2
160, 0.00, 22.37, 337
162, 0.00, 22.37, 1
163, 0.00, 22.37, 5
164, 0.00, 22.37, 6
165, 0.00, 22.37, 12
166, 0.00, 22.37, 5
167, 0.00, 22.37, 1
168, 0.00, 22.37, 3
169, 0.00, 22.37, 1
170, 0.00, 22.37, 3
172, 0.00, 22.37, 1
174, 0.00, 22.37, 1
177, 0.00, 22.37, 2
179, 0.00, 22.37, 1
180, 0.00, 22.37, 2
181, 0.00, 22.37, 6
182, 0.00, 22.37, 4
183, 0.00, 22.37, 2
184, 0.00, 22.37, 38
185, 0.00, 22.37, 9
187, 0.00, 22.37, 8
188, 0.00, 22.37, 2
189, 0.00, 22.37, 1
190, 0.00, 22.37, 1
191, 0.00, 22.37, 10
192, 0.00, 22.37, 130
193, 0.00, 22.37, 5
194, 0.00, 22.37, 5
195, 0.00, 22.37, 8
196, 0.00, 22.37, 8
197, 0.00, 22.37, 14
198, 0.00, 22.37, 2
200, 0.00, 22.37, 1
201, 0.00, 22.37, 3
202, 0.00, 22.37, 4
203, 0.00, 22.37, 4
204, 0.00, 22.37, 1
205, 0.00, 22.37, 5
207, 0.00, 22.37, 3
208, 0.00, 22.37, 128
209, 0.00, 22.37, 1
210, 0.00, 22.37, 7
211, 0.00, 22.37, 5
212, 0.00, 22.37, 1
213, 0.00, 22.37, 9
214, 0.00, 22.37, 3
215, 0.00, 22.37, 46
216, 0.00, 22.37, 3
217, 0.00, 22.37, 1
220, 0.00, 22.37, 10
221, 0.00, 22.37, 11
222, 0.00, 22.37, 1
223, 0.00, 22.37, 1
225, 0.00, 22.37, 4
228, 0.00, 22.37, 2
229, 0.00, 22.37, 12
230, 0.00, 22.37, 5
231, 0.00, 22.37, 1
232, 0.00, 22.37, 2
233, 0.00, 22.37, 3
234, 0.00, 22.37, 1
235, 0.00, 22.37, 2
236, 0.00, 22.37, 1
237, 0.00, 22.37, 5
238, 0.00, 22.37, 15
239, 0.00, 22.37, 1
240, 0.00, 22.37, 45
244, 0.00, 22.37, 1
246, 0.00, 22.37, 1
247, 0.00, 22.37, 1
248, 0.00, 22.37, 1
249, 0.00, 22.37, 3
250, 0.00, 22.37, 1
251, 0.00, 22.37, 21
252, 0.00, 22.37, 18
253, 0.00, 22.37, 3
254, 0.00, 22.37, 2
255, 0.00, 22.37, 2
256, 0.00, 22.37, 3
258, 0.00, 22.37, 5
259, 0.00, 22.37, 4
260, 0.00, 22.37, 6
261, 0.00, 22.37, 1
262, 0.00, 22.37, 1
263, 0.00, 22.37, 27
265, 0.00, 22.37, 2
268, 0.00, 22.37, 1
269, 0.00, 22.37, 5
270, 0.00, 22.37, 5
271, 0.00, 22.38, 380
273, 0.00, 22.38, 4
274, 0.00, 22.38, 8
275, 0.00, 22.38, 1
276, 0.00, 22.38, 1
277, 0.00, 22.38, 1
279, 0.00, 22.38, 1
280, 0.00, 22.38, 23
281, 0.00, 22.38, 4
282, 0.00, 22.38, 1
283, 0.00, 22.38, 1
284, 0.00, 22.38, 20
286, 0.00, 22.38, 1
289, 0.00, 22.38, 1
295, 0.00, 22.38, 2
296, 0.00, 22.38, 5
297, 0.00, 22.38, 6
298, 0.00, 22.38, 1
299, 0.00, 22.38, 1
301, 0.00, 22.38, 3
302, 0.00, 22.38, 7
303, 0.00, 22.38, 7
307, 0.00, 22.38, 7
318, 0.00, 22.38, 12
319, 0.00, 22.38, 5
320, 0.00, 22.38, 46
322, 0.00, 22.38, 5
323, 0.00, 22.38, 1
324, 0.00, 22.38, 1
325, 0.00, 22.38, 5
326, 0.00, 22.38, 1
327, 0.00, 22.38, 2
329, 0.00, 22.38, 1
337, 0.00, 22.38, 2
342, 0.00, 22.38, 5
343, 0.00, 22.38, 2
348, 0.00, 22.38, 1
349, 0.00, 22.38, 4
350, 0.00, 22.38, 14
351, 0.00, 22.38, 4
352, 0.00, 22.38, 7
354, 0.00, 22.38, 1
355, 0.00, 22.38, 9
357, 0.00, 22.38, 1
359, 0.00, 22.38, 1
364, 0.00, 22.38, 12
365, 0.00, 22.38, 1
369, 0.00, 22.38, 2
376, 0.00, 22.38, 1
378, 0.00, 22.38, 1
379, 0.00, 22.38, 1
381, 0.00, 22.38, 20
382, 0.00, 22.38, 1
383, 0.00, 22.38, 10
384, 0.00, 22.38, 37
387, 0.00, 22.38, 1
389, 0.00, 22.38, 1
393, 0.00, 22.38, 1
399, 0.00, 22.38, 1
402, 0.00, 22.38, 13
404, 0.00, 22.38, 1
407, 0.00, 22.38, 3
408, 0.00, 22.38, 1
409, 0.00, 22.38, 5
411, 0.00, 22.38, 1
415, 0.00, 22.38, 1
418, 0.00, 22.38, 2
424, 0.00, 22.38, 6
425, 0.00, 22.38, 4
427, 0.00, 22.38, 1
429, 0.00, 22.38, 2
449, 0.00, 22.38, 1
468, 0.00, 22.38, 1
469, 0.00, 22.38, 1
489, 0.00, 22.38, 2
498, 0.00, 22.38, 1
501, 0.00, 22.38, 1
502, 0.00, 22.38, 1
507, 0.00, 22.38, 1
509, 0.00, 22.38, 1
512, 0.00, 22.38, 1
517, 0.00, 22.38, 3
518, 0.00, 22.38, 4
521, 0.00, 22.38, 12
522, 0.00, 22.38, 4
523, 0.00, 22.38, 14
524, 0.00, 22.38, 10
525, 0.00, 22.38, 3
526, 0.00, 22.38, 4
527, 0.00, 22.38, 22
529, 0.00, 22.38, 1
534, 0.00, 22.38, 2
543, 0.00, 22.38, 159
595, 0.00, 22.38, 1
598, 0.00, 22.38, 5
599, 0.00, 22.38, 4
607, 0.00, 22.38, 2
632, 0.00, 22.38, 2
638, 0.00, 22.38, 1
640, 0.00, 22.38, 23
655, 0.00, 22.38, 1
656, 0.00, 22.38, 18
657, 0.00, 22.38, 2
658, 0.00, 22.38, 5
659, 0.00, 22.38, 15
660, 0.00, 22.38, 3
661, 0.00, 22.38, 8
662, 0.00, 22.38, 1
663, 0.00, 22.38, 7
664, 0.00, 22.38, 9
666, 0.00, 22.38, 1
681, 0.00, 22.38, 13
683, 0.00, 22.38, 1
687, 0.00, 22.38, 1
691, 0.00, 22.38, 1
693, 0.00, 22.38, 1
702, 0.00, 22.38, 3
703, 0.00, 22.38, 4
715, 0.00, 22.38, 3
716, 0.00, 22.38, 4
725, 0.00, 22.38, 1
732, 0.00, 22.38, 1
767, 0.00, 22.38, 5
768, 0.00, 22.38, 16
777, 0.00, 22.38, 1
778, 0.00, 22.38, 5
779, 0.00, 22.38, 4
780, 0.00, 22.38, 1
819, 0.00, 22.38, 2
820, 0.00, 22.38, 1
821, 0.00, 22.38, 1
822, 0.00, 22.38, 1
823, 0.00, 22.38, 1
824, 0.00, 22.38, 1
825, 0.00, 22.38, 1
826, 0.00, 22.38, 1
827, 0.00, 22.38, 1
828, 0.00, 22.38, 1
829, 0.00, 22.38, 1
830, 0.00, 22.38, 1
831, 0.00, 22.38, 1
832, 0.00, 22.38, 1
833, 0.00, 22.38, 1
834, 0.00, 22.38, 1
835, 0.00, 22.38, 2
836, 0.00, 22.38, 1
837, 0.00, 22.38, 1
838, 0.00, 22.38, 2
839, 0.00, 22.38, 3
840, 0.00, 22.38, 13
841, 0.00, 22.38, 1
842, 0.00, 22.38, 11
843, 0.00, 22.38, 1
844, 0.00, 22.38, 75
845, 0.00, 22.38, 1
846, 0.00, 22.38, 1
847, 0.00, 22.38, 2
848, 0.00, 22.38, 1
849, 0.00, 22.38, 1
850, 0.00, 22.38, 1
851, 0.00, 22.38, 1
852, 0.00, 22.38, 1
853, 0.00, 22.38, 1
854, 0.00, 22.38, 1
855, 0.00, 22.38, 1
856, 0.00, 22.38, 1
857, 0.00, 22.38, 1
858, 0.00, 22.38, 1
859, 0.00, 22.38, 1
860, 0.00, 22.38, 1
861, 0.00, 22.38, 1
862, 0.00, 22.38, 1
863, 0.00, 22.38, 1
864, 0.00, 22.38, 1
865, 0.00, 22.38, 1
866, 0.00, 22.38, 1
867, 0.00, 22.38, 1
868, 0.00, 22.38, 1
869, 0.00, 22.38, 1
870, 0.00, 22.38, 1
871, 0.00, 22.38, 1
872, 0.00, 22.38, 1
873, 0.00, 22.38, 1
874, 0.00, 22.38, 1
875, 0.00, 22.38, 1
876, 0.00, 22.38, 1
877, 0.00, 22.38, 1
878, 0.00, 22.38, 3
879, 0.00, 22.38, 1
880, 0.00, 22.38, 1
881, 0.00, 22.38, 1
882, 0.00, 22.38, 1
883, 0.00, 22.38, 1
884, 0.00, 22.38, 1
885, 0.00, 22.38, 1
886, 0.00, 22.38, 1
887, 0.00, 22.38, 1
888, 0.00, 22.38, 1
889, 0.00, 22.38, 1
890, 0.00, 22.38, 1
891, 0.00, 22.38, 1
892, 0.00, 22.38, 1
893, 0.00, 22.38, 1
894, 0.00, 22.38, 1
895, 0.00, 22.38, 2
896, 0.00, 22.38, 1
897, 0.00, 22.38, 6
898, 0.00, 22.38, 7
899, 0.00, 22.38, 34
900, 0.00, 22.38, 18
901, 0.00, 22.38, 54
902, 0.00, 22.38, 9
903, 0.00, 22.39, 162
904, 0.00, 22.39, 25
905, 0.00, 22.39, 6
906, 0.00, 22.39, 3
907, 0.00, 22.39, 1
908, 0.00, 22.39, 1
909, 0.00, 22.39, 1
910, 0.00, 22.39, 1
911, 0.00, 22.39, 1
916, 0.00, 22.39, 16
917, 0.00, 22.39, 1
918, 0.00, 22.39, 11
919, 0.00, 22.39, 2
920, 0.00, 22.39, 2
921, 0.00, 22.39, 15
923, 0.00, 22.39, 1
929, 0.00, 22.39, 1
938, 0.00, 22.39, 1
951, 0.00, 22.39, 1
957, 0.00, 22.39, 1
966, 0.00, 22.39, 1
967, 0.00, 22.39, 33
968, 0.00, 22.39, 23
969, 0.00, 22.39, 33
979, 0.00, 22.39, 1
984, 0.00, 22.39, 1
993, 0.00, 22.39, 1
1002, 0.00, 22.39, 1
1012, 0.00, 22.39, 12
1014, 0.00, 22.39, 7
1016, 0.00, 22.39, 3
1017, 0.00, 22.39, 1
1018, 0.00, 22.39, 74
1021, 0.00, 22.39, 1
1024, 0.00, 22.39, 10
1076, 0.00, 22.39, 1
1087, 0.00, 22.39, 80
1090, 0.00, 22.39, 1
1096, 0.00, 22.39, 7
1097, 0.00, 22.39, 1
1098, 0.00, 22.39, 1
1099, 0.00, 22.39, 1
1100, 0.00, 22.39, 1
1101, 0.00, 22.39, 1
1102, 0.00, 22.39, 10
1104, 0.00, 22.39, 1
1128, 0.00, 22.39, 1
1132, 0.00, 22.39, 1
1145, 0.00, 22.39, 5
1146, 0.00, 22.39, 29
1148, 0.00, 22.39, 20
1150, 0.00, 22.39, 52
1151, 0.00, 22.39, 69
1152, 0.00, 22.39, 52
1156, 0.00, 22.39, 1
1159, 0.00, 22.39, 2
1186, 0.00, 22.39, 1
1194, 0.00, 22.39, 1
1215, 0.00, 22.39, 1
1227, 0.00, 22.39, 1
1230, 0.00, 22.39, 28
1232, 0.00, 22.39, 66
1234, 0.00, 22.39, 17
1235, 0.00, 22.39, 8
1236, 0.00, 22.39, 7
1243, 0.00, 22.39, 1
1251, 0.00, 22.39, 17
1253, 0.00, 22.39, 8
1255, 0.00, 22.39, 4
1256, 0.00, 22.39, 93
1257, 0.00, 22.39, 7
1260, 0.00, 22.39, 1
1267, 0.00, 22.39, 2
1268, 0.00, 22.39, 2
1269, 0.00, 22.39, 1
1272, 0.00, 22.39, 14
1273, 0.00, 22.39, 1
1274, 0.00, 22.39, 23
1276, 0.00, 22.39, 18
1277, 0.00, 22.39, 7
1278, 0.00, 22.39, 51
1279, 0.00, 22.39, 8
1280, 0.00, 22.39, 16
1281, 0.00, 22.39, 9
1282, 0.00, 22.39, 30
1284, 0.00, 22.39, 78
1286, 0.00, 22.39, 46
1288, 0.00, 22.39, 78
1290, 0.00, 22.40, 134
1296, 0.00, 22.40, 2
1297, 0.00, 22.40, 1
1360, 0.00, 22.40, 1
1373, 0.00, 22.40, 1
1392, 0.00, 22.40, 17
1393, 0.00, 22.40, 1
1394, 0.00, 22.40, 21
1395, 0.00, 22.40, 4
1396, 0.00, 22.40, 1
1397, 0.00, 22.40, 13
1398, 0.00, 22.40, 2
1399, 0.00, 22.40, 15
1401, 0.00, 22.40, 1
1410, 0.00, 22.40, 1
1431, 0.00, 22.40, 26
1433, 0.00, 22.40, 65
1435, 0.00, 22.40, 25
1438, 0.00, 22.40, 1
1455, 0.00, 22.40, 1
1456, 0.00, 22.40, 1
1464, 0.00, 22.40, 1
1467, 0.00, 22.40, 1
1471, 0.00, 22.40, 8
1473, 0.00, 22.40, 10
1474, 0.00, 22.40, 32
1475, 0.00, 22.40, 7
1477, 0.00, 22.40, 6
1478, 0.00, 22.40, 6
1479, 0.00, 22.40, 5
1480, 0.00, 22.40, 1
1481, 0.00, 22.40, 11
1483, 0.00, 22.40, 9
1485, 0.00, 22.40, 3
1486, 0.00, 22.40, 92
1492, 0.00, 22.40, 1
1535, 0.00, 22.40, 3
1539, 0.00, 22.40, 1
1552, 0.00, 22.40, 1
1557, 0.00, 22.40, 1
1572, 0.00, 22.40, 6
1573, 0.00, 22.40, 1
1574, 0.00, 22.40, 19
1575, 0.00, 22.40, 7
1576, 0.00, 22.40, 1
1577, 0.00, 22.40, 7
1578, 0.00, 22.40, 35
1580, 0.00, 22.40, 1
1614, 0.00, 22.40, 1
1620, 0.00, 22.40, 1
1651, 0.00, 22.40, 1
1660, 0.00, 22.40, 1
1664, 0.00, 22.40, 3
1665, 0.00, 22.40, 2
1666, 0.00, 22.40, 12
1668, 0.00, 22.40, 7
1670, 0.00, 22.40, 4
1671, 0.00, 22.40, 11
1672, 0.00, 22.40, 1
1673, 0.00, 22.40, 8
1674, 0.00, 22.40, 1
1675, 0.00, 22.40, 83
1676, 0.00, 22.40, 10
1678, 0.00, 22.40, 7
1679, 0.00, 22.40, 1
1680, 0.00, 22.40, 3
1681, 0.00, 22.40, 1
1682, 0.00, 22.40, 145
1688, 0.00, 22.40, 1
1719, 0.00, 22.40, 1
1960, 0.00, 22.40, 1
1968, 0.00, 22.40, 11
1970, 0.00, 22.40, 19
1971, 0.00, 22.40, 2
1972, 0.00, 22.40, 23
1974, 0.00, 22.40, 19
1976, 0.00, 22.40, 23
1978, 0.00, 22.40, 19
1980, 0.00, 22.40, 159
1988, 0.00, 22.40, 1
2097, 0.00, 22.40, 7
2099, 0.00, 22.40, 1
2101, 0.00, 22.40, 7
2102, 0.00, 22.40, 5
2103, 0.00, 22.40, 4
2104, 0.00, 22.40, 17
2106, 0.00, 22.40, 1
2107, 0.00, 22.40, 5
2108, 0.00, 22.40, 20
2109, 0.00, 22.40, 5
2110, 0.00, 22.40, 7
2111, 0.00, 22.40, 4
2112, 0.00, 22.40, 5
2113, 0.00, 22.40, 4
2114, 0.00, 22.40, 4
2115, 0.00, 22.40, 6
2116, 0.00, 22.40, 3
2117, 0.00, 22.40, 4
2118, 0.00, 22.41, 48
2119, 0.00, 22.41, 6
2120, 0.00, 22.41, 5
2121, 0.00, 22.41, 4
2122, 0.00, 22.41, 13
2123, 0.00, 22.41, 1
2124, 0.00, 22.41, 23
2143, 0.00, 22.41, 1
2151, 0.00, 22.41, 1
2154, 0.00, 22.41, 11
2155, 0.00, 22.41, 1
2156, 0.00, 22.41, 1
2157, 0.00, 22.41, 37
2158, 0.00, 22.41, 8
2159, 0.00, 22.41, 4
2160, 0.00, 22.41, 2
2162, 0.00, 22.41, 4
2163, 0.00, 22.41, 2
2164, 0.00, 22.41, 8
2167, 0.00, 22.41, 4
2170, 0.00, 22.41, 37
2171, 0.00, 22.41, 11
2172, 0.00, 22.41, 18
2175, 0.00, 22.41, 52
2176, 0.00, 22.41, 1
2177, 0.00, 22.41, 50
2186, 0.00, 22.41, 1
2224, 0.00, 22.41, 1
2249, 0.00, 22.41, 1
2260, 0.00, 22.41, 3
2261, 0.00, 22.41, 1
2262, 0.00, 22.41, 12
2264, 0.00, 22.41, 7
2266, 0.00, 22.41, 3
2267, 0.00, 22.41, 1
2268, 0.00, 22.41, 9
2269, 0.00, 22.41, 3
2270, 0.00, 22.41, 12
2271, 0.00, 22.41, 1
2272, 0.00, 22.41, 1
2273, 0.00, 22.41, 98
2277, 0.00, 22.41, 1
2508, 0.00, 22.41, 2
2560, 0.00, 22.41, 3
2568, 0.00, 22.41, 1
2739, 0.00, 22.41, 1
2747, 0.00, 22.41, 11
2749, 0.00, 22.41, 19
2750, 0.00, 22.41, 1
2751, 0.00, 22.41, 24
2752, 0.00, 22.41, 10
2753, 0.00, 22.41, 19
2754, 0.00, 22.41, 7
2755, 0.00, 22.41, 27
2756, 0.00, 22.41, 3
2757, 0.00, 22.41, 29
2759, 0.00, 22.41, 178
2761, 0.00, 22.41, 3
2762, 0.00, 22.41, 10
2763, 0.00, 22.41, 1
2764, 0.00, 22.41, 7
2766, 0.00, 22.41, 3
2767, 0.00, 22.41, 2
2768, 0.00, 22.41, 1
2769, 0.00, 22.41, 1
2770, 0.00, 22.41, 231
2778, 0.00, 22.41, 1
2806, 0.00, 22.41, 1
3022, 0.00, 22.41, 1
3071, 0.00, 22.41, 2
3072, 0.00, 22.41, 1
3076, 0.00, 22.41, 49
3078, 0.00, 22.41, 65
3080, 0.00, 22.41, 17
3081, 0.00, 22.41, 8
3082, 0.00, 22.41, 27
3084, 0.00, 22.41, 65
3086, 0.00, 22.42, 17
3087, 0.00, 22.42, 8
3088, 0.00, 22.42, 8
3100, 0.00, 22.42, 1
3139, 0.00, 22.42, 1
3146, 0.00, 22.42, 15
3147, 0.00, 22.42, 5
3148, 0.00, 22.42, 6
3149, 0.00, 22.42, 5
3150, 0.00, 22.42, 32
3151, 0.00, 22.42, 6
3152, 0.00, 22.42, 28
3153, 0.00, 22.42, 6
3154, 0.00, 22.42, 40
3155, 0.00, 22.42, 6
3156, 0.00, 22.42, 26
3167, 0.00, 22.42, 1
3346, 0.00, 22.42, 1
3421, 0.00, 22.42, 1
3535, 0.00, 22.42, 1
4351, 0.00, 22.42, 17
5380, 0.00, 22.42, 5
5381, 0.00, 22.42, 1
5382, 0.00, 22.42, 10
5384, 0.00, 22.42, 7
5386, 0.00, 22.42, 3
5387, 0.00, 22.42, 12
5389, 0.00, 22.42, 7
5391, 0.00, 22.42, 3
5392, 0.00, 22.42, 1
5393, 0.00, 22.42, 4
5394, 0.00, 22.42, 10
5396, 0.00, 22.42, 7
5398, 0.00, 22.42, 3
5399, 0.00, 22.42, 10
5401, 0.00, 22.42, 7
5403, 0.00, 22.42, 3
5404, 0.00, 22.42, 1
5405, 0.00, 22.42, 1
5406, 0.00, 22.42, 3
5407, 0.00, 22.42, 3
5408, 0.00, 22.42, 3
5409, 0.00, 22.42, 3
5410, 0.00, 22.42, 3
5411, 0.00, 22.42, 1
5412, 0.00, 22.42, 305
5421, 0.00, 22.42, 1
5482, 0.00, 22.42, 1
6058, 0.00, 22.42, 7
6060, 0.00, 22.42, 1
6062, 0.00, 22.42, 3
6063, 0.00, 22.42, 5
6064, 0.00, 22.42, 3
6065, 0.00, 22.42, 2
6066, 0.00, 22.42, 2
6067, 0.00, 22.42, 2
6068, 0.00, 22.42, 4
6069, 0.00, 22.42, 5
6070, 0.00, 22.42, 2
6071, 0.00, 22.42, 3
6072, 0.00, 22.42, 3
6073, 0.00, 22.42, 3
6074, 0.00, 22.42, 2
6075, 0.00, 22.42, 2
6076, 0.00, 22.42, 15
6078, 0.00, 22.42, 1
6079, 0.00, 22.42, 5
6080, 0.00, 22.42, 3
6081, 0.00, 22.42, 3
6082, 0.00, 22.42, 3
6083, 0.00, 22.42, 2
6084, 0.00, 22.42, 2
6085, 0.00, 22.42, 2
6086, 0.00, 22.42, 4
6087, 0.00, 22.42, 2
6088, 0.00, 22.42, 2
6089, 0.00, 22.42, 2
6090, 0.00, 22.42, 2
6091, 0.00, 22.42, 2
6092, 0.00, 22.42, 2
6093, 0.00, 22.42, 4
6094, 0.00, 22.42, 2
6095, 0.00, 22.42, 2
6096, 0.00, 22.42, 2
6097, 0.00, 22.42, 3
6098, 0.00, 22.42, 3
6099, 0.00, 22.42, 12
6100, 0.00, 22.42, 2
6101, 0.00, 22.42, 9
6102, 0.00, 22.42, 4
6103, 0.00, 22.42, 6
6104, 0.00, 22.42, 15
6105, 0.00, 22.42, 4
6106, 0.00, 22.42, 10
6107, 0.00, 22.42, 2
6108, 0.00, 22.42, 6
6109, 0.00, 22.42, 5
6110, 0.00, 22.42, 14
6111, 0.00, 22.42, 4
6112, 0.00, 22.42, 11
6113, 0.00, 22.42, 4
6114, 0.00, 22.42, 5
6115, 0.00, 22.42, 3
6116, 0.00, 22.42, 12
6117, 0.00, 22.42, 4
6118, 0.00, 22.42, 9
6119, 0.00, 22.42, 2
6120, 0.00, 22.42, 5
6121, 0.00, 22.42, 5
6122, 0.00, 22.42, 13
6123, 0.00, 22.42, 4
6124, 0.00, 22.42, 9
6125, 0.00, 22.42, 2
6126, 0.00, 22.42, 5
6127, 0.00, 22.42, 12
6128, 0.00, 22.42, 2
6129, 0.00, 22.42, 9
6130, 0.00, 22.42, 2
6131, 0.00, 22.42, 5
6132, 0.00, 22.42, 16
6133, 0.00, 22.42, 4
6134, 0.00, 22.42, 8
6135, 0.00, 22.42, 106
6136, 0.00, 22.43, 351
6137, 0.00, 22.43, 4
6138, 0.00, 22.43, 2
6139, 0.00, 22.43, 4
6140, 0.00, 22.43, 5
6141, 0.00, 22.43, 4
6142, 0.00, 22.43, 2
6143, 0.00, 22.43, 5
6144, 0.00, 22.43, 4
6145, 0.00, 22.43, 6
6146, 0.00, 22.43, 4
6147, 0.00, 22.43, 2
6148, 0.00, 22.43, 4
6149, 0.00, 22.43, 5
6150, 0.00, 22.43, 3
6151, 0.00, 22.43, 5
6152, 0.00, 22.43, 2
6153, 0.00, 22.43, 5
6154, 0.00, 22.43, 5
6155, 0.00, 22.43, 2
6156, 0.00, 22.43, 4
6157, 0.00, 22.43, 4
6158, 0.00, 22.43, 2
6159, 0.00, 22.43, 4
6160, 0.00, 22.43, 3
6161, 0.00, 22.43, 4
6162, 0.00, 22.43, 4
6163, 0.00, 22.43, 6
6165, 0.00, 22.43, 1
6167, 0.00, 22.43, 178
6347, 0.00, 22.43, 1
6375, 0.00, 22.43, 1
7210, 0.00, 22.43, 1
7621, 0.00, 22.43, 18
7623, 0.00, 22.43, 30
7625, 0.00, 22.43, 17
7626, 0.00, 22.43, 7
7627, 0.00, 22.43, 16
7629, 0.00, 22.43, 30
7631, 0.00, 22.43, 35
7633, 0.00, 22.43, 15
7635, 0.00, 22.43, 114
7637, 0.00, 22.43, 65
7639, 0.00, 22.43, 17
7640, 0.00, 22.43, 8
7641, 0.00, 22.43, 72
7643, 0.00, 22.43, 65
7645, 0.00, 22.43, 17
7646, 0.00, 22.43, 8
7647, 0.00, 22.43, 20
7649, 0.00, 22.43, 65
7651, 0.00, 22.43, 21
7652, 0.00, 22.43, 3
7653, 0.00, 22.43, 14
7655, 0.00, 22.43, 65
7657, 0.00, 22.43, 21
7658, 0.00, 22.43, 9
7659, 0.00, 22.43, 10
7772, 0.00, 22.43, 1
7800, 0.00, 22.43, 1
8703, 0.00, 22.43, 5
9036, 0.00, 22.43, 1
9373, 0.00, 22.43, 1
12184, 0.00, 22.43, 3
14116, 0.00, 22.43, 2
17407, 0.00, 22.43, 2
58692, 0.00, 22.43, 1
Scalar Alloc
26423.00K, 757.00M
0, 1.74, 1.74, 460788
1, 36.47, 38.21, 0x00930c8f
2, 28.38, 66.59, 0x007269a9
3, 19.40, 85.99, 0x004e3667
4, 11.65, 97.64, 0x002ef897
5, 4.45, 102.09, 0x0011f052
6, 0.30, 102.39, 80589
7, 3.18, 105.57, 840800
8, 0.40, 105.98, 106712
9, 0.19, 106.17, 50963
10, 0.05, 106.22, 12673
11, 0.00, 106.22, 972
12, 0.29, 106.52, 77723
14, 0.00, 106.52, 70
15, 0.99, 107.51, 261792
16, 0.00, 107.51, 64
19, 0.00, 107.51, 193
24, 0.05, 107.56, 12155
29, 0.00, 107.56, 82
32, 0.00, 107.56, 425
