Normal completion.
Normal completion.
============================ MMTk Statistics Totals ============================
GC	time.mu	time.gc	refType	scan	finalize	prepare	stacks	root	forward	release	init	finish	old-root	new-root	mods	decs	closure-bt	inc.mu	inc.gc	dec.mu	dec.gc	
247	2381.30	715.52	0.00	10.52	0.00	24.43	20.73	22.48	0.00	221.35	12.57	14.43	11.05	37.87	241.88	51.77	48.51	0	4827180	0	807052	
Total time: 3096.83 ms
------------------------------ End MMTk Statistics -----------------------------
Fast path
1, 0.05, 0.00, 0.00, 0.00,  | 2633K, 0, 0, 0, 
2, 0.03, 0.04, 0.00, 0.00,  | 1856K, 2434K, 0, 0, 
3, 0.03, 0.06, 0.03, 0.00,  | 1479K, 3461K, 1680K, 0, 
4, 0.04, 0.03, 0.04, 0.05,  | 2029K, 1909K, 2120K, 2679K, 
5, 0.01, 0.01, 0.01, 0.03,  | 657K, 739K, 687K, 1541K, 
6, 0.00, 0.00, 0.00, 0.00,  | 44829, 85129, 146K, 254K, 
7, 0.00, 0.00, 0.00, 0.00,  | 42031, 29694, 96095, 119K, 
8, 0.01, 0.01, 0.01, 0.03,  | 393K, 393K, 388K, 1922K, 
9, 0.00, 0.00, 0.00, 0.00,  | 38510, 19795, 41207, 269K, 
10, 0.00, 0.00, 0.00, 0.00,  | 419, 522, 450, 37001, 
11, 0.00, 0.00, 0.00, 0.02,  | 4531, 4531, 4523, 1291K, 
12, 0.00, 0.00, 0.00, 0.04,  | 84078, 140K, 149K, 2200K, 
13, 0.00, 0.00, 0.00, 0.01,  | 36495, 21399, 21399, 753K, 
14, 0.00, 0.02, 0.02, 0.03,  | 4637, 1036K, 1037K, 1766K, 
17, 0.00, 0.00, 0.00, 0.00,  | 6788, 5099, 3400, 57698, 
19, 0.00, 0.00, 0.00, 0.02,  | 8592, 10267, 5198, 1307K, 
23, 0.00, 0.00, 0.00, 0.00,  | 3390, 3393, 5092, 64511, 
24, 0.00, 0.00, 0.00, 0.00,  | 3934, 4045, 4045, 75747, 
29, 0.00, 0.00, 0.00, 0.00,  | 0, 0, 0, 1131, 
32, 0.00, 0.00, 0.00, 0.00,  | 1702, 3401, 1702, 143K, 
33, 0.00, 0.00, 0.00, 0.00,  | 1700, 1700, 1700, 64496, 
34, 0.00, 0.00, 0.00, 0.00,  | 3390, 1700, 1695, 44073, 
43, 0.00, 0.00, 0.00, 0.00,  | 3396, 3400, 3394, 64453, 
45, 0.00, 0.00, 0.00, 0.01,  | 1697, 1699, 1697, 375K, 
        ********, 0.00, 0.00, 0.00, 0.00,  | 0, 0, 0, 0, 
        RefArray, 0.02, 0.04, 0.01, 0.20,  | 909K, 2527K, 670K, 11168K, 
           TOTAL, 0.18, 0.23, 0.13, 0.46,  | 10244K, 12833K, 7073K, 26199K, 
    Scalar TOTAL, 0.23, 0.25, 0.16, 0.37,  | 9334K, 10306K, 6402K, 15031K, 

Object Slow
1, 0.01, 0.00, 0.00, 0.00,  | 267K, 0, 0, 0, 
2, 0.01, 0.00, 0.00, 0.00,  | 159K, 105K, 0, 0, 
3, 0.00, 0.00, 0.03, 0.00,  | 5073, 13811, 538K, 0, 
4, 0.01, 0.01, 0.02, 0.02,  | 284K, 270K, 383K, 528K, 
5, 0.01, 0.01, 0.01, 0.02,  | 170K, 219K, 141K, 380K, 
6, 0.00, 0.00, 0.00, 0.00,  | 4182, 11730, 23956, 83864, 
7, 0.00, 0.00, 0.00, 0.00,  | 3211, 142, 7001, 5950, 
8, 0.01, 0.01, 0.01, 0.04,  | 153K, 153K, 153K, 775K, 
9, 0.00, 0.00, 0.00, 0.00,  | 410, 61, 233, 8940, 
10, 0.00, 0.00, 0.00, 0.00,  | 53, 57, 28, 17160, 
11, 0.00, 0.00, 0.00, 0.06,  | 50, 50, 1, 1238K, 
12, 0.00, 0.00, 0.00, 0.06,  | 36425, 62074, 65958, 1346K, 
13, 0.00, 0.00, 0.00, 0.02,  | 12, 3, 3, 413K, 
14, 0.00, 0.04, 0.04, 0.06,  | 1001, 769K, 769K, 1287K, 
17, 0.00, 0.00, 0.00, 0.00,  | 51, 51, 51, 963, 
19, 0.00, 0.00, 0.00, 0.03,  | 117, 235, 132, 632K, 
23, 0.00, 0.00, 0.00, 0.00,  | 51, 51, 1209, 3563, 
24, 0.00, 0.00, 0.00, 0.00,  | 0, 0, 0, 198, 
29, 0.00, 0.00, 0.00, 0.00,  | 0, 0, 0, 1127, 
32, 0.00, 0.00, 0.00, 0.00,  | 0, 1170, 1178, 70955, 
33, 0.00, 0.00, 0.00, 0.00,  | 4, 4, 6, 2464, 
34, 0.00, 0.00, 0.00, 0.00,  | 51, 0, 51, 566, 
43, 0.00, 0.00, 0.00, 0.00,  | 2, 2, 2, 841, 
45, 0.00, 0.00, 0.00, 0.00,  | 59, 59, 59, 66400, 
        ********, 0.00, 0.00, 0.00, 0.00,  | 0, 0, 0, 0, 
        RefArray, 0.02, 0.08, 0.02, 0.34,  | 361K, 1664K, 413K, 7219K, 
           TOTAL, 0.07, 0.15, 0.12, 0.66,  | 1447K, 3272K, 2499K, 14085K, 
    Scalar TOTAL, 0.09, 0.14, 0.18, 0.59,  | 1086K, 1607K, 2086K, 6866K, 

Field Slow
1, 0.01, 0.00, 0.00, 0.00,  | 19773, 0, 0, 0, 
2, 0.01, 0.00, 0.00, 0.00,  | 14153, 2567, 0, 0, 
3, 0.00, 0.01, 0.01, 0.00,  | 2643, 8826, 18178, 0, 
4, 0.01, 0.01, 0.02, 0.01,  | 15145, 6882, 28006, 13328, 
5, 0.08, 0.09, 0.06, 0.18,  | 99785, 115K, 83339, 233K, 
6, 0.00, 0.00, 0.00, 0.00,  | 1850, 701, 1194, 6159, 
7, 0.00, 0.00, 0.00, 0.00,  | 2592, 137, 101, 4164, 
8, 0.01, 0.00, 0.01, 0.02,  | 6654, 6411, 6625, 32832, 
9, 0.00, 0.00, 0.00, 0.00,  | 216, 61, 100, 1151, 
10, 0.00, 0.00, 0.00, 0.00,  | 40, 21, 20, 142, 
11, 0.00, 0.00, 0.00, 0.04,  | 50, 50, 1, 47307, 
12, 0.02, 0.02, 0.02, 0.10,  | 21672, 26872, 27095, 136K, 
13, 0.00, 0.00, 0.00, 0.01,  | 9, 3, 3, 12368, 
14, 0.00, 0.00, 0.00, 0.00,  | 602, 2156, 2159, 5011, 
17, 0.00, 0.00, 0.00, 0.00,  | 51, 51, 51, 683, 
19, 0.00, 0.00, 0.00, 0.00,  | 114, 148, 132, 4090, 
23, 0.00, 0.00, 0.00, 0.00,  | 51, 51, 1209, 3555, 
24, 0.00, 0.00, 0.00, 0.00,  | 0, 0, 0, 185, 
29, 0.00, 0.00, 0.00, 0.00,  | 0, 0, 0, 569, 
32, 0.00, 0.00, 0.00, 0.01,  | 0, 1170, 1178, 10998, 
33, 0.00, 0.00, 0.00, 0.00,  | 4, 4, 6, 2415, 
34, 0.00, 0.00, 0.00, 0.00,  | 51, 0, 51, 473, 
43, 0.00, 0.00, 0.00, 0.00,  | 2, 2, 2, 784, 
45, 0.00, 0.00, 0.00, 0.00,  | 59, 59, 59, 1628, 
        ********, 0.00, 0.00, 0.00, 0.00,  | 0, 0, 0, 0, 
        RefArray, 0.03, 0.03, 0.02, 0.13,  | 39701, 37156, 27244, 175K, 
           TOTAL, 0.17, 0.16, 0.15, 0.52,  | 225K, 209K, 196K, 693K, 
    Scalar TOTAL, 0.18, 0.16, 0.16, 0.50,  | 185K, 171K, 169K, 517K, 
Array Alloc
7440.00K, 1866.00M
0, 0.37, 0.37, 27293
1, 1.25, 1.61, 92790
2, 1.01, 2.62, 75147
3, 1.83, 4.46, 136275
4, 0.47, 4.92, 34832
5, 4.26, 9.19, 317319
6, 0.72, 9.91, 53293
7, 0.20, 10.11, 15179
8, 0.22, 10.32, 16032
9, 0.07, 10.40, 5407
10, 2.07, 12.47, 154326
11, 1.29, 13.76, 96100
12, 0.03, 13.80, 2460
13, 0.01, 13.81, 906
14, 0.01, 13.81, 402
15, 0.04, 13.85, 2850
16, 1.54, 15.39, 114214
17, 0.00, 15.39, 239
18, 0.00, 15.40, 349
19, 0.05, 15.44, 3663
20, 0.72, 16.17, 53865
21, 0.05, 16.22, 3914
22, 0.00, 16.22, 175
23, 0.28, 16.50, 20608
24, 0.01, 16.51, 824
25, 0.05, 16.56, 3595
26, 0.00, 16.56, 167
27, 0.00, 16.56, 133
28, 0.01, 16.57, 508
29, 0.01, 16.58, 557
30, 0.00, 16.58, 70
31, 0.00, 16.58, 69
32, 0.64, 17.22, 47642
33, 0.07, 17.29, 4984
34, 0.00, 17.29, 48
35, 0.01, 17.30, 910
36, 0.00, 17.30, 76
37, 0.00, 17.30, 176
38, 0.00, 17.31, 151
39, 0.00, 17.31, 61
40, 0.14, 17.45, 10394
41, 0.00, 17.45, 88
42, 0.00, 17.45, 68
43, 0.00, 17.45, 138
44, 0.00, 17.45, 65
45, 0.00, 17.45, 74
46, 0.04, 17.49, 2894
47, 0.05, 17.54, 3478
48, 0.05, 17.58, 3425
49, 0.00, 17.58, 76
50, 0.03, 17.61, 2051
51, 0.00, 17.61, 75
52, 0.00, 17.61, 54
53, 0.00, 17.61, 54
54, 0.00, 17.62, 63
55, 0.00, 17.62, 49
56, 0.00, 17.62, 45
57, 0.00, 17.62, 63
58, 0.00, 17.62, 41
59, 0.00, 17.62, 23
60, 0.00, 17.62, 49
61, 0.00, 17.62, 27
62, 0.00, 17.62, 37
63, 0.00, 17.62, 40
64, 0.05, 17.67, 3634
65, 0.00, 17.67, 16
66, 0.00, 17.67, 48
67, 0.06, 17.73, 4420
68, 0.00, 17.73, 92
69, 0.00, 17.73, 16
70, 0.00, 17.73, 18
71, 0.00, 17.73, 60
72, 0.00, 17.73, 30
73, 0.00, 17.73, 25
74, 0.00, 17.73, 22
75, 0.00, 17.73, 37
76, 0.00, 17.73, 19
77, 0.00, 17.73, 17
78, 0.00, 17.73, 45
79, 0.00, 17.74, 23
80, 0.05, 17.79, 4001
81, 0.00, 17.79, 22
82, 0.00, 17.79, 29
83, 0.00, 17.79, 47
84, 0.00, 17.79, 18
85, 0.00, 17.79, 20
86, 0.00, 17.79, 3
87, 0.00, 17.79, 31
88, 0.00, 17.79, 5
89, 0.00, 17.79, 33
90, 0.00, 17.79, 6
91, 0.00, 17.79, 8
92, 0.01, 17.80, 401
93, 0.00, 17.80, 10
94, 0.00, 17.80, 16
95, 0.02, 17.82, 1824
96, 0.04, 17.87, 3267
97, 0.00, 17.87, 17
98, 0.00, 17.87, 1
99, 0.00, 17.87, 4
100, 0.00, 17.87, 12
101, 0.05, 17.91, 3409
102, 0.00, 17.91, 5
103, 0.00, 17.91, 4
104, 0.00, 17.91, 14
105, 0.00, 17.91, 16
106, 0.00, 17.91, 10
107, 0.00, 17.91, 7
108, 0.00, 17.91, 11
109, 0.00, 17.91, 5
111, 0.00, 17.91, 4
112, 0.04, 17.95, 2649
113, 0.00, 17.95, 8
114, 0.05, 17.99, 3411
115, 0.00, 17.99, 8
116, 0.00, 18.00, 9
117, 0.00, 18.00, 27
118, 0.00, 18.00, 17
119, 0.00, 18.00, 2
120, 0.00, 18.00, 3
121, 0.00, 18.00, 6
122, 0.00, 18.00, 10
123, 0.00, 18.00, 17
124, 0.00, 18.00, 9
125, 0.00, 18.00, 19
126, 0.00, 18.00, 22
127, 0.00, 18.00, 29
128, 0.04, 18.03, 2714
129, 0.00, 18.03, 8
130, 0.00, 18.03, 11
131, 0.00, 18.03, 13
132, 0.00, 18.03, 37
133, 0.00, 18.03, 4
134, 0.00, 18.04, 41
135, 0.01, 18.04, 668
136, 0.00, 18.04, 15
137, 0.00, 18.04, 8
138, 0.00, 18.04, 5
139, 0.00, 18.04, 3
140, 0.00, 18.05, 64
141, 0.00, 18.05, 13
142, 0.00, 18.05, 13
143, 0.00, 18.05, 1
144, 0.03, 18.08, 2401
146, 0.00, 18.08, 1
147, 0.00, 18.08, 4
148, 0.00, 18.08, 2
149, 0.00, 18.08, 1
150, 0.00, 18.08, 11
151, 0.00, 18.08, 7
153, 0.00, 18.08, 15
154, 0.00, 18.08, 19
155, 0.00, 18.08, 14
156, 0.00, 18.08, 8
158, 0.00, 18.08, 2
159, 0.00, 18.08, 4
160, 0.03, 18.11, 2598
161, 0.00, 18.11, 6
162, 0.00, 18.11, 13
163, 0.00, 18.11, 6
164, 0.00, 18.12, 43
165, 0.00, 18.12, 7
166, 0.00, 18.12, 12
167, 0.00, 18.12, 5
168, 0.00, 18.12, 10
169, 0.00, 18.12, 13
170, 0.00, 18.12, 2
171, 0.00, 18.12, 15
172, 0.00, 18.12, 17
173, 0.00, 18.12, 57
174, 0.00, 18.12, 9
175, 0.00, 18.12, 10
176, 0.03, 18.14, 2008
177, 0.00, 18.14, 14
178, 0.00, 18.14, 6
179, 0.00, 18.15, 62
180, 0.00, 18.15, 1
181, 0.00, 18.15, 5
183, 0.00, 18.15, 2
184, 0.00, 18.15, 2
186, 0.00, 18.15, 3
187, 0.00, 18.15, 1
188, 0.00, 18.15, 2
190, 0.00, 18.15, 6
191, 0.00, 18.15, 24
192, 0.03, 18.17, 2147
193, 0.00, 18.17, 1
194, 0.00, 18.18, 12
195, 0.00, 18.18, 2
196, 0.00, 18.18, 12
197, 0.00, 18.18, 4
198, 0.00, 18.18, 1
199, 0.00, 18.18, 2
200, 0.00, 18.18, 6
201, 0.00, 18.18, 8
202, 0.00, 18.18, 50
203, 0.00, 18.18, 3
204, 0.00, 18.18, 7
206, 0.00, 18.18, 2
207, 0.00, 18.18, 13
208, 0.03, 18.20, 2011
209, 0.00, 18.20, 3
211, 0.00, 18.20, 2
213, 0.00, 18.20, 7
214, 0.00, 18.20, 2
215, 0.00, 18.20, 9
216, 0.00, 18.20, 3
217, 0.00, 18.20, 2
218, 0.00, 18.20, 43
219, 0.00, 18.20, 1
220, 0.00, 18.20, 1
221, 0.00, 18.20, 2
222, 0.00, 18.20, 1
223, 0.00, 18.20, 3
224, 0.02, 18.23, 1801
225, 0.00, 18.23, 2
226, 0.00, 18.23, 1
227, 0.00, 18.23, 51
228, 0.00, 18.23, 3
229, 0.00, 18.23, 5
230, 0.00, 18.23, 2
232, 0.00, 18.23, 10
233, 0.00, 18.23, 2
234, 0.00, 18.23, 2
235, 0.00, 18.23, 16
236, 0.00, 18.23, 1
237, 0.00, 18.23, 2
240, 0.02, 18.25, 1801
243, 0.00, 18.25, 1
244, 0.00, 18.25, 11
245, 0.00, 18.25, 23
246, 0.00, 18.25, 13
247, 0.00, 18.25, 2
249, 0.00, 18.26, 17
250, 0.00, 18.26, 9
251, 0.00, 18.26, 21
255, 0.00, 18.26, 3
256, 0.12, 18.37, 8601
258, 0.00, 18.37, 2
259, 0.00, 18.37, 1
260, 0.00, 18.37, 7
261, 0.00, 18.37, 9
262, 0.00, 18.37, 30
263, 0.00, 18.37, 7
264, 0.00, 18.37, 1
265, 0.00, 18.37, 2
267, 0.00, 18.37, 1
269, 0.00, 18.37, 1
270, 0.00, 18.37, 3
271, 0.00, 18.38, 351
272, 0.02, 18.40, 1601
274, 0.00, 18.40, 1
278, 0.00, 18.40, 2
281, 0.00, 18.40, 17
283, 0.00, 18.40, 1
288, 0.02, 18.42, 1401
289, 0.00, 18.42, 6
290, 0.00, 18.42, 4
293, 0.00, 18.42, 4
294, 0.00, 18.42, 3
295, 0.00, 18.42, 2
298, 0.00, 18.42, 7
299, 0.00, 18.42, 5
300, 0.00, 18.42, 1
303, 0.00, 18.42, 6
304, 0.02, 18.44, 1411
305, 0.00, 18.44, 13
306, 0.00, 18.44, 78
307, 0.00, 18.44, 15
310, 0.00, 18.44, 2
313, 0.00, 18.44, 8
314, 0.00, 18.44, 5
315, 0.00, 18.44, 4
316, 0.00, 18.44, 2
317, 0.00, 18.44, 1
320, 0.02, 18.46, 1489
322, 0.00, 18.46, 5
323, 0.00, 18.46, 27
324, 0.00, 18.46, 14
325, 0.00, 18.46, 30
327, 0.00, 18.46, 1
328, 0.00, 18.46, 2
329, 0.00, 18.46, 1
331, 0.00, 18.46, 1
335, 0.00, 18.46, 2
336, 0.02, 18.48, 1429
337, 0.00, 18.48, 12
338, 0.00, 18.48, 16
339, 0.00, 18.48, 20
340, 0.00, 18.48, 12
341, 0.00, 18.48, 13
342, 0.00, 18.48, 19
344, 0.00, 18.48, 2
345, 0.00, 18.48, 1
346, 0.00, 18.48, 1
349, 0.00, 18.48, 5
350, 0.00, 18.48, 18
351, 0.00, 18.48, 8
352, 0.01, 18.49, 809
355, 0.00, 18.49, 7
356, 0.00, 18.49, 2
357, 0.00, 18.49, 2
358, 0.00, 18.49, 1
363, 0.00, 18.49, 12
364, 0.00, 18.49, 7
365, 0.00, 18.49, 27
366, 0.00, 18.49, 8
367, 0.00, 18.49, 2
368, 0.01, 18.50, 800
369, 0.00, 18.50, 1
372, 0.00, 18.50, 1
377, 0.00, 18.50, 18
378, 0.00, 18.50, 6
379, 0.00, 18.50, 4
382, 0.00, 18.50, 1
383, 0.00, 18.50, 10
384, 0.01, 18.51, 817
386, 0.00, 18.51, 2
389, 0.00, 18.51, 8
390, 0.00, 18.52, 8
391, 0.00, 18.52, 61
393, 0.00, 18.52, 2
397, 0.00, 18.52, 2
399, 0.00, 18.52, 1
400, 0.01, 18.53, 801
401, 0.00, 18.53, 1
402, 0.00, 18.53, 5
403, 0.00, 18.53, 4
406, 0.00, 18.53, 1
408, 0.00, 18.53, 2
409, 0.00, 18.53, 2
410, 0.00, 18.53, 2
411, 0.00, 18.53, 2
412, 0.00, 18.53, 7
413, 0.00, 18.53, 5
414, 0.00, 18.53, 4
416, 0.01, 18.54, 601
417, 0.00, 18.54, 6
418, 0.00, 18.54, 4
420, 0.00, 18.54, 1
425, 0.00, 18.54, 3
426, 0.00, 18.54, 5
427, 0.00, 18.54, 21
428, 0.00, 18.54, 7
429, 0.00, 18.54, 8
430, 0.00, 18.54, 7
431, 0.00, 18.54, 6
432, 0.01, 18.54, 607
433, 0.00, 18.54, 13
435, 0.00, 18.54, 1
440, 0.00, 18.54, 1
448, 0.01, 18.55, 600
453, 0.00, 18.55, 3
454, 0.00, 18.55, 35
459, 0.00, 18.55, 1
462, 0.00, 18.55, 31
464, 0.01, 18.56, 600
480, 0.01, 18.57, 600
481, 0.00, 18.57, 1
496, 0.01, 18.58, 600
500, 0.12, 18.70, 8897
502, 0.00, 18.70, 1
503, 0.00, 18.70, 1
504, 0.00, 18.70, 1
509, 0.00, 18.70, 1
511, 0.00, 18.70, 1
512, 0.01, 18.71, 601
523, 0.00, 18.71, 1
525, 0.00, 18.71, 1
528, 0.01, 18.71, 601
530, 0.00, 18.71, 1
531, 0.00, 18.71, 2
532, 0.00, 18.71, 3
533, 0.00, 18.71, 6
534, 0.00, 18.71, 8
535, 0.00, 18.71, 7
536, 0.00, 18.71, 6
537, 0.00, 18.71, 6
538, 0.00, 18.71, 13
543, 0.00, 18.72, 155
544, 0.01, 18.72, 600
545, 0.00, 18.72, 1
547, 0.00, 18.72, 4
548, 0.00, 18.72, 3
549, 0.00, 18.72, 2
550, 0.00, 18.72, 1
551, 0.00, 18.72, 2
552, 0.00, 18.72, 7
553, 0.00, 18.72, 4
554, 0.00, 18.72, 3
555, 0.00, 18.72, 5
556, 0.00, 18.72, 2
559, 0.00, 18.72, 1
560, 0.01, 18.73, 600
562, 0.00, 18.73, 1
564, 0.00, 18.73, 1
570, 0.00, 18.73, 29
571, 0.00, 18.73, 10
573, 0.00, 18.73, 1
576, 0.01, 18.74, 600
585, 0.00, 18.74, 5
586, 0.00, 18.74, 9
587, 0.00, 18.74, 4
591, 0.00, 18.74, 1
592, 0.01, 18.75, 600
597, 0.00, 18.75, 1
605, 0.00, 18.75, 1
608, 0.01, 18.76, 600
615, 0.00, 18.76, 7
616, 0.00, 18.76, 4
617, 0.00, 18.76, 6
618, 0.00, 18.76, 5
619, 0.00, 18.76, 21
620, 0.00, 18.76, 3
624, 0.01, 18.77, 600
633, 0.00, 18.77, 1
640, 0.01, 18.77, 619
642, 0.00, 18.77, 1
647, 0.00, 18.78, 3
648, 0.00, 18.78, 4
656, 0.01, 18.78, 600
660, 0.00, 18.78, 11
662, 0.00, 18.78, 39
663, 0.00, 18.78, 1
664, 0.00, 18.78, 40
668, 0.00, 18.78, 1
669, 0.00, 18.78, 1
672, 0.01, 18.79, 600
688, 0.01, 18.80, 600
696, 0.00, 18.80, 1
704, 0.01, 18.81, 600
715, 0.00, 18.81, 1
720, 0.01, 18.82, 600
726, 0.00, 18.82, 1
736, 0.01, 18.82, 600
747, 0.00, 18.82, 1
752, 0.01, 18.83, 600
756, 0.00, 18.83, 1
762, 0.00, 18.83, 1
767, 0.00, 18.83, 6
768, 0.01, 18.84, 608
769, 0.00, 18.84, 1
772, 0.00, 18.84, 23
774, 0.00, 18.84, 65
776, 0.00, 18.84, 25
777, 0.00, 18.84, 1
784, 0.01, 18.85, 400
790, 0.00, 18.85, 1
796, 0.00, 18.85, 16
798, 0.00, 18.85, 14
800, 0.01, 18.85, 475
804, 0.00, 18.85, 1
805, 0.00, 18.85, 1
816, 0.01, 18.86, 400
819, 0.00, 18.86, 1
820, 0.00, 18.86, 2
821, 0.00, 18.86, 2
822, 0.00, 18.86, 1
823, 0.00, 18.86, 1
824, 0.00, 18.86, 1
825, 0.00, 18.86, 6
826, 0.00, 18.86, 99
827, 0.00, 18.86, 1
828, 0.00, 18.86, 2
829, 0.00, 18.86, 1
830, 0.00, 18.86, 1
831, 0.00, 18.86, 1
832, 0.01, 18.87, 401
833, 0.00, 18.87, 1
834, 0.00, 18.87, 1
835, 0.00, 18.87, 1
836, 0.00, 18.87, 1
837, 0.00, 18.87, 1
838, 0.00, 18.87, 1
839, 0.00, 18.87, 1
840, 0.00, 18.87, 1
841, 0.00, 18.87, 1
842, 0.00, 18.87, 1
843, 0.00, 18.87, 1
844, 0.00, 18.87, 1
845, 0.00, 18.87, 1
846, 0.00, 18.87, 1
847, 0.00, 18.87, 1
848, 0.01, 18.87, 401
849, 0.00, 18.87, 1
850, 0.00, 18.87, 1
851, 0.00, 18.87, 2
852, 0.00, 18.87, 1
853, 0.00, 18.87, 1
854, 0.00, 18.87, 1
855, 0.00, 18.87, 1
856, 0.00, 18.87, 1
857, 0.00, 18.87, 1
858, 0.00, 18.87, 1
859, 0.00, 18.87, 1
860, 0.00, 18.87, 1
861, 0.00, 18.87, 1
862, 0.00, 18.87, 1
863, 0.00, 18.87, 1
864, 0.01, 18.88, 401
865, 0.00, 18.88, 1
866, 0.00, 18.88, 1
867, 0.00, 18.88, 1
868, 0.00, 18.88, 1
869, 0.00, 18.88, 1
870, 0.00, 18.88, 1
871, 0.00, 18.88, 1
872, 0.00, 18.88, 12
873, 0.00, 18.88, 1
874, 0.00, 18.88, 15
875, 0.00, 18.88, 1
876, 0.00, 18.88, 77
877, 0.00, 18.88, 1
878, 0.00, 18.88, 1
879, 0.00, 18.88, 2
880, 0.01, 18.89, 401
881, 0.00, 18.89, 1
882, 0.00, 18.89, 1
883, 0.00, 18.89, 1
884, 0.00, 18.89, 1
885, 0.00, 18.89, 1
886, 0.00, 18.89, 2
887, 0.00, 18.89, 1
888, 0.00, 18.89, 1
889, 0.00, 18.89, 1
890, 0.00, 18.89, 1
891, 0.00, 18.89, 1
892, 0.00, 18.89, 1
893, 0.00, 18.89, 1
894, 0.00, 18.89, 1
895, 0.00, 18.89, 1
896, 0.01, 18.89, 401
897, 0.00, 18.89, 1
898, 0.00, 18.89, 1
899, 0.00, 18.89, 1
900, 0.00, 18.89, 1
901, 0.00, 18.89, 1
902, 0.00, 18.89, 1
903, 0.00, 18.89, 1
904, 0.00, 18.89, 1
905, 0.00, 18.89, 1
906, 0.00, 18.89, 1
907, 0.00, 18.89, 2
908, 0.00, 18.89, 1
909, 0.00, 18.89, 1
910, 0.00, 18.89, 1
911, 0.00, 18.89, 57
912, 0.01, 18.90, 404
913, 0.00, 18.90, 1
914, 0.00, 18.90, 2
915, 0.00, 18.90, 1
916, 0.00, 18.90, 1
917, 0.00, 18.90, 1
918, 0.00, 18.90, 1
919, 0.00, 18.90, 1
920, 0.00, 18.90, 1
921, 0.00, 18.90, 1
922, 0.00, 18.90, 2
923, 0.00, 18.90, 1
924, 0.00, 18.90, 1
925, 0.00, 18.90, 1
926, 0.00, 18.90, 1
927, 0.00, 18.90, 1
928, 0.01, 18.90, 401
929, 0.00, 18.90, 1
930, 0.00, 18.90, 1
931, 0.00, 18.90, 1
932, 0.00, 18.90, 1
933, 0.00, 18.90, 1
934, 0.00, 18.90, 1
935, 0.00, 18.90, 1
936, 0.00, 18.90, 1
937, 0.00, 18.90, 1
938, 0.00, 18.90, 1
939, 0.00, 18.90, 1
940, 0.00, 18.90, 1
941, 0.00, 18.90, 1
942, 0.00, 18.90, 1
943, 0.00, 18.90, 1
944, 0.00, 18.91, 201
945, 0.00, 18.91, 1
946, 0.00, 18.91, 1
947, 0.00, 18.91, 1
948, 0.00, 18.91, 1
949, 0.00, 18.91, 1
950, 0.00, 18.91, 1
951, 0.00, 18.91, 1
952, 0.00, 18.91, 1
953, 0.00, 18.91, 1
954, 0.00, 18.91, 1
955, 0.00, 18.91, 1
956, 0.00, 18.91, 1
957, 0.00, 18.91, 1
958, 0.00, 18.91, 1
959, 0.00, 18.91, 1
960, 0.00, 18.91, 201
961, 0.00, 18.91, 2
962, 0.00, 18.91, 1
963, 0.00, 18.91, 1
964, 0.00, 18.91, 1
965, 0.00, 18.91, 1
966, 0.00, 18.91, 1
967, 0.00, 18.91, 1
968, 0.00, 18.91, 1
969, 0.00, 18.91, 1
970, 0.00, 18.91, 1
971, 0.00, 18.91, 1
972, 0.00, 18.91, 1
973, 0.00, 18.91, 1
974, 0.00, 18.91, 1
975, 0.00, 18.91, 1
976, 0.00, 18.91, 201
977, 0.00, 18.91, 1
978, 0.00, 18.91, 1
979, 0.00, 18.91, 1
980, 0.00, 18.91, 1
981, 0.00, 18.91, 2
982, 0.00, 18.91, 6
983, 0.00, 18.91, 5
984, 0.00, 18.91, 1
985, 0.00, 18.91, 1
986, 0.00, 18.91, 1
987, 0.00, 18.91, 1
988, 0.00, 18.91, 1
989, 0.00, 18.91, 1
990, 0.00, 18.91, 2
991, 0.00, 18.91, 1
992, 0.00, 18.91, 201
993, 0.00, 18.91, 1
994, 0.00, 18.91, 1
995, 0.00, 18.91, 1
996, 0.00, 18.91, 1
997, 0.00, 18.91, 1
998, 0.00, 18.91, 1
999, 0.00, 18.91, 1
1000, 0.00, 18.91, 1
1001, 0.00, 18.91, 1
1002, 0.00, 18.91, 1
1003, 0.00, 18.91, 1
1004, 0.00, 18.91, 1
1005, 0.00, 18.91, 1
1006, 0.00, 18.91, 1
1007, 0.00, 18.91, 1
1008, 0.00, 18.92, 201
1009, 0.00, 18.92, 13
1010, 0.00, 18.92, 1
1011, 0.00, 18.92, 8
1012, 0.00, 18.92, 1
1013, 0.00, 18.92, 4
1014, 0.00, 18.92, 2
1015, 0.00, 18.92, 75
1016, 0.00, 18.92, 1
1017, 0.00, 18.92, 1
1018, 0.00, 18.92, 3
1019, 0.00, 18.92, 1
1020, 0.00, 18.92, 1
1021, 0.00, 18.92, 1
1022, 0.00, 18.92, 1
1023, 0.00, 18.92, 1
1024, 0.00, 18.92, 29
1025, 0.00, 18.92, 1
1026, 0.00, 18.92, 1
1027, 0.00, 18.92, 1
1028, 0.00, 18.92, 1
1029, 0.00, 18.92, 1
1087, 0.00, 18.92, 78
1148, 0.00, 18.92, 2
1156, 0.00, 18.92, 1
1180, 0.00, 18.92, 4
1181, 0.00, 18.92, 4
1194, 0.00, 18.92, 1
1201, 0.00, 18.92, 47
1213, 0.00, 18.92, 5
1214, 0.00, 18.92, 7
1215, 0.00, 18.92, 2
1216, 0.00, 18.92, 5
1217, 0.00, 18.92, 8
1218, 0.00, 18.92, 12
1219, 0.00, 18.92, 9
1220, 0.00, 18.92, 5
1221, 0.00, 18.92, 6
1222, 0.00, 18.92, 7
1223, 0.00, 18.92, 11
1224, 0.00, 18.92, 6
1225, 0.00, 18.92, 10
1226, 0.00, 18.92, 8
1227, 0.00, 18.92, 7
1228, 0.00, 18.92, 36
1236, 0.00, 18.92, 7
1237, 0.00, 18.92, 6
1238, 0.00, 18.92, 8
1239, 0.00, 18.92, 2
1240, 0.00, 18.92, 7
1241, 0.00, 18.92, 7
1242, 0.00, 18.92, 1
1243, 0.00, 18.92, 7
1244, 0.00, 18.92, 7
1245, 0.00, 18.92, 7
1246, 0.00, 18.92, 6
1247, 0.00, 18.92, 6
1248, 0.00, 18.92, 2
1249, 0.00, 18.92, 6
1250, 0.00, 18.92, 8
1251, 0.00, 18.93, 33
1255, 0.00, 18.93, 1
1260, 0.00, 18.93, 1
1270, 0.00, 18.93, 1
1271, 0.00, 18.93, 1
1280, 0.00, 18.93, 8
1283, 0.00, 18.93, 1
1288, 0.00, 18.93, 1
1307, 0.00, 18.93, 1
1318, 0.00, 18.93, 1
1323, 0.00, 18.93, 4
1324, 0.00, 18.93, 2
1325, 0.00, 18.93, 1
1326, 0.00, 18.93, 1
1327, 0.00, 18.93, 1
1328, 0.00, 18.93, 1
1329, 0.00, 18.93, 1
1330, 0.00, 18.93, 1
1331, 0.00, 18.93, 1
1332, 0.00, 18.93, 32
1333, 0.00, 18.93, 19
1335, 0.00, 18.93, 1
1338, 0.00, 18.93, 34
1340, 0.00, 18.93, 65
1342, 0.00, 18.93, 14
1346, 0.00, 18.93, 1
1351, 0.00, 18.93, 1
1365, 0.00, 18.93, 1
1366, 0.00, 18.93, 1
1376, 0.00, 18.93, 1
1393, 0.00, 18.93, 44
1395, 0.00, 18.93, 65
1397, 0.00, 18.93, 17
1398, 0.00, 18.93, 8
1399, 0.00, 18.93, 14
1427, 0.00, 18.93, 1
1517, 0.00, 18.93, 1
1524, 0.00, 18.93, 1
1527, 0.00, 18.93, 8
1528, 0.00, 18.93, 14
1530, 0.00, 18.93, 80
1532, 0.00, 18.93, 13
1533, 0.00, 18.93, 11
1535, 0.00, 18.93, 84
1536, 0.00, 18.93, 1
1537, 0.00, 18.93, 13
1538, 0.00, 18.93, 4
1545, 0.00, 18.93, 1
1607, 0.00, 18.93, 1
1629, 0.00, 18.93, 22
1630, 0.00, 18.93, 17
1631, 0.00, 18.93, 10
1632, 0.00, 18.93, 6
1633, 0.00, 18.93, 3
1635, 0.00, 18.93, 1
1650, 0.00, 18.93, 1
1653, 0.00, 18.93, 1
1741, 0.00, 18.93, 1
1947, 0.00, 18.93, 1
1987, 0.00, 18.93, 16
1989, 0.00, 18.94, 107
1991, 0.00, 18.94, 1
2000, 0.00, 18.94, 21
2002, 0.00, 18.94, 65
2004, 0.00, 18.94, 24
2006, 0.00, 18.94, 65
2008, 0.00, 18.94, 24
2010, 0.00, 18.94, 65
2012, 0.00, 18.94, 18
2019, 0.00, 18.94, 1
2114, 0.00, 18.94, 17
2116, 0.00, 18.94, 2
2118, 0.00, 18.94, 113
2119, 0.00, 18.94, 5
2120, 0.00, 18.94, 21
2175, 0.00, 18.94, 32
2187, 0.00, 18.94, 1
2215, 0.00, 18.94, 1
2230, 0.00, 18.94, 1
2244, 0.00, 18.94, 1
2258, 0.00, 18.94, 1
2311, 0.00, 18.94, 1
2481, 0.00, 18.94, 1
2499, 0.00, 18.94, 6
2500, 0.00, 18.94, 3
2501, 0.00, 18.94, 8
2502, 0.00, 18.94, 5
2503, 0.00, 18.94, 5
2504, 0.00, 18.94, 3
2505, 0.00, 18.94, 15
2506, 0.00, 18.94, 4
2507, 0.00, 18.94, 6
2508, 0.00, 18.94, 18
2509, 0.00, 18.94, 7
2510, 0.00, 18.94, 9
2511, 0.00, 18.94, 21
2512, 0.00, 18.94, 5
2513, 0.00, 18.94, 4
2514, 0.00, 18.94, 6
2534, 0.00, 18.94, 7
2535, 0.00, 18.94, 16
2537, 0.00, 18.94, 65
2539, 0.00, 18.94, 22
2540, 0.00, 18.95, 7
2541, 0.00, 18.95, 2
2545, 0.00, 18.95, 1
2560, 0.00, 18.95, 2
2573, 0.00, 18.95, 1
2582, 0.00, 18.95, 1
2610, 0.00, 18.95, 1
2784, 0.00, 18.95, 1
2998, 0.00, 18.95, 26
3000, 0.00, 18.95, 65
3002, 0.00, 18.95, 35
3004, 0.00, 18.95, 65
3006, 0.00, 18.95, 29
3008, 0.00, 18.95, 65
3010, 0.00, 18.95, 25
3012, 0.00, 18.95, 65
3014, 0.00, 18.95, 18
3071, 0.00, 18.95, 3
3078, 0.00, 18.95, 1
3082, 0.00, 18.95, 1
3110, 0.00, 18.95, 1
3187, 0.00, 18.95, 1
3190, 0.00, 18.95, 13
3192, 0.00, 18.95, 39
3194, 0.00, 18.95, 25
3196, 0.00, 18.95, 39
3198, 0.00, 18.95, 25
3200, 0.00, 18.95, 39
3202, 0.00, 18.95, 25
3204, 0.00, 18.95, 39
3206, 0.00, 18.96, 125
3215, 0.00, 18.96, 1
3583, 0.00, 18.96, 13
3585, 0.00, 18.96, 39
3587, 0.00, 18.96, 57
3589, 0.00, 18.96, 65
3591, 0.00, 18.96, 30
3592, 0.00, 18.96, 1
3593, 0.00, 18.96, 65
3595, 0.00, 18.96, 17
3596, 0.00, 18.96, 8
3597, 0.00, 18.96, 6
3598, 0.00, 18.96, 9
3599, 0.00, 18.96, 17
3601, 0.00, 18.96, 65
3603, 0.00, 18.96, 17
3620, 0.00, 18.96, 1
4096, 0.14, 19.10, 10200
4351, 0.00, 19.10, 11
4387, 0.00, 19.10, 1
4596, 0.00, 19.10, 1
4846, 0.00, 19.10, 1
5430, 0.00, 19.10, 17
5432, 0.00, 19.10, 39
5434, 0.00, 19.10, 23
5436, 0.00, 19.10, 39
5438, 0.00, 19.10, 23
5439, 0.00, 19.10, 1
5440, 0.00, 19.10, 39
5442, 0.00, 19.10, 23
5444, 0.00, 19.10, 39
5446, 0.00, 19.10, 23
5448, 0.00, 19.10, 39
5450, 0.00, 19.10, 33
5452, 0.00, 19.10, 39
5454, 0.00, 19.11, 197
5467, 0.00, 19.11, 1
6143, 0.00, 19.11, 1
6900, 0.00, 19.11, 56
6902, 0.00, 19.11, 65
6904, 0.00, 19.11, 25
6906, 0.00, 19.11, 65
6908, 0.00, 19.11, 24
6910, 0.00, 19.11, 65
6912, 0.00, 19.11, 24
6914, 0.00, 19.11, 65
6916, 0.00, 19.11, 24
6918, 0.00, 19.11, 65
6920, 0.00, 19.11, 27
6922, 0.00, 19.11, 65
6924, 0.00, 19.11, 27
6926, 0.00, 19.11, 65
6928, 0.00, 19.12, 27
6930, 0.00, 19.12, 65
6932, 0.00, 19.12, 24
6933, 0.00, 19.12, 1
6934, 0.00, 19.12, 65
6936, 0.00, 19.12, 24
6938, 0.00, 19.12, 65
6940, 0.00, 19.12, 29
6961, 0.00, 19.12, 1
7018, 0.00, 19.12, 1
8192, 0.14, 19.26, 10200
8703, 0.00, 19.26, 6
10633, 0.00, 19.26, 1
12184, 0.00, 19.26, 3
14116, 0.00, 19.26, 3
14370, 0.00, 19.26, 8
14371, 0.00, 19.26, 3
14372, 0.00, 19.26, 3
14373, 0.00, 19.26, 7
14374, 0.00, 19.26, 8
14375, 0.00, 19.26, 2
14376, 0.00, 19.26, 24
14377, 0.00, 19.26, 8
14378, 0.00, 19.26, 13
14379, 0.00, 19.26, 8
14380, 0.00, 19.26, 9
14381, 0.00, 19.26, 6
14382, 0.00, 19.26, 5
14383, 0.00, 19.26, 17
14384, 0.00, 19.26, 8
14385, 0.00, 19.26, 35
14386, 0.00, 19.26, 9
14387, 0.00, 19.26, 10
14388, 0.00, 19.26, 2
14389, 0.00, 19.26, 5
14390, 0.00, 19.26, 6
14392, 0.00, 19.26, 12
14393, 0.00, 19.26, 8
14394, 0.00, 19.26, 9
14395, 0.00, 19.26, 6
14396, 0.00, 19.26, 9
14397, 0.00, 19.26, 9
14398, 0.00, 19.26, 6
14399, 0.00, 19.26, 9
14400, 0.00, 19.26, 6
14401, 0.00, 19.26, 13
14402, 0.00, 19.26, 7
14403, 0.00, 19.26, 4
14404, 0.00, 19.26, 10
14405, 0.00, 19.26, 9
14406, 0.00, 19.26, 6
14407, 0.00, 19.26, 1
14408, 0.00, 19.26, 4
14409, 0.00, 19.26, 7
14410, 0.00, 19.26, 6
14411, 0.00, 19.26, 6
14412, 0.00, 19.26, 4
14413, 0.00, 19.26, 6
14414, 0.00, 19.26, 9
14415, 0.00, 19.26, 22
14416, 0.00, 19.26, 22
14417, 0.00, 19.26, 9
14418, 0.00, 19.26, 6
14419, 0.00, 19.26, 10
14420, 0.00, 19.26, 10
14421, 0.00, 19.26, 33
14423, 0.00, 19.26, 65
14425, 0.00, 19.26, 13
14426, 0.00, 19.26, 22
14427, 0.00, 19.26, 27
14428, 0.00, 19.26, 26
14429, 0.00, 19.27, 22
14430, 0.00, 19.27, 72
14431, 0.00, 19.27, 31
14432, 0.00, 19.27, 12
14433, 0.00, 19.27, 17
14434, 0.00, 19.27, 24
14435, 0.00, 19.27, 11
14436, 0.00, 19.27, 24
14437, 0.00, 19.27, 8
14438, 0.00, 19.27, 12
14439, 0.00, 19.27, 8
14440, 0.00, 19.27, 2
14441, 0.00, 19.27, 4
14442, 0.00, 19.27, 14
14443, 0.00, 19.27, 6
14444, 0.00, 19.27, 7
14445, 0.00, 19.27, 4
14446, 0.00, 19.27, 19
14447, 0.00, 19.27, 8
14448, 0.00, 19.27, 2
14449, 0.00, 19.27, 4
14450, 0.00, 19.27, 14
14451, 0.00, 19.27, 6
14452, 0.00, 19.27, 7
14453, 0.00, 19.27, 4
14454, 0.00, 19.27, 17
14455, 0.00, 19.27, 20
14456, 0.00, 19.27, 7
14457, 0.00, 19.27, 4
14458, 0.00, 19.27, 10
14459, 0.00, 19.27, 2
14460, 0.00, 19.27, 11
14461, 0.00, 19.27, 8
14462, 0.00, 19.27, 8
14463, 0.00, 19.27, 7
14464, 0.00, 19.27, 7
14465, 0.00, 19.27, 35
17407, 0.00, 19.27, 1
58692, 0.00, 19.27, 1
Scalar Alloc
13248.00K, 372.00M
0, 2.87, 2.87, 380283
1, 22.37, 25.24, 0x002d37fc
2, 23.80, 49.04, 0x00301e07
3, 23.22, 72.26, 0x002eefdf
4, 15.83, 88.09, 0x002002a7
5, 9.26, 97.36, 0x0012b949
6, 1.22, 98.58, 161585
7, 0.64, 99.22, 84949
8, 1.08, 100.30, 143271
9, 0.47, 100.77, 62380
10, 0.08, 100.85, 10995
11, 0.12, 100.97, 15538
12, 1.11, 102.08, 147415
13, 0.33, 102.41, 43113
14, 0.05, 102.46, 6979
15, 0.00, 102.46, 262
17, 0.05, 102.51, 6797
19, 0.08, 102.59, 10559
23, 0.05, 102.64, 6786
24, 0.08, 102.72, 10038
29, 0.00, 102.72, 34
32, 0.03, 102.75, 4225
33, 0.03, 102.78, 3378
34, 0.03, 102.80, 3394
43, 0.03, 102.83, 3399
45, 0.03, 102.85, 3397
46, 0.00, 102.85, 1
